snps in file 453048 pops 26
ACB:0.041 ASW:0.055 BEB:0.013 CDX:0.037 CEU:0.003 CHB:0.053 CHS:0.039 CLM:0.055 ESN:0.052 FIN:0.055 GBR:0.020 GIH:0.022 GWD:0.049 IBS:0.059 ITU:0.055 JPT:0.018 KHV:0.041 LWK:0.020 MSL:0.041 MXL:0.017 PEL:0.057 PJL:0.017 PUR:0.028 STU:0.046 TSI:0.053 YRI:0.055  initial sol -nan
calculating derivative for 0: 0.041435 bounds:1 [0.000000-1.000000] 17354.820739 225577.715410
calculating derivative for 1: 0.054908 bounds:1 [0.000000-1.000000] 12683.434761 225577.715410
calculating derivative for 2: 0.012828 bounds:1 [0.000000-1.000000] -6282.317918 225577.715410
calculating derivative for 3: 0.036615 bounds:1 [0.000000-1.000000] 7966.204430 225577.715410
calculating derivative for 4: 0.002693 bounds:1 [0.000000-1.000000] -26591.817732 225577.715410
calculating derivative for 5: 0.052778 bounds:1 [0.000000-1.000000] 7738.718705 225577.715410
calculating derivative for 6: 0.038687 bounds:1 [0.000000-1.000000] 8015.660569 225577.715410
calculating derivative for 7: 0.055355 bounds:1 [0.000000-1.000000] -14495.354844 225577.715410
calculating derivative for 8: 0.052288 bounds:1 [0.000000-1.000000] 23274.900741 225577.715410
calculating derivative for 9: 0.055052 bounds:1 [0.000000-1.000000] -23096.938094 225577.715410
calculating derivative for 10: 0.020377 bounds:1 [0.000000-1.000000] -26512.128534 225577.715410
calculating derivative for 11: 0.022259 bounds:1 [0.000000-1.000000] -10217.796080 225577.715410
calculating derivative for 12: 0.049394 bounds:1 [0.000000-1.000000] 21902.838489 225577.715410
calculating derivative for 13: 0.058946 bounds:1 [0.000000-1.000000] -26731.537946 225577.715410
calculating derivative for 14: 0.055409 bounds:1 [0.000000-1.000000] -7770.989032 225577.715410
calculating derivative for 15: 0.017944 bounds:1 [0.000000-1.000000] 7858.770550 225577.715410
calculating derivative for 16: 0.040726 bounds:1 [0.000000-1.000000] 7636.733062 225577.715410
calculating derivative for 17: 0.019741 bounds:1 [0.000000-1.000000] 20219.916769 225577.715410
calculating derivative for 18: 0.040600 bounds:1 [0.000000-1.000000] 22916.810121 225577.715410
calculating derivative for 19: 0.017093 bounds:1 [0.000000-1.000000] -9315.906209 225577.715410
calculating derivative for 20: 0.057013 bounds:1 [0.000000-1.000000] -1472.540316 225577.715410
calculating derivative for 21: 0.016773 bounds:1 [0.000000-1.000000] -10969.345749 225577.715410
calculating derivative for 22: 0.027703 bounds:1 [0.000000-1.000000] -15838.880790 225577.715410
calculating derivative for 23: 0.045978 bounds:1 [0.000000-1.000000] -7299.441495 225577.715410
calculating derivative for 24: 0.052771 bounds:1 [0.000000-1.000000] -29757.320590 225577.715410
calculating derivative for 25: 0.054635 bounds:1 [0.000000-1.000000] 23170.458735 225577.715410
RUNNING THE L-BFGS-B CODE

	* * *

Machine precision = 2.220446e-16
 N = 26, M = 20
ITERATION 0
calculating derivative for 0: 0.041435 bounds:1 [0.000000-1.000000] 17354.817828 225577.715410
calculating derivative for 1: 0.054908 bounds:1 [0.000000-1.000000] 12683.434761 225577.715410
calculating derivative for 2: 0.012828 bounds:1 [0.000000-1.000000] -6282.315007 225577.715410
calculating derivative for 3: 0.036615 bounds:1 [0.000000-1.000000] 7966.205885 225577.715410
calculating derivative for 4: 0.002693 bounds:1 [0.000000-1.000000] -26591.816277 225577.715410
calculating derivative for 5: 0.052778 bounds:1 [0.000000-1.000000] 7738.715794 225577.715410
calculating derivative for 6: 0.038687 bounds:1 [0.000000-1.000000] 8015.662024 225577.715410
calculating derivative for 7: 0.055355 bounds:1 [0.000000-1.000000] -14495.357755 225577.715410
calculating derivative for 8: 0.052288 bounds:1 [0.000000-1.000000] 23274.903651 225577.715410
calculating derivative for 9: 0.055052 bounds:1 [0.000000-1.000000] -23096.938094 225577.715410
calculating derivative for 10: 0.020377 bounds:1 [0.000000-1.000000] -26512.128534 225577.715410
calculating derivative for 11: 0.022259 bounds:1 [0.000000-1.000000] -10217.798990 225577.715410
calculating derivative for 12: 0.049394 bounds:1 [0.000000-1.000000] 21902.839944 225577.715410
calculating derivative for 13: 0.058946 bounds:1 [0.000000-1.000000] -26731.536491 225577.715410
calculating derivative for 14: 0.055409 bounds:1 [0.000000-1.000000] -7770.986122 225577.715410
calculating derivative for 15: 0.017944 bounds:1 [0.000000-1.000000] 7858.769095 225577.715410
calculating derivative for 16: 0.040726 bounds:1 [0.000000-1.000000] 7636.731607 225577.715410
calculating derivative for 17: 0.019741 bounds:1 [0.000000-1.000000] 20219.916769 225577.715410
calculating derivative for 18: 0.040600 bounds:1 [0.000000-1.000000] 22916.811577 225577.715410
calculating derivative for 19: 0.017093 bounds:1 [0.000000-1.000000] -9315.907664 225577.715410
calculating derivative for 20: 0.057013 bounds:1 [0.000000-1.000000] -1472.540316 225577.715410
calculating derivative for 21: 0.016773 bounds:1 [0.000000-1.000000] -10969.345749 225577.715410
calculating derivative for 22: 0.027703 bounds:1 [0.000000-1.000000] -15838.879335 225577.715410
calculating derivative for 23: 0.045978 bounds:1 [0.000000-1.000000] -7299.441495 225577.715410
calculating derivative for 24: 0.052771 bounds:1 [0.000000-1.000000] -29757.320590 225577.715410
calculating derivative for 25: 0.054635 bounds:1 [0.000000-1.000000] 23170.457280 225577.715410
0.041 0.055 0.013 0.037 0.003 0.053 0.039 0.055 0.052 0.055 0.020 0.022 0.049 0.059 0.055 0.018 0.041 0.020 0.041 0.017 0.057 0.017 0.028 0.046 0.053 0.055 likelihood = 225577.71541014 iter 0
At iteration 0 f=225577.715410	|proj g| = 2.975732e+04
calculating derivative for 0: 0.041434 bounds:1 [0.000000-1.000000] 3233.876487 214324.501183
calculating derivative for 1: 0.054907 bounds:1 [0.000000-1.000000] 2802.396193 214324.501183
calculating derivative for 2: 0.106779 bounds:1 [0.000000-1.000000] 1303.901081 214324.501183
calculating derivative for 3: 0.036614 bounds:1 [0.000000-1.000000] 2682.198829 214324.501183
calculating derivative for 4: 0.400367 bounds:1 [0.000000-1.000000] -1121.131936 214324.501183
calculating derivative for 5: 0.052777 bounds:1 [0.000000-1.000000] 2677.332668 214324.501183
calculating derivative for 6: 0.038687 bounds:1 [0.000000-1.000000] 2696.413139 214324.501183
calculating derivative for 7: 0.272129 bounds:1 [0.000000-1.000000] 194.965105 214324.501183
calculating derivative for 8: 0.052287 bounds:1 [0.000000-1.000000] 3837.437544 214324.501183
calculating derivative for 9: 0.400462 bounds:1 [0.000000-1.000000] -601.183274 214324.501183
calculating derivative for 10: 0.416860 bounds:1 [0.000000-1.000000] -1098.854409 214324.501183
calculating derivative for 11: 0.175064 bounds:1 [0.000000-1.000000] 837.144034 214324.501183
calculating derivative for 12: 0.049394 bounds:1 [0.000000-1.000000] 3685.330739 214324.501183
calculating derivative for 13: 0.458710 bounds:1 [0.000000-1.000000] -1310.741936 214324.501183
calculating derivative for 14: 0.171622 bounds:1 [0.000000-1.000000] 1118.915679 214324.501183
calculating derivative for 15: 0.017944 bounds:1 [0.000000-1.000000] 2744.069207 214324.501183
calculating derivative for 16: 0.040726 bounds:1 [0.000000-1.000000] 2659.304300 214324.501183
calculating derivative for 17: 0.019740 bounds:1 [0.000000-1.000000] 3482.369357 214324.501183
calculating derivative for 18: 0.040599 bounds:1 [0.000000-1.000000] 3782.176645 214324.501183
calculating derivative for 19: 0.156411 bounds:1 [0.000000-1.000000] 944.030762 214324.501183
calculating derivative for 20: 0.079035 bounds:1 [0.000000-1.000000] 1950.464502 214324.501183
calculating derivative for 21: 0.180817 bounds:1 [0.000000-1.000000] 758.057286 214324.501183
calculating derivative for 22: 0.264570 bounds:1 [0.000000-1.000000] -76.394645 214324.501183
calculating derivative for 23: 0.155139 bounds:1 [0.000000-1.000000] 1179.333776 214324.501183
calculating derivative for 24: 0.497785 bounds:1 [0.000000-1.000000] -1984.185656 214324.501183
calculating derivative for 25: 0.054634 bounds:1 [0.000000-1.000000] 3826.957254 214324.501183
0.041 0.055 0.107 0.037 0.400 0.053 0.039 0.272 0.052 0.400 0.417 0.175 0.049 0.459 0.172 0.018 0.041 0.020 0.041 0.156 0.079 0.181 0.265 0.155 0.498 0.055 likelihood = 214324.50118315 iter 1
calculating derivative for 0: 0.012284 bounds:1 [0.000000-1.000000] 2869.880700 213138.607146
calculating derivative for 1: 0.029036 bounds:1 [0.000000-1.000000] 2545.885218 213138.607146
calculating derivative for 2: 0.088217 bounds:1 [0.000000-1.000000] 1612.259075 213138.607146
calculating derivative for 3: 0.010773 bounds:1 [0.000000-1.000000] 2803.970710 213138.607146
calculating derivative for 4: 0.390881 bounds:1 [0.000000-1.000000] -718.462979 213138.607146
calculating derivative for 5: 0.026928 bounds:1 [0.000000-1.000000] 2815.287735 213138.607146
calculating derivative for 6: 0.012710 bounds:1 [0.000000-1.000000] 2826.970012 213138.607146
calculating derivative for 7: 0.258572 bounds:1 [0.000000-1.000000] 499.298039 213138.607146
calculating derivative for 8: 0.018391 bounds:1 [0.000000-1.000000] 3375.747474 213138.607146
calculating derivative for 9: 0.388345 bounds:1 [0.000000-1.000000] -165.229721 213138.607146
calculating derivative for 10: 0.407205 bounds:1 [0.000000-1.000000] -688.707223 213138.607146
calculating derivative for 11: 0.158228 bounds:1 [0.000000-1.000000] 1166.477159 213138.607146
calculating derivative for 12: 0.016724 bounds:1 [0.000000-1.000000] 3242.025559 213138.607146
calculating derivative for 13: 0.451084 bounds:1 [0.000000-1.000000] -963.461935 213138.607146
calculating derivative for 14: 0.153801 bounds:1 [0.000000-1.000000] 1436.298771 213138.607146
calculating derivative for 15: 0.000000 bounds:1 [0.000000-1.000000] 2898.412640 213138.607146
calculating derivative for 16: 0.015037 bounds:1 [0.000000-1.000000] 2789.602149 213138.607146
calculating derivative for 17: 0.000000 bounds:1 [0.000000-1.000000] 3056.172864 213138.607146
calculating derivative for 18: 0.007185 bounds:1 [0.000000-1.000000] 3315.189679 213138.607146
calculating derivative for 19: 0.139180 bounds:1 [0.000000-1.000000] 1284.241443 213138.607146
calculating derivative for 20: 0.057572 bounds:1 [0.000000-1.000000] 2306.530951 213138.607146
calculating derivative for 21: 0.164206 bounds:1 [0.000000-1.000000] 1093.558967 213138.607146
calculating derivative for 22: 0.252767 bounds:1 [0.000000-1.000000] 164.961966 213138.607146
calculating derivative for 23: 0.137065 bounds:1 [0.000000-1.000000] 1494.988101 213138.607146
calculating derivative for 24: 0.494759 bounds:1 [0.000000-1.000000] -1734.546095 213138.607146
calculating derivative for 25: 0.020819 bounds:1 [0.000000-1.000000] 3367.351019 213138.607146
0.012 0.029 0.088 0.011 0.391 0.027 0.013 0.259 0.018 0.388 0.407 0.158 0.017 0.451 0.154 0.000 0.015 0.000 0.007 0.139 0.058 0.164 0.253 0.137 0.495 0.021 likelihood = 213138.60714562 iter 2
calculating derivative for 0: 0.000000 bounds:1 [0.000000-1.000000] 2397.221397 212568.926624
calculating derivative for 1: 0.011135 bounds:1 [0.000000-1.000000] 2166.807826 212568.926624
calculating derivative for 2: 0.076275 bounds:1 [0.000000-1.000000] 1700.816210 212568.926624
calculating derivative for 3: 0.000000 bounds:1 [0.000000-1.000000] 2715.326264 212568.926624
calculating derivative for 4: 0.390603 bounds:1 [0.000000-1.000000] -480.577000 212568.926624
calculating derivative for 5: 0.008289 bounds:1 [0.000000-1.000000] 2737.779869 212568.926624
calculating derivative for 6: 0.000000 bounds:1 [0.000000-1.000000] 2744.654194 212568.926624
calculating derivative for 7: 0.252377 bounds:1 [0.000000-1.000000] 618.612103 212568.926624
calculating derivative for 8: 0.000000 bounds:1 [0.000000-1.000000] 2808.257705 212568.926624
calculating derivative for 9: 0.385198 bounds:1 [0.000000-1.000000] 82.883344 212568.926624
calculating derivative for 10: 0.406770 bounds:1 [0.000000-1.000000] -445.684418 212568.926624
calculating derivative for 11: 0.148517 bounds:1 [0.000000-1.000000] 1284.608152 212568.926624
calculating derivative for 12: 0.000000 bounds:1 [0.000000-1.000000] 2693.783608 212568.926624
calculating derivative for 13: 0.452274 bounds:1 [0.000000-1.000000] -761.107367 212568.926624
calculating derivative for 14: 0.142761 bounds:1 [0.000000-1.000000] 1537.226490 212568.926624
calculating derivative for 15: 0.000000 bounds:1 [0.000000-1.000000] 2836.709609 212568.926624
calculating derivative for 16: 0.000000 bounds:1 [0.000000-1.000000] 2706.926898 212568.926624
calculating derivative for 17: 0.000000 bounds:1 [0.000000-1.000000] 2536.841203 212568.926624
calculating derivative for 18: 0.000000 bounds:1 [0.000000-1.000000] 2747.061080 212568.926624
calculating derivative for 19: 0.128920 bounds:1 [0.000000-1.000000] 1405.700459 212568.926624
calculating derivative for 20: 0.042176 bounds:1 [0.000000-1.000000] 2402.115206 212568.926624
calculating derivative for 21: 0.154843 bounds:1 [0.000000-1.000000] 1220.572449 212568.926624
calculating derivative for 22: 0.248314 bounds:1 [0.000000-1.000000] 247.104617 212568.926624
calculating derivative for 23: 0.125723 bounds:1 [0.000000-1.000000] 1593.600609 212568.926624
calculating derivative for 24: 0.500216 bounds:1 [0.000000-1.000000] -1587.987936 212568.926624
calculating derivative for 25: 0.000000 bounds:1 [0.000000-1.000000] 2802.969539 212568.926624
0.000 0.011 0.076 0.000 0.391 0.008 0.000 0.252 0.000 0.385 0.407 0.149 0.000 0.452 0.143 0.000 0.000 0.000 0.000 0.129 0.042 0.155 0.248 0.126 0.500 0.000 likelihood = 212568.92662410 iter 3
calculating derivative for 0: 0.000000 bounds:1 [0.000000-1.000000] 2313.998993 212025.573868
calculating derivative for 1: 0.000000 bounds:1 [0.000000-1.000000] 2102.711005 212025.573868
calculating derivative for 2: 0.037294 bounds:1 [0.000000-1.000000] 1521.590457 212025.573868
calculating derivative for 3: 0.000000 bounds:1 [0.000000-1.000000] 2386.517008 212025.573868
calculating derivative for 4: 0.428287 bounds:1 [0.000000-1.000000] -205.481774 212025.573868
calculating derivative for 5: 0.000000 bounds:1 [0.000000-1.000000] 2407.337888 212025.573868
calculating derivative for 6: 0.000000 bounds:1 [0.000000-1.000000] 2411.098103 212025.573868
calculating derivative for 7: 0.248824 bounds:1 [0.000000-1.000000] 678.388460 212025.573868
calculating derivative for 8: 0.000000 bounds:1 [0.000000-1.000000] 2680.948819 212025.573868
calculating derivative for 9: 0.405966 bounds:1 [0.000000-1.000000] 313.505006 212025.573868
calculating derivative for 10: 0.443673 bounds:1 [0.000000-1.000000] -169.324630 212025.573868
calculating derivative for 11: 0.124303 bounds:1 [0.000000-1.000000] 1162.644185 212025.573868
calculating derivative for 12: 0.000000 bounds:1 [0.000000-1.000000] 2575.630788 212025.573868
calculating derivative for 13: 0.496363 bounds:1 [0.000000-1.000000] -484.581687 212025.573868
calculating derivative for 14: 0.109608 bounds:1 [0.000000-1.000000] 1371.162944 212025.573868
calculating derivative for 15: 0.000000 bounds:1 [0.000000-1.000000] 2504.914301 212025.573868
calculating derivative for 16: 0.000000 bounds:1 [0.000000-1.000000] 2380.876685 212025.573868
calculating derivative for 17: 0.000000 bounds:1 [0.000000-1.000000] 2419.576049 212025.573868
calculating derivative for 18: 0.000000 bounds:1 [0.000000-1.000000] 2620.634041 212025.573868
calculating derivative for 19: 0.101202 bounds:1 [0.000000-1.000000] 1323.845936 212025.573868
calculating derivative for 20: 0.000000 bounds:1 [0.000000-1.000000] 2138.112905 212025.573868
calculating derivative for 21: 0.133065 bounds:1 [0.000000-1.000000] 1128.493750 212025.573868
calculating derivative for 22: 0.253926 bounds:1 [0.000000-1.000000] 369.621557 212025.573868
calculating derivative for 23: 0.090633 bounds:1 [0.000000-1.000000] 1421.975321 212025.573868
calculating derivative for 24: 0.566569 bounds:1 [0.000000-1.000000] -1325.496123 212025.573868
calculating derivative for 25: 0.000000 bounds:1 [0.000000-1.000000] 2677.444718 212025.573868
0.000 0.000 0.037 0.000 0.428 0.000 0.000 0.249 0.000 0.406 0.444 0.124 0.000 0.496 0.110 0.000 0.000 0.000 0.000 0.101 0.000 0.133 0.254 0.091 0.567 0.000 likelihood = 212025.57386764 iter 4
calculating derivative for 0: 0.000000 bounds:1 [0.000000-1.000000] 1711.558434 211126.092982
calculating derivative for 1: 0.000000 bounds:1 [0.000000-1.000000] 1580.370008 211126.092982
calculating derivative for 2: 0.000000 bounds:1 [0.000000-1.000000] 659.193029 211126.092982
calculating derivative for 3: 0.000000 bounds:1 [0.000000-1.000000] 1236.810931 211126.092982
calculating derivative for 4: 0.570571 bounds:1 [0.000000-1.000000] 212.978921 211126.092982
calculating derivative for 5: 0.000000 bounds:1 [0.000000-1.000000] 1265.408355 211126.092982
calculating derivative for 6: 0.000000 bounds:1 [0.000000-1.000000] 1261.249417 211126.092982
calculating derivative for 7: 0.205045 bounds:1 [0.000000-1.000000] 564.465881 211126.092982
calculating derivative for 8: 0.000000 bounds:1 [0.000000-1.000000] 1952.153980 211126.092982
calculating derivative for 9: 0.456936 bounds:1 [0.000000-1.000000] 573.038415 211126.092982
calculating derivative for 10: 0.580603 bounds:1 [0.000000-1.000000] 247.506250 211126.092982
calculating derivative for 11: 0.015539 bounds:1 [0.000000-1.000000] 430.007640 211126.092982
calculating derivative for 12: 0.000000 bounds:1 [0.000000-1.000000] 1875.078306 211126.092982
calculating derivative for 13: 0.678302 bounds:1 [0.000000-1.000000] -33.773540 211126.092982
calculating derivative for 14: 0.000000 bounds:1 [0.000000-1.000000] 512.503902 211126.092982
calculating derivative for 15: 0.000000 bounds:1 [0.000000-1.000000] 1348.089427 211126.092982
calculating derivative for 16: 0.000000 bounds:1 [0.000000-1.000000] 1234.430238 211126.092982
calculating derivative for 17: 0.000000 bounds:1 [0.000000-1.000000] 1730.481745 211126.092982
calculating derivative for 18: 0.000000 bounds:1 [0.000000-1.000000] 1903.684461 211126.092982
calculating derivative for 19: 0.000000 bounds:1 [0.000000-1.000000] 867.736526 211126.092982
calculating derivative for 20: 0.000000 bounds:1 [0.000000-1.000000] 1301.232260 211126.092982
calculating derivative for 21: 0.029044 bounds:1 [0.000000-1.000000] 484.200427 211126.092982
calculating derivative for 22: 0.244907 bounds:1 [0.000000-1.000000] 405.790342 211126.092982
calculating derivative for 23: 0.000000 bounds:1 [0.000000-1.000000] 555.452425 211126.092982
calculating derivative for 24: 0.894529 bounds:1 [0.000000-1.000000] -826.975156 211126.092982
calculating derivative for 25: 0.000000 bounds:1 [0.000000-1.000000] 1952.212187 211126.092982
0.000 0.000 0.000 0.000 0.571 0.000 0.000 0.205 0.000 0.457 0.581 0.016 0.000 0.678 0.000 0.000 0.000 0.000 0.000 0.000 0.000 0.029 0.245 0.000 0.895 0.000 likelihood = 211126.09298249 iter 5
calculating derivative for 0: 0.000000 bounds:1 [0.000000-1.000000] 1524.644904 210970.009186
calculating derivative for 1: 0.000000 bounds:1 [0.000000-1.000000] 1411.224366 210970.009186
calculating derivative for 2: 0.000000 bounds:1 [0.000000-1.000000] 543.115311 210970.009186
calculating derivative for 3: 0.000000 bounds:1 [0.000000-1.000000] 1042.438089 210970.009186
calculating derivative for 4: 0.606504 bounds:1 [0.000000-1.000000] 250.372977 210970.009186
calculating derivative for 5: 0.000000 bounds:1 [0.000000-1.000000] 1067.895209 210970.009186
calculating derivative for 6: 0.000000 bounds:1 [0.000000-1.000000] 1064.100070 210970.009186
calculating derivative for 7: 0.164595 bounds:1 [0.000000-1.000000] 501.320756 210970.009186
calculating derivative for 8: 0.000000 bounds:1 [0.000000-1.000000] 1733.811223 210970.009186
calculating derivative for 9: 0.445232 bounds:1 [0.000000-1.000000] 562.118657 210970.009186
calculating derivative for 10: 0.613008 bounds:1 [0.000000-1.000000] 283.618283 210970.009186
calculating derivative for 11: 0.000000 bounds:1 [0.000000-1.000000] 339.138205 210970.009186
calculating derivative for 12: 0.000000 bounds:1 [0.000000-1.000000] 1663.269359 210970.009186
calculating derivative for 13: 0.739690 bounds:1 [0.000000-1.000000] 23.173925 210970.009186
calculating derivative for 14: 0.000000 bounds:1 [0.000000-1.000000] 408.091000 210970.009186
calculating derivative for 15: 0.000000 bounds:1 [0.000000-1.000000] 1144.633279 210970.009186
calculating derivative for 16: 0.000000 bounds:1 [0.000000-1.000000] 1041.541691 210970.009186
calculating derivative for 17: 0.000000 bounds:1 [0.000000-1.000000] 1529.007568 210970.009186
calculating derivative for 18: 0.000000 bounds:1 [0.000000-1.000000] 1688.653720 210970.009186
calculating derivative for 19: 0.000000 bounds:1 [0.000000-1.000000] 756.329973 210970.009186
calculating derivative for 20: 0.000000 bounds:1 [0.000000-1.000000] 1109.813456 210970.009186
calculating derivative for 21: 0.000000 bounds:1 [0.000000-1.000000] 397.438998 210970.009186
calculating derivative for 22: 0.222090 bounds:1 [0.000000-1.000000] 373.159128 210970.009186
calculating derivative for 23: 0.000000 bounds:1 [0.000000-1.000000] 447.177445 210970.009186
calculating derivative for 24: 1.045602 bounds:1 [0.000000-1.000000] -725.025893 210970.009186
calculating derivative for 25: 0.000000 bounds:1 [0.000000-1.000000] 1734.987018 210970.009186
0.000 0.000 0.000 0.000 0.607 0.000 0.000 0.165 0.000 0.445 0.613 0.000 0.000 0.740 0.000 0.000 0.000 0.000 0.000 0.000 0.000 0.000 0.222 0.000 1.046 0.000 likelihood = 210970.00918588 iter 6
calculating derivative for 0: 0.000000 bounds:1 [0.000000-1.000000] 1116.545172 210624.047426
calculating derivative for 1: 0.000000 bounds:1 [0.000000-1.000000] 1040.095231 210624.047426
calculating derivative for 2: 0.000000 bounds:1 [0.000000-1.000000] 422.773883 210624.047426
calculating derivative for 3: 0.000000 bounds:1 [0.000000-1.000000] 723.419362 210624.047426
calculating derivative for 4: 0.688412 bounds:1 [0.000000-1.000000] 295.018253 210624.047426
calculating derivative for 5: 0.000000 bounds:1 [0.000000-1.000000] 734.714558 210624.047426
calculating derivative for 6: 0.000000 bounds:1 [0.000000-1.000000] 734.685455 210624.047426
calculating derivative for 7: 0.024960 bounds:1 [0.000000-1.000000] 348.054164 210624.047426
calculating derivative for 8: 0.000000 bounds:1 [0.000000-1.000000] 1263.336162 210624.047426
calculating derivative for 9: 0.377909 bounds:1 [0.000000-1.000000] 497.970905 210624.047426
calculating derivative for 10: 0.682990 bounds:1 [0.000000-1.000000] 323.979475 210624.047426
calculating derivative for 11: 0.000000 bounds:1 [0.000000-1.000000] 274.562626 210624.047426
calculating derivative for 12: 0.000000 bounds:1 [0.000000-1.000000] 1205.131412 210624.047426
calculating derivative for 13: 0.905874 bounds:1 [0.000000-1.000000] 115.073635 210624.047426
calculating derivative for 14: 0.000000 bounds:1 [0.000000-1.000000] 320.607796 210624.047426
calculating derivative for 15: 0.000000 bounds:1 [0.000000-1.000000] 802.279101 210624.047426
calculating derivative for 16: 0.000000 bounds:1 [0.000000-1.000000] 724.050915 210624.047426
calculating derivative for 17: 0.000000 bounds:1 [0.000000-1.000000] 1099.269139 210624.047426
calculating derivative for 18: 0.000000 bounds:1 [0.000000-1.000000] 1224.034349 210624.047426
calculating derivative for 19: 0.000000 bounds:1 [0.000000-1.000000] 518.982415 210624.047426
calculating derivative for 20: 0.000000 bounds:1 [0.000000-1.000000] 707.988511 210624.047426
calculating derivative for 21: 0.000000 bounds:1 [0.000000-1.000000] 331.795309 210624.047426
calculating derivative for 22: 0.137405 bounds:1 [0.000000-1.000000] 280.747190 210624.047426
calculating derivative for 23: 0.000000 bounds:1 [0.000000-1.000000] 351.777999 210624.047426
calculating derivative for 24: 1.507771 bounds:1 [0.000000-1.000000] -507.157529 210624.047426
calculating derivative for 25: 0.000000 bounds:1 [0.000000-1.000000] 1266.025356 210624.047426
0.000 0.000 0.000 0.000 0.688 0.000 0.000 0.025 0.000 0.378 0.683 0.000 0.000 0.906 0.000 0.000 0.000 0.000 0.000 0.000 0.000 0.000 0.137 0.000 1.508 0.000 likelihood = 210624.04742626 iter 7
calculating derivative for 0: 0.000000 bounds:1 [0.000000-1.000000] 725.753489 210317.240641
calculating derivative for 1: 0.000000 bounds:1 [0.000000-1.000000] 681.012170 210317.240641
calculating derivative for 2: 0.000000 bounds:1 [0.000000-1.000000] 311.460462 210317.240641
calculating derivative for 3: 0.000000 bounds:1 [0.000000-1.000000] 460.963929 210317.240641
calculating derivative for 4: 0.822280 bounds:1 [0.000000-1.000000] 268.903386 210317.240641
calculating derivative for 5: 0.000000 bounds:1 [0.000000-1.000000] 464.101322 210317.240641
calculating derivative for 6: 0.000000 bounds:1 [0.000000-1.000000] 466.284109 210317.240641
calculating derivative for 7: 0.000000 bounds:1 [0.000000-1.000000] 242.958777 210317.240641
calculating derivative for 8: 0.000000 bounds:1 [0.000000-1.000000] 818.874105 210317.240641
calculating derivative for 9: 0.252050 bounds:1 [0.000000-1.000000] 363.863364 210317.240641
calculating derivative for 10: 0.794876 bounds:1 [0.000000-1.000000] 289.510353 210317.240641
calculating derivative for 11: 0.000000 bounds:1 [0.000000-1.000000] 209.934660 210317.240641
calculating derivative for 12: 0.000000 bounds:1 [0.000000-1.000000] 768.882455 210317.240641
calculating derivative for 13: 1.191182 bounds:1 [0.000000-1.000000] 150.699634 210317.240641
calculating derivative for 14: 0.000000 bounds:1 [0.000000-1.000000] 239.722431 210317.240641
calculating derivative for 15: 0.000000 bounds:1 [0.000000-1.000000] 519.954483 210317.240641
calculating derivative for 16: 0.000000 bounds:1 [0.000000-1.000000] 462.183380 210317.240641
calculating derivative for 17: 0.000000 bounds:1 [0.000000-1.000000] 699.106022 210317.240641
calculating derivative for 18: 0.000000 bounds:1 [0.000000-1.000000] 784.499571 210317.240641
calculating derivative for 19: 0.000000 bounds:1 [0.000000-1.000000] 338.297104 210317.240641
calculating derivative for 20: 0.000000 bounds:1 [0.000000-1.000000] 427.439227 210317.240641
calculating derivative for 21: 0.000000 bounds:1 [0.000000-1.000000] 259.091030 210317.240641
calculating derivative for 22: 0.000000 bounds:1 [0.000000-1.000000] 183.962402 210317.240641
calculating derivative for 23: 0.000000 bounds:1 [0.000000-1.000000] 263.442053 210317.240641
calculating derivative for 24: 2.333371 bounds:1 [0.000000-1.000000] -309.244206 210317.240641
calculating derivative for 25: 0.000000 bounds:1 [0.000000-1.000000] 822.768197 210317.240641
0.000 0.000 0.000 0.000 0.822 0.000 0.000 0.000 0.000 0.252 0.795 0.000 0.000 1.191 0.000 0.000 0.000 0.000 0.000 0.000 0.000 0.000 0.000 0.000 2.333 0.000 likelihood = 210317.24064054 iter 8
calculating derivative for 0: 0.000000 bounds:1 [0.000000-1.000000] 682.906830 210202.984742
calculating derivative for 1: 0.000000 bounds:1 [0.000000-1.000000] 638.022902 210202.984742
calculating derivative for 2: 0.000000 bounds:1 [0.000000-1.000000] 285.040005 210202.984742
calculating derivative for 3: 0.000000 bounds:1 [0.000000-1.000000] 406.443723 210202.984742
calculating derivative for 4: 0.875868 bounds:1 [0.000000-1.000000] 244.485273 210202.984742
calculating derivative for 5: 0.000000 bounds:1 [0.000000-1.000000] 407.735934 210202.984742
calculating derivative for 6: 0.000000 bounds:1 [0.000000-1.000000] 409.808126 210202.984742
calculating derivative for 7: 0.000000 bounds:1 [0.000000-1.000000] 226.675184 210202.984742
calculating derivative for 8: 0.000000 bounds:1 [0.000000-1.000000] 770.093175 210202.984742
calculating derivative for 9: 0.161156 bounds:1 [0.000000-1.000000] 305.239519 210202.984742
calculating derivative for 10: 0.834993 bounds:1 [0.000000-1.000000] 261.675450 210202.984742
calculating derivative for 11: 0.000000 bounds:1 [0.000000-1.000000] 197.367626 210202.984742
calculating derivative for 12: 0.000000 bounds:1 [0.000000-1.000000] 724.682468 210202.984742
calculating derivative for 13: 1.334888 bounds:1 [0.000000-1.000000] 151.761924 210202.984742
calculating derivative for 14: 0.000000 bounds:1 [0.000000-1.000000] 224.079122 210202.984742
calculating derivative for 15: 0.000000 bounds:1 [0.000000-1.000000] 457.413262 210202.984742
calculating derivative for 16: 0.000000 bounds:1 [0.000000-1.000000] 406.897743 210202.984742
calculating derivative for 17: 0.000000 bounds:1 [0.000000-1.000000] 661.422382 210202.984742
calculating derivative for 18: 0.000000 bounds:1 [0.000000-1.000000] 738.716335 210202.984742
calculating derivative for 19: 0.000000 bounds:1 [0.000000-1.000000] 302.947592 210202.984742
calculating derivative for 20: 0.000000 bounds:1 [0.000000-1.000000] 373.102375 210202.984742
calculating derivative for 21: 0.000000 bounds:1 [0.000000-1.000000] 242.324313 210202.984742
calculating derivative for 22: 0.000000 bounds:1 [0.000000-1.000000] 179.247581 210202.984742
calculating derivative for 23: 0.000000 bounds:1 [0.000000-1.000000] 245.869160 210202.984742
calculating derivative for 24: 2.809063 bounds:1 [0.000000-1.000000] -244.242256 210202.984742
calculating derivative for 25: 0.000000 bounds:1 [0.000000-1.000000] 774.391810 210202.984742
0.000 0.000 0.000 0.000 0.876 0.000 0.000 0.000 0.000 0.161 0.835 0.000 0.000 1.335 0.000 0.000 0.000 0.000 0.000 0.000 0.000 0.000 0.000 0.000 2.809 0.000 likelihood = 210202.98474188 iter 9
calculating derivative for 0: 0.000000 bounds:1 [0.000000-1.000000] 572.160934 209998.948261
calculating derivative for 1: 0.000000 bounds:1 [0.000000-1.000000] 529.785757 209998.948261
calculating derivative for 2: 0.000000 bounds:1 [0.000000-1.000000] 231.168815 209998.948261
calculating derivative for 3: 0.000000 bounds:1 [0.000000-1.000000] 308.296876 209998.948261
calculating derivative for 4: 0.992066 bounds:1 [0.000000-1.000000] 188.617560 209998.948261
calculating derivative for 5: 0.000000 bounds:1 [0.000000-1.000000] 308.017479 209998.948261
calculating derivative for 6: 0.000000 bounds:1 [0.000000-1.000000] 309.900497 209998.948261
calculating derivative for 7: 0.000000 bounds:1 [0.000000-1.000000] 186.703983 209998.948261
calculating derivative for 8: 0.000000 bounds:1 [0.000000-1.000000] 644.053216 209998.948261
calculating derivative for 9: 0.000000 bounds:1 [0.000000-1.000000] 209.544669 209998.948261
calculating derivative for 10: 0.911580 bounds:1 [0.000000-1.000000] 199.239003 209998.948261
calculating derivative for 11: 0.000000 bounds:1 [0.000000-1.000000] 166.287646 209998.948261
calculating derivative for 12: 0.000000 bounds:1 [0.000000-1.000000] 608.855044 209998.948261
calculating derivative for 13: 1.689460 bounds:1 [0.000000-1.000000] 136.435847 209998.948261
calculating derivative for 14: 0.000000 bounds:1 [0.000000-1.000000] 188.758713 209998.948261
calculating derivative for 15: 0.000000 bounds:1 [0.000000-1.000000] 345.578883 209998.948261
calculating derivative for 16: 0.000000 bounds:1 [0.000000-1.000000] 310.089672 209998.948261
calculating derivative for 17: 0.000000 bounds:1 [0.000000-1.000000] 558.383181 209998.948261
calculating derivative for 18: 0.000000 bounds:1 [0.000000-1.000000] 621.733489 209998.948261
calculating derivative for 19: 0.000000 bounds:1 [0.000000-1.000000] 234.888284 209998.948261
calculating derivative for 20: 0.000000 bounds:1 [0.000000-1.000000] 275.997445 209998.948261
calculating derivative for 21: 0.000000 bounds:1 [0.000000-1.000000] 201.890361 209998.948261
calculating derivative for 22: 0.000000 bounds:1 [0.000000-1.000000] 158.249168 209998.948261
calculating derivative for 23: 0.000000 bounds:1 [0.000000-1.000000] 203.846139 209998.948261
calculating derivative for 24: 4.191803 bounds:1 [0.000000-1.000000] -143.103534 209998.948261
calculating derivative for 25: 0.000000 bounds:1 [0.000000-1.000000] 647.842535 209998.948261
0.000 0.000 0.000 0.000 0.992 0.000 0.000 0.000 0.000 0.000 0.912 0.000 0.000 1.689 0.000 0.000 0.000 0.000 0.000 0.000 0.000 0.000 0.000 0.000 4.192 0.000 likelihood = 209998.94826086 iter 10
At iterate 10 f=2.099989e+05 |proj g| = 1.431035e+02
calculating derivative for 0: 0.000000 bounds:1 [0.000000-1.000000] 512.113911 209891.530688
calculating derivative for 1: 0.000000 bounds:1 [0.000000-1.000000] 474.628177 209891.530688
calculating derivative for 2: 0.000000 bounds:1 [0.000000-1.000000] 207.364792 209891.530688
calculating derivative for 3: 0.000000 bounds:1 [0.000000-1.000000] 273.730257 209891.530688
calculating derivative for 4: 1.007721 bounds:1 [0.000000-1.000000] 159.048068 209891.530688
calculating derivative for 5: 0.000000 bounds:1 [0.000000-1.000000] 272.289617 209891.530688
calculating derivative for 6: 0.000000 bounds:1 [0.000000-1.000000] 274.897320 209891.530688
calculating derivative for 7: 0.000000 bounds:1 [0.000000-1.000000] 166.823156 209891.530688
calculating derivative for 8: 0.000000 bounds:1 [0.000000-1.000000] 577.027095 209891.530688
calculating derivative for 9: 0.000000 bounds:1 [0.000000-1.000000] 176.831963 209891.530688
calculating derivative for 10: 0.894347 bounds:1 [0.000000-1.000000] 166.283280 209891.530688
calculating derivative for 11: 0.000000 bounds:1 [0.000000-1.000000] 152.384746 209891.530688
calculating derivative for 12: 0.000000 bounds:1 [0.000000-1.000000] 547.367381 209891.530688
calculating derivative for 13: 1.890282 bounds:1 [0.000000-1.000000] 121.569610 209891.530688
calculating derivative for 14: 0.000000 bounds:1 [0.000000-1.000000] 172.131695 209891.530688
calculating derivative for 15: 0.000000 bounds:1 [0.000000-1.000000] 305.249705 209891.530688
calculating derivative for 16: 0.000000 bounds:1 [0.000000-1.000000] 274.844933 209891.530688
calculating derivative for 17: 0.000000 bounds:1 [0.000000-1.000000] 502.658077 209891.530688
calculating derivative for 18: 0.000000 bounds:1 [0.000000-1.000000] 557.355816 209891.530688
calculating derivative for 19: 0.000000 bounds:1 [0.000000-1.000000] 205.932884 209891.530688
calculating derivative for 20: 0.000000 bounds:1 [0.000000-1.000000] 239.865039 209891.530688
calculating derivative for 21: 0.000000 bounds:1 [0.000000-1.000000] 181.698124 209891.530688
calculating derivative for 22: 0.000000 bounds:1 [0.000000-1.000000] 144.520891 209891.530688
calculating derivative for 23: 0.000000 bounds:1 [0.000000-1.000000] 185.274985 209891.530688
calculating derivative for 24: 5.293239 bounds:1 [0.000000-1.000000] -102.454214 209891.530688
calculating derivative for 25: 0.000000 bounds:1 [0.000000-1.000000] 579.873449 209891.530688
0.000 0.000 0.000 0.000 1.008 0.000 0.000 0.000 0.000 0.000 0.894 0.000 0.000 1.890 0.000 0.000 0.000 0.000 0.000 0.000 0.000 0.000 0.000 0.000 5.293 0.000 likelihood = 209891.53068802 iter 11
calculating derivative for 0: 0.000000 bounds:1 [0.000000-1.000000] 419.205753 209750.837119
calculating derivative for 1: 0.000000 bounds:1 [0.000000-1.000000] 385.643216 209750.837119
calculating derivative for 2: 0.000000 bounds:1 [0.000000-1.000000] 169.820851 209750.837119
calculating derivative for 3: 0.000000 bounds:1 [0.000000-1.000000] 219.323556 209750.837119
calculating derivative for 4: 1.024550 bounds:1 [0.000000-1.000000] 118.023308 209750.837119
calculating derivative for 5: 0.000000 bounds:1 [0.000000-1.000000] 219.154754 209750.837119
calculating derivative for 6: 0.000000 bounds:1 [0.000000-1.000000] 220.513903 209750.837119
calculating derivative for 7: 0.000000 bounds:1 [0.000000-1.000000] 135.169830 209750.837119
calculating derivative for 8: 0.000000 bounds:1 [0.000000-1.000000] 469.625229 209750.837119
calculating derivative for 9: 0.000000 bounds:1 [0.000000-1.000000] 132.934656 209750.837119
calculating derivative for 10: 0.846334 bounds:1 [0.000000-1.000000] 121.959602 209750.837119
calculating derivative for 11: 0.000000 bounds:1 [0.000000-1.000000] 126.636587 209750.837119
calculating derivative for 12: 0.000000 bounds:1 [0.000000-1.000000] 448.524952 209750.837119
calculating derivative for 13: 2.268036 bounds:1 [0.000000-1.000000] 96.892472 209750.837119
calculating derivative for 14: 0.000000 bounds:1 [0.000000-1.000000] 142.998761 209750.837119
calculating derivative for 15: 0.000000 bounds:1 [0.000000-1.000000] 243.342947 209750.837119
calculating derivative for 16: 0.000000 bounds:1 [0.000000-1.000000] 219.966751 209750.837119
calculating derivative for 17: 0.000000 bounds:1 [0.000000-1.000000] 413.443195 209750.837119
calculating derivative for 18: 0.000000 bounds:1 [0.000000-1.000000] 456.394628 209750.837119
calculating derivative for 19: 0.000000 bounds:1 [0.000000-1.000000] 163.368532 209750.837119
calculating derivative for 20: 0.000000 bounds:1 [0.000000-1.000000] 186.558464 209750.837119
calculating derivative for 21: 0.000000 bounds:1 [0.000000-1.000000] 150.062260 209750.837119
calculating derivative for 22: 0.000000 bounds:1 [0.000000-1.000000] 120.693585 209750.837119
calculating derivative for 23: 0.000000 bounds:1 [0.000000-1.000000] 153.013389 209750.837119
calculating derivative for 24: 7.589456 bounds:1 [0.000000-1.000000] -58.698060 209750.837119
calculating derivative for 25: 0.000000 bounds:1 [0.000000-1.000000] 473.181717 209750.837119
0.000 0.000 0.000 0.000 1.025 0.000 0.000 0.000 0.000 0.000 0.846 0.000 0.000 2.268 0.000 0.000 0.000 0.000 0.000 0.000 0.000 0.000 0.000 0.000 7.589 0.000 likelihood = 209750.83711944 iter 12
calculating derivative for 0: 0.000000 bounds:1 [0.000000-1.000000] 346.242450 209661.776458
calculating derivative for 1: 0.000000 bounds:1 [0.000000-1.000000] 317.583908 209661.776458
calculating derivative for 2: 0.000000 bounds:1 [0.000000-1.000000] 138.845644 209661.776458
calculating derivative for 3: 0.000000 bounds:1 [0.000000-1.000000] 177.603215 209661.776458
calculating derivative for 4: 1.030486 bounds:1 [0.000000-1.000000] 91.041147 209661.776458
calculating derivative for 5: 0.000000 bounds:1 [0.000000-1.000000] 178.357004 209661.776458
calculating derivative for 6: 0.000000 bounds:1 [0.000000-1.000000] 179.297058 209661.776458
calculating derivative for 7: 0.000000 bounds:1 [0.000000-1.000000] 109.671964 209661.776458
calculating derivative for 8: 0.000000 bounds:1 [0.000000-1.000000] 389.816705 209661.776458
calculating derivative for 9: 0.000000 bounds:1 [0.000000-1.000000] 102.623017 209661.776458
calculating derivative for 10: 0.784415 bounds:1 [0.000000-1.000000] 92.784467 209661.776458
calculating derivative for 11: 0.000000 bounds:1 [0.000000-1.000000] 104.619539 209661.776458
calculating derivative for 12: 0.000000 bounds:1 [0.000000-1.000000] 372.153590 209661.776458
calculating derivative for 13: 2.645275 bounds:1 [0.000000-1.000000] 78.456651 209661.776458
calculating derivative for 14: 0.000000 bounds:1 [0.000000-1.000000] 118.149910 209661.776458
calculating derivative for 15: 0.000000 bounds:1 [0.000000-1.000000] 197.690679 209661.776458
calculating derivative for 16: 0.000000 bounds:1 [0.000000-1.000000] 178.287155 209661.776458
calculating derivative for 17: 0.000000 bounds:1 [0.000000-1.000000] 342.598651 209661.776458
calculating derivative for 18: 0.000000 bounds:1 [0.000000-1.000000] 378.521509 209661.776458
calculating derivative for 19: 0.000000 bounds:1 [0.000000-1.000000] 130.353146 209661.776458
calculating derivative for 20: 0.000000 bounds:1 [0.000000-1.000000] 148.618710 209661.776458
calculating derivative for 21: 0.000000 bounds:1 [0.000000-1.000000] 122.425263 209661.776458
calculating derivative for 22: 0.000000 bounds:1 [0.000000-1.000000] 98.734745 209661.776458
calculating derivative for 23: 0.000000 bounds:1 [0.000000-1.000000] 127.198291 209661.776458
calculating derivative for 24: 10.077322 bounds:1 [0.000000-1.000000] -36.819256 209661.776458
calculating derivative for 25: 0.000000 bounds:1 [0.000000-1.000000] 392.584479 209661.776458
0.000 0.000 0.000 0.000 1.030 0.000 0.000 0.000 0.000 0.000 0.784 0.000 0.000 2.645 0.000 0.000 0.000 0.000 0.000 0.000 0.000 0.000 0.000 0.000 10.077 0.000 likelihood = 209661.77645839 iter 13
calculating derivative for 0: 0.000000 bounds:1 [0.000000-1.000000] 279.920641 209589.643900
calculating derivative for 1: 0.000000 bounds:1 [0.000000-1.000000] 255.336636 209589.643900
calculating derivative for 2: 0.000000 bounds:1 [0.000000-1.000000] 110.687688 209589.643900
calculating derivative for 3: 0.000000 bounds:1 [0.000000-1.000000] 141.945202 209589.643900
calculating derivative for 4: 1.028660 bounds:1 [0.000000-1.000000] 68.657391 209589.643900
calculating derivative for 5: 0.000000 bounds:1 [0.000000-1.000000] 141.921919 209589.643900
calculating derivative for 6: 0.000000 bounds:1 [0.000000-1.000000] 141.540659 209589.643900
calculating derivative for 7: 0.000000 bounds:1 [0.000000-1.000000] 87.072840 209589.643900
calculating derivative for 8: 0.000000 bounds:1 [0.000000-1.000000] 313.814962 209589.643900
calculating derivative for 9: 0.000000 bounds:1 [0.000000-1.000000] 76.548895 209589.643900
calculating derivative for 10: 0.693941 bounds:1 [0.000000-1.000000] 69.846283 209589.643900
calculating derivative for 11: 0.000000 bounds:1 [0.000000-1.000000] 83.658961 209589.643900
calculating derivative for 12: 0.000000 bounds:1 [0.000000-1.000000] 300.435931 209589.643900
calculating derivative for 13: 3.129170 bounds:1 [0.000000-1.000000] 61.735045 209589.643900
calculating derivative for 14: 0.000000 bounds:1 [0.000000-1.000000] 95.349969 209589.643900
calculating derivative for 15: 0.000000 bounds:1 [0.000000-1.000000] 156.910392 209589.643900
calculating derivative for 16: 0.000000 bounds:1 [0.000000-1.000000] 141.977216 209589.643900
calculating derivative for 17: 0.000000 bounds:1 [0.000000-1.000000] 277.807703 209589.643900
calculating derivative for 18: 0.000000 bounds:1 [0.000000-1.000000] 305.619324 209589.643900
calculating derivative for 19: 0.000000 bounds:1 [0.000000-1.000000] 102.378544 209589.643900
calculating derivative for 20: 0.000000 bounds:1 [0.000000-1.000000] 115.632429 209589.643900
calculating derivative for 21: 0.000000 bounds:1 [0.000000-1.000000] 98.720193 209589.643900
calculating derivative for 22: 0.000000 bounds:1 [0.000000-1.000000] 78.519224 209589.643900
calculating derivative for 23: 0.000000 bounds:1 [0.000000-1.000000] 101.933256 209589.643900
calculating derivative for 24: 13.434062 bounds:1 [0.000000-1.000000] -23.347093 209589.643900
calculating derivative for 25: 0.000000 bounds:1 [0.000000-1.000000] 315.645593 209589.643900
0.000 0.000 0.000 0.000 1.029 0.000 0.000 0.000 0.000 0.000 0.694 0.000 0.000 3.129 0.000 0.000 0.000 0.000 0.000 0.000 0.000 0.000 0.000 0.000 13.434 0.000 likelihood = 209589.64390001 iter 14
calculating derivative for 0: 0.000000 bounds:1 [0.000000-1.000000] 220.365473 209532.241350
calculating derivative for 1: 0.000000 bounds:1 [0.000000-1.000000] 201.206421 209532.241350
calculating derivative for 2: 0.000000 bounds:1 [0.000000-1.000000] 86.569344 209532.241350
calculating derivative for 3: 0.000000 bounds:1 [0.000000-1.000000] 110.917608 209532.241350
calculating derivative for 4: 1.019583 bounds:1 [0.000000-1.000000] 50.137169 209532.241350
calculating derivative for 5: 0.000000 bounds:1 [0.000000-1.000000] 110.676046 209532.241350
calculating derivative for 6: 0.000000 bounds:1 [0.000000-1.000000] 110.012479 209532.241350
calculating derivative for 7: 0.000000 bounds:1 [0.000000-1.000000] 66.988287 209532.241350
calculating derivative for 8: 0.000000 bounds:1 [0.000000-1.000000] 248.750439 209532.241350
calculating derivative for 9: 0.000000 bounds:1 [0.000000-1.000000] 57.017314 209532.241350
calculating derivative for 10: 0.563075 bounds:1 [0.000000-1.000000] 50.787639 209532.241350
calculating derivative for 11: 0.000000 bounds:1 [0.000000-1.000000] 66.254870 209532.241350
calculating derivative for 12: 0.000000 bounds:1 [0.000000-1.000000] 237.871427 209532.241350
calculating derivative for 13: 3.780787 bounds:1 [0.000000-1.000000] 46.748028 209532.241350
calculating derivative for 14: 0.000000 bounds:1 [0.000000-1.000000] 75.064600 209532.241350
calculating derivative for 15: 0.000000 bounds:1 [0.000000-1.000000] 121.883932 209532.241350
calculating derivative for 16: 0.000000 bounds:1 [0.000000-1.000000] 110.128894 209532.241350
calculating derivative for 17: 0.000000 bounds:1 [0.000000-1.000000] 218.700734 209532.241350
calculating derivative for 18: 0.000000 bounds:1 [0.000000-1.000000] 242.257374 209532.241350
calculating derivative for 19: 0.000000 bounds:1 [0.000000-1.000000] 79.860911 209532.241350
calculating derivative for 20: 0.000000 bounds:1 [0.000000-1.000000] 87.582157 209532.241350
calculating derivative for 21: 0.000000 bounds:1 [0.000000-1.000000] 77.520963 209532.241350
calculating derivative for 22: 0.000000 bounds:1 [0.000000-1.000000] 61.665196 209532.241350
calculating derivative for 23: 0.000000 bounds:1 [0.000000-1.000000] 79.924939 209532.241350
calculating derivative for 24: 18.083093 bounds:1 [0.000000-1.000000] -13.881072 209532.241350
calculating derivative for 25: 0.000000 bounds:1 [0.000000-1.000000] 249.655568 209532.241350
0.000 0.000 0.000 0.000 1.020 0.000 0.000 0.000 0.000 0.000 0.563 0.000 0.000 3.781 0.000 0.000 0.000 0.000 0.000 0.000 0.000 0.000 0.000 0.000 18.083 0.000 likelihood = 209532.24134988 iter 15
calculating derivative for 0: 0.000000 bounds:1 [0.000000-1.000000] 178.854680 209494.848967
calculating derivative for 1: 0.000000 bounds:1 [0.000000-1.000000] 163.313234 209494.848967
calculating derivative for 2: 0.000000 bounds:1 [0.000000-1.000000] 70.311944 209494.848967
calculating derivative for 3: 0.000000 bounds:1 [0.000000-1.000000] 88.714296 209494.848967
calculating derivative for 4: 1.003839 bounds:1 [0.000000-1.000000] 38.747385 209494.848967
calculating derivative for 5: 0.000000 bounds:1 [0.000000-1.000000] 88.661909 209494.848967
calculating derivative for 6: 0.000000 bounds:1 [0.000000-1.000000] 88.743400 209494.848967
calculating derivative for 7: 0.000000 bounds:1 [0.000000-1.000000] 53.600525 209494.848967
calculating derivative for 8: 0.000000 bounds:1 [0.000000-1.000000] 202.050433 209494.848967
calculating derivative for 9: 0.000000 bounds:1 [0.000000-1.000000] 45.134220 209494.848967
calculating derivative for 10: 0.414212 bounds:1 [0.000000-1.000000] 38.089638 209494.848967
calculating derivative for 11: 0.000000 bounds:1 [0.000000-1.000000] 53.475378 209494.848967
calculating derivative for 12: 0.000000 bounds:1 [0.000000-1.000000] 193.741289 209494.848967
calculating derivative for 13: 4.482222 bounds:1 [0.000000-1.000000] 36.355050 209494.848967
calculating derivative for 14: 0.000000 bounds:1 [0.000000-1.000000] 61.103492 209494.848967
calculating derivative for 15: 0.000000 bounds:1 [0.000000-1.000000] 98.624150 209494.848967
calculating derivative for 16: 0.000000 bounds:1 [0.000000-1.000000] 88.650268 209494.848967
calculating derivative for 17: 0.000000 bounds:1 [0.000000-1.000000] 178.543269 209494.848967
calculating derivative for 18: 0.000000 bounds:1 [0.000000-1.000000] 196.314068 209494.848967
calculating derivative for 19: 0.000000 bounds:1 [0.000000-1.000000] 62.910840 209494.848967
calculating derivative for 20: 0.000000 bounds:1 [0.000000-1.000000] 69.808448 209494.848967
calculating derivative for 21: 0.000000 bounds:1 [0.000000-1.000000] 62.919571 209494.848967
calculating derivative for 22: 0.000000 bounds:1 [0.000000-1.000000] 49.738446 209494.848967
calculating derivative for 23: 0.000000 bounds:1 [0.000000-1.000000] 64.872438 209494.848967
calculating derivative for 24: 23.212693 bounds:1 [0.000000-1.000000] -9.412179 209494.848967
calculating derivative for 25: 0.000000 bounds:1 [0.000000-1.000000] 203.584204 209494.848967
0.000 0.000 0.000 0.000 1.004 0.000 0.000 0.000 0.000 0.000 0.414 0.000 0.000 4.482 0.000 0.000 0.000 0.000 0.000 0.000 0.000 0.000 0.000 0.000 23.213 0.000 likelihood = 209494.84896702 iter 16
calculating derivative for 0: 0.000000 bounds:1 [0.000000-1.000000] 136.852032 209459.998205
calculating derivative for 1: 0.000000 bounds:1 [0.000000-1.000000] 124.593498 209459.998205
calculating derivative for 2: 0.000000 bounds:1 [0.000000-1.000000] 53.274562 209459.998205
calculating derivative for 3: 0.000000 bounds:1 [0.000000-1.000000] 66.732173 209459.998205
calculating derivative for 4: 0.973045 bounds:1 [0.000000-1.000000] 26.878843 209459.998205
calculating derivative for 5: 0.000000 bounds:1 [0.000000-1.000000] 67.168730 209459.998205
calculating derivative for 6: 0.000000 bounds:1 [0.000000-1.000000] 66.959183 209459.998205
calculating derivative for 7: 0.000000 bounds:1 [0.000000-1.000000] 40.963641 209459.998205
calculating derivative for 8: 0.000000 bounds:1 [0.000000-1.000000] 154.881855 209459.998205
calculating derivative for 9: 0.000000 bounds:1 [0.000000-1.000000] 32.220851 209459.998205
calculating derivative for 10: 0.169993 bounds:1 [0.000000-1.000000] 27.084025 209459.998205
calculating derivative for 11: 0.000000 bounds:1 [0.000000-1.000000] 40.073064 209459.998205
calculating derivative for 12: 0.000000 bounds:1 [0.000000-1.000000] 148.356776 209459.998205
calculating derivative for 13: 5.613998 bounds:1 [0.000000-1.000000] 26.619819 209459.998205
calculating derivative for 14: 0.000000 bounds:1 [0.000000-1.000000] 46.426430 209459.998205
calculating derivative for 15: 0.000000 bounds:1 [0.000000-1.000000] 74.668787 209459.998205
calculating derivative for 16: 0.000000 bounds:1 [0.000000-1.000000] 67.663495 209459.998205
calculating derivative for 17: 0.000000 bounds:1 [0.000000-1.000000] 137.335155 209459.998205
calculating derivative for 18: 0.000000 bounds:1 [0.000000-1.000000] 150.722917 209459.998205
calculating derivative for 19: 0.000000 bounds:1 [0.000000-1.000000] 47.983485 209459.998205
calculating derivative for 20: 0.000000 bounds:1 [0.000000-1.000000] 51.344978 209459.998205
calculating derivative for 21: 0.000000 bounds:1 [0.000000-1.000000] 47.581852 209459.998205
calculating derivative for 22: 0.000000 bounds:1 [0.000000-1.000000] 37.695281 209459.998205
calculating derivative for 23: 0.000000 bounds:1 [0.000000-1.000000] 49.211667 209459.998205
calculating derivative for 24: 31.575130 bounds:1 [0.000000-1.000000] -5.980837 209459.998205
calculating derivative for 25: 0.000000 bounds:1 [0.000000-1.000000] 155.458110 209459.998205
0.000 0.000 0.000 0.000 0.973 0.000 0.000 0.000 0.000 0.000 0.170 0.000 0.000 5.614 0.000 0.000 0.000 0.000 0.000 0.000 0.000 0.000 0.000 0.000 31.575 0.000 likelihood = 209459.99820477 iter 17
calculating derivative for 0: 0.000000 bounds:1 [0.000000-1.000000] 102.250488 209438.314833
calculating derivative for 1: 0.000000 bounds:1 [0.000000-1.000000] 93.516428 209438.314833
calculating derivative for 2: 0.000000 bounds:1 [0.000000-1.000000] 40.017767 209438.314833
calculating derivative for 3: 0.000000 bounds:1 [0.000000-1.000000] 49.758819 209438.314833
calculating derivative for 4: 0.931206 bounds:1 [0.000000-1.000000] 20.298467 209438.314833
calculating derivative for 5: 0.000000 bounds:1 [0.000000-1.000000] 49.825758 209438.314833
calculating derivative for 6: 0.000000 bounds:1 [0.000000-1.000000] 50.282688 209438.314833
calculating derivative for 7: 0.000000 bounds:1 [0.000000-1.000000] 29.630610 209438.314833
calculating derivative for 8: 0.000000 bounds:1 [0.000000-1.000000] 115.350122 209438.314833
calculating derivative for 9: 0.000000 bounds:1 [0.000000-1.000000] 22.997847 209438.314833
calculating derivative for 10: 0.000000 bounds:1 [0.000000-1.000000] 19.406434 209438.314833
calculating derivative for 11: 0.000000 bounds:1 [0.000000-1.000000] 30.314550 209438.314833
calculating derivative for 12: 0.000000 bounds:1 [0.000000-1.000000] 111.793634 209438.314833
calculating derivative for 13: 7.088613 bounds:1 [0.000000-1.000000] 20.017615 209438.314833
calculating derivative for 14: 0.000000 bounds:1 [0.000000-1.000000] 34.651021 209438.314833
calculating derivative for 15: 0.000000 bounds:1 [0.000000-1.000000] 55.192504 209438.314833
calculating derivative for 16: 0.000000 bounds:1 [0.000000-1.000000] 49.601658 209438.314833
calculating derivative for 17: 0.000000 bounds:1 [0.000000-1.000000] 102.506601 209438.314833
calculating derivative for 18: 0.000000 bounds:1 [0.000000-1.000000] 113.615533 209438.314833
calculating derivative for 19: 0.000000 bounds:1 [0.000000-1.000000] 34.354161 209438.314833
calculating derivative for 20: 0.000000 bounds:1 [0.000000-1.000000] 38.251164 209438.314833
calculating derivative for 21: 0.000000 bounds:1 [0.000000-1.000000] 35.433914 209438.314833
calculating derivative for 22: 0.000000 bounds:1 [0.000000-1.000000] 28.553768 209438.314833
calculating derivative for 23: 0.000000 bounds:1 [0.000000-1.000000] 36.929850 209438.314833
calculating derivative for 24: 42.543882 bounds:1 [0.000000-1.000000] -3.469177 209438.314833
calculating derivative for 25: 0.000000 bounds:1 [0.000000-1.000000] 117.052696 209438.314833
0.000 0.000 0.000 0.000 0.931 0.000 0.000 0.000 0.000 0.000 0.000 0.000 0.000 7.089 0.000 0.000 0.000 0.000 0.000 0.000 0.000 0.000 0.000 0.000 42.544 0.000 likelihood = 209438.31483268 iter 18
calculating derivative for 0: 0.000000 bounds:1 [0.000000-1.000000] 96.397707 209433.602795
calculating derivative for 1: 0.000000 bounds:1 [0.000000-1.000000] 87.989611 209433.602795
calculating derivative for 2: 0.000000 bounds:1 [0.000000-1.000000] 36.976417 209433.602795
calculating derivative for 3: 0.000000 bounds:1 [0.000000-1.000000] 45.707566 209433.602795
calculating derivative for 4: 0.891502 bounds:1 [0.000000-1.000000] 18.256833 209433.602795
calculating derivative for 5: 0.000000 bounds:1 [0.000000-1.000000] 46.333298 209433.602795
calculating derivative for 6: 0.000000 bounds:1 [0.000000-1.000000] 45.591150 209433.602795
calculating derivative for 7: 0.000000 bounds:1 [0.000000-1.000000] 28.536306 209433.602795
calculating derivative for 8: 0.000000 bounds:1 [0.000000-1.000000] 108.356471 209433.602795
calculating derivative for 9: 0.000000 bounds:1 [0.000000-1.000000] 21.516462 209433.602795
calculating derivative for 10: 0.000000 bounds:1 [0.000000-1.000000] 17.814455 209433.602795
calculating derivative for 11: 0.000000 bounds:1 [0.000000-1.000000] 27.808710 209433.602795
calculating derivative for 12: 0.000000 bounds:1 [0.000000-1.000000] 104.680657 209433.602795
calculating derivative for 13: 7.523344 bounds:1 [0.000000-1.000000] 18.166611 209433.602795
calculating derivative for 14: 0.000000 bounds:1 [0.000000-1.000000] 31.577656 209433.602795
calculating derivative for 15: 0.000000 bounds:1 [0.000000-1.000000] 51.790266 209433.602795
calculating derivative for 16: 0.000000 bounds:1 [0.000000-1.000000] 46.318746 209433.602795
calculating derivative for 17: 0.000000 bounds:1 [0.000000-1.000000] 96.499571 209433.602795
calculating derivative for 18: 0.000000 bounds:1 [0.000000-1.000000] 105.833169 209433.602795
calculating derivative for 19: 0.000000 bounds:1 [0.000000-1.000000] 31.574746 209433.602795
calculating derivative for 20: 0.000000 bounds:1 [0.000000-1.000000] 34.991535 209433.602795
calculating derivative for 21: 0.000000 bounds:1 [0.000000-1.000000] 32.977550 209433.602795
calculating derivative for 22: 0.000000 bounds:1 [0.000000-1.000000] 26.845373 209433.602795
calculating derivative for 23: 0.000000 bounds:1 [0.000000-1.000000] 34.878030 209433.602795
calculating derivative for 24: 46.003505 bounds:1 [0.000000-1.000000] -3.282912 209433.602795
calculating derivative for 25: 0.000000 bounds:1 [0.000000-1.000000] 109.249959 209433.602795
0.000 0.000 0.000 0.000 0.892 0.000 0.000 0.000 0.000 0.000 0.000 0.000 0.000 7.523 0.000 0.000 0.000 0.000 0.000 0.000 0.000 0.000 0.000 0.000 46.004 0.000 likelihood = 209433.60279462 iter 19
calculating derivative for 0: 0.000000 bounds:1 [0.000000-1.000000] 75.902790 209420.322334
calculating derivative for 1: 0.000000 bounds:1 [0.000000-1.000000] 67.931251 209420.322334
calculating derivative for 2: 0.000000 bounds:1 [0.000000-1.000000] 29.476359 209420.322334
calculating derivative for 3: 0.000000 bounds:1 [0.000000-1.000000] 36.344863 209420.322334
calculating derivative for 4: 0.732684 bounds:1 [0.000000-1.000000] 14.000398 209420.322334
calculating derivative for 5: 0.000000 bounds:1 [0.000000-1.000000] 37.011341 209420.322334
calculating derivative for 6: 0.000000 bounds:1 [0.000000-1.000000] 36.411802 209420.322334
calculating derivative for 7: 0.000000 bounds:1 [0.000000-1.000000] 22.252789 209420.322334
calculating derivative for 8: 0.000000 bounds:1 [0.000000-1.000000] 84.866770 209420.322334
calculating derivative for 9: 0.000000 bounds:1 [0.000000-1.000000] 16.915146 209420.322334
calculating derivative for 10: 0.000000 bounds:1 [0.000000-1.000000] 14.362740 209420.322334
calculating derivative for 11: 0.000000 bounds:1 [0.000000-1.000000] 22.602035 209420.322334
calculating derivative for 12: 0.000000 bounds:1 [0.000000-1.000000] 81.563485 209420.322334
calculating derivative for 13: 9.262268 bounds:1 [0.000000-1.000000] 14.294346 209420.322334
calculating derivative for 14: 0.000000 bounds:1 [0.000000-1.000000] 25.526970 209420.322334
calculating derivative for 15: 0.000000 bounds:1 [0.000000-1.000000] 40.681334 209420.322334
calculating derivative for 16: 0.000000 bounds:1 [0.000000-1.000000] 36.190613 209420.322334
calculating derivative for 17: 0.000000 bounds:1 [0.000000-1.000000] 75.201388 209420.322334
calculating derivative for 18: 0.000000 bounds:1 [0.000000-1.000000] 83.391205 209420.322334
calculating derivative for 19: 0.000000 bounds:1 [0.000000-1.000000] 25.570625 209420.322334
calculating derivative for 20: 0.000000 bounds:1 [0.000000-1.000000] 27.442002 209420.322334
calculating derivative for 21: 0.000000 bounds:1 [0.000000-1.000000] 26.286580 209420.322334
calculating derivative for 22: 0.000000 bounds:1 [0.000000-1.000000] 21.161395 209420.322334
calculating derivative for 23: 0.000000 bounds:1 [0.000000-1.000000] 27.756323 209420.322334
calculating derivative for 24: 59.841996 bounds:1 [0.000000-1.000000] -2.786692 209420.322334
calculating derivative for 25: 0.000000 bounds:1 [0.000000-1.000000] 85.154898 209420.322334
0.000 0.000 0.000 0.000 0.733 0.000 0.000 0.000 0.000 0.000 0.000 0.000 0.000 9.262 0.000 0.000 0.000 0.000 0.000 0.000 0.000 0.000 0.000 0.000 59.842 0.000 likelihood = 209420.32233405 iter 20
calculating derivative for 0: 0.000000 bounds:1 [0.000000-1.000000] 39.750012 209399.539170
calculating derivative for 1: 0.000000 bounds:1 [0.000000-1.000000] 35.544508 209399.539170
calculating derivative for 2: 0.000000 bounds:1 [0.000000-1.000000] 14.857505 209399.539170
calculating derivative for 3: 0.000000 bounds:1 [0.000000-1.000000] 18.885476 209399.539170
calculating derivative for 4: 0.097414 bounds:1 [0.000000-1.000000] 6.346090 209399.539170
calculating derivative for 5: 0.000000 bounds:1 [0.000000-1.000000] 19.089202 209399.539170
calculating derivative for 6: 0.000000 bounds:1 [0.000000-1.000000] 18.891296 209399.539170
calculating derivative for 7: 0.000000 bounds:1 [0.000000-1.000000] 11.498923 209399.539170
calculating derivative for 8: 0.000000 bounds:1 [0.000000-1.000000] 44.362969 209399.539170
calculating derivative for 9: 0.000000 bounds:1 [0.000000-1.000000] 7.945346 209399.539170
calculating derivative for 10: 0.000000 bounds:1 [0.000000-1.000000] 7.031485 209399.539170
calculating derivative for 11: 0.000000 bounds:1 [0.000000-1.000000] 11.079828 209399.539170
calculating derivative for 12: 0.000000 bounds:1 [0.000000-1.000000] 42.404281 209399.539170
calculating derivative for 13: 16.217966 bounds:1 [0.000000-1.000000] 6.744813 209399.539170
calculating derivative for 14: 0.000000 bounds:1 [0.000000-1.000000] 12.887176 209399.539170
calculating derivative for 15: 0.000000 bounds:1 [0.000000-1.000000] 21.175947 209399.539170
calculating derivative for 16: 0.000000 bounds:1 [0.000000-1.000000] 19.127037 209399.539170
calculating derivative for 17: 0.000000 bounds:1 [0.000000-1.000000] 39.851875 209399.539170
calculating derivative for 18: 0.000000 bounds:1 [0.000000-1.000000] 43.411274 209399.539170
calculating derivative for 19: 0.000000 bounds:1 [0.000000-1.000000] 12.770761 209399.539170
calculating derivative for 20: 0.000000 bounds:1 [0.000000-1.000000] 13.990211 209399.539170
calculating derivative for 21: 0.000000 bounds:1 [0.000000-1.000000] 12.526289 209399.539170
calculating derivative for 22: 0.000000 bounds:1 [0.000000-1.000000] 10.887743 209399.539170
calculating derivative for 23: 0.000000 bounds:1 [0.000000-1.000000] 14.479156 209399.539170
calculating derivative for 24: 115.195959 bounds:1 [0.000000-1.000000] -0.781438 209399.539170
calculating derivative for 25: 0.000000 bounds:1 [0.000000-1.000000] 44.607441 209399.539170
0.000 0.000 0.000 0.000 0.097 0.000 0.000 0.000 0.000 0.000 0.000 0.000 0.000 16.218 0.000 0.000 0.000 0.000 0.000 0.000 0.000 0.000 0.000 0.000 115.196 0.000 likelihood = 209399.53916999 iter 21
calculating derivative for 0: 0.000000 bounds:1 [0.000000-1.000000] 38.664439 209399.404002
calculating derivative for 1: 0.000000 bounds:1 [0.000000-1.000000] 35.713310 209399.404002
calculating derivative for 2: 0.000000 bounds:1 [0.000000-1.000000] 14.746911 209399.404002
calculating derivative for 3: 0.000000 bounds:1 [0.000000-1.000000] 18.108403 209399.404002
calculating derivative for 4: 0.091385 bounds:1 [0.000000-1.000000] 6.768096 209399.404002
calculating derivative for 5: 0.000000 bounds:1 [0.000000-1.000000] 18.166611 209399.404002
calculating derivative for 6: 0.000000 bounds:1 [0.000000-1.000000] 18.320861 209399.404002
calculating derivative for 7: 0.000000 bounds:1 [0.000000-1.000000] 10.564690 209399.404002
calculating derivative for 8: 0.000000 bounds:1 [0.000000-1.000000] 44.319313 209399.404002
calculating derivative for 9: 0.000000 bounds:1 [0.000000-1.000000] 8.146162 209399.404002
calculating derivative for 10: 0.000000 bounds:1 [0.000000-1.000000] 7.610652 209399.404002
calculating derivative for 11: 0.000000 bounds:1 [0.000000-1.000000] 10.506483 209399.404002
calculating derivative for 12: 0.000000 bounds:1 [0.000000-1.000000] 42.549800 209399.404002
calculating derivative for 13: 16.244867 bounds:1 [0.000000-1.000000] 6.763730 209399.404002
calculating derivative for 14: 0.000000 bounds:1 [0.000000-1.000000] 13.233512 209399.404002
calculating derivative for 15: 0.000000 bounds:1 [0.000000-1.000000] 20.873267 209399.404002
calculating derivative for 16: 0.000000 bounds:1 [0.000000-1.000000] 18.085120 209399.404002
calculating derivative for 17: 0.000000 bounds:1 [0.000000-1.000000] 38.961298 209399.404002
calculating derivative for 18: 0.000000 bounds:1 [0.000000-1.000000] 43.699401 209399.404002
calculating derivative for 19: 0.000000 bounds:1 [0.000000-1.000000] 12.529199 209399.404002
calculating derivative for 20: 0.000000 bounds:1 [0.000000-1.000000] 13.873796 209399.404002
calculating derivative for 21: 0.000000 bounds:1 [0.000000-1.000000] 13.134559 209399.404002
calculating derivative for 22: 0.000000 bounds:1 [0.000000-1.000000] 10.165968 209399.404002
calculating derivative for 23: 0.000000 bounds:1 [0.000000-1.000000] 13.620593 209399.404002
calculating derivative for 24: 115.479309 bounds:1 [0.000000-1.000000] -0.887667 209399.404002
calculating derivative for 25: 0.000000 bounds:1 [0.000000-1.000000] 44.348417 209399.404002
0.000 0.000 0.000 0.000 0.091 0.000 0.000 0.000 0.000 0.000 0.000 0.000 0.000 16.245 0.000 0.000 0.000 0.000 0.000 0.000 0.000 0.000 0.000 0.000 115.479 0.000 likelihood = 209399.40400192 iter 22
calculating derivative for 0: 0.000000 bounds:1 [0.000000-1.000000] 37.791324 209398.870152
calculating derivative for 1: 0.000000 bounds:1 [0.000000-1.000000] 34.680124 209398.870152
calculating derivative for 2: 0.000000 bounds:1 [0.000000-1.000000] 14.927355 209398.870152
calculating derivative for 3: 0.000000 bounds:1 [0.000000-1.000000] 18.998981 209398.870152
calculating derivative for 4: 0.067270 bounds:1 [0.000000-1.000000] 6.533810 209398.870152
calculating derivative for 5: 0.000000 bounds:1 [0.000000-1.000000] 18.894207 209398.870152
calculating derivative for 6: 0.000000 bounds:1 [0.000000-1.000000] 18.568244 209398.870152
calculating derivative for 7: 0.000000 bounds:1 [0.000000-1.000000] 11.251541 209398.870152
calculating derivative for 8: 0.000000 bounds:1 [0.000000-1.000000] 43.306500 209398.870152
calculating derivative for 9: 0.000000 bounds:1 [0.000000-1.000000] 7.447670 209398.870152
calculating derivative for 10: 0.000000 bounds:1 [0.000000-1.000000] 6.568735 209398.870152
calculating derivative for 11: 0.000000 bounds:1 [0.000000-1.000000] 10.945951 209398.870152
calculating derivative for 12: 0.000000 bounds:1 [0.000000-1.000000] 40.844316 209398.870152
calculating derivative for 13: 16.352474 bounds:1 [0.000000-1.000000] 6.890332 209398.870152
calculating derivative for 14: 0.000000 bounds:1 [0.000000-1.000000] 13.533281 209398.870152
calculating derivative for 15: 0.000000 bounds:1 [0.000000-1.000000] 20.975131 209398.870152
calculating derivative for 16: 0.000000 bounds:1 [0.000000-1.000000] 18.419814 209398.870152
calculating derivative for 17: 0.000000 bounds:1 [0.000000-1.000000] 38.609141 209398.870152
calculating derivative for 18: 0.000000 bounds:1 [0.000000-1.000000] 42.500324 209398.870152
calculating derivative for 19: 0.000000 bounds:1 [0.000000-1.000000] 13.090903 209398.870152
calculating derivative for 20: 0.000000 bounds:1 [0.000000-1.000000] 13.803947 209398.870152
calculating derivative for 21: 0.000000 bounds:1 [0.000000-1.000000] 12.802775 209398.870152
calculating derivative for 22: 0.000000 bounds:1 [0.000000-1.000000] 10.736403 209398.870152
calculating derivative for 23: 0.000000 bounds:1 [0.000000-1.000000] 13.539102 209398.870152
calculating derivative for 24: 116.612706 bounds:1 [0.000000-1.000000] -1.044828 209398.870152
calculating derivative for 25: 0.000000 bounds:1 [0.000000-1.000000] 43.367618 209398.870152
0.000 0.000 0.000 0.000 0.067 0.000 0.000 0.000 0.000 0.000 0.000 0.000 0.000 16.352 0.000 0.000 0.000 0.000 0.000 0.000 0.000 0.000 0.000 0.000 116.613 0.000 likelihood = 209398.87015162 iter 23
calculating derivative for 0: 0.000000 bounds:1 [0.000000-1.000000] 37.878635 209397.436425
calculating derivative for 1: 0.000000 bounds:1 [0.000000-1.000000] 34.883851 209397.436425
calculating derivative for 2: 0.000000 bounds:1 [0.000000-1.000000] 15.061232 209397.436425
calculating derivative for 3: 0.000000 bounds:1 [0.000000-1.000000] 18.914579 209397.436425
calculating derivative for 4: 0.000000 bounds:1 [0.000000-1.000000] 6.740447 209397.436425
calculating derivative for 5: 0.000000 bounds:1 [0.000000-1.000000] 17.823186 209397.436425
calculating derivative for 6: 0.000000 bounds:1 [0.000000-1.000000] 18.865103 209397.436425
calculating derivative for 7: 0.000000 bounds:1 [0.000000-1.000000] 11.568773 209397.436425
calculating derivative for 8: 0.000000 bounds:1 [0.000000-1.000000] 42.247120 209397.436425
calculating derivative for 9: 0.000000 bounds:1 [0.000000-1.000000] 7.884228 209397.436425
calculating derivative for 10: 0.000000 bounds:1 [0.000000-1.000000] 7.069320 209397.436425
calculating derivative for 11: 0.000000 bounds:1 [0.000000-1.000000] 11.213706 209397.436425
calculating derivative for 12: 0.000000 bounds:1 [0.000000-1.000000] 41.228486 209397.436425
calculating derivative for 13: 16.652636 bounds:1 [0.000000-1.000000] 6.769551 209397.436425
calculating derivative for 14: 0.000000 bounds:1 [0.000000-1.000000] 12.066448 209397.436425
calculating derivative for 15: 0.000000 bounds:1 [0.000000-1.000000] 20.186417 209397.436425
calculating derivative for 16: 0.000000 bounds:1 [0.000000-1.000000] 17.578714 209397.436425
calculating derivative for 17: 0.000000 bounds:1 [0.000000-1.000000] 38.332655 209397.436425
calculating derivative for 18: 0.000000 bounds:1 [0.000000-1.000000] 41.793101 209397.436425
calculating derivative for 19: 0.000000 bounds:1 [0.000000-1.000000] 12.386590 209397.436425
calculating derivative for 20: 0.000000 bounds:1 [0.000000-1.000000] 13.603130 209397.436425
calculating derivative for 21: 0.000000 bounds:1 [0.000000-1.000000] 13.282988 209397.436425
calculating derivative for 22: 0.000000 bounds:1 [0.000000-1.000000] 10.084477 209397.436425
calculating derivative for 23: 0.000000 bounds:1 [0.000000-1.000000] 13.809768 209397.436425
calculating derivative for 24: 119.774260 bounds:1 [0.000000-1.000000] -0.849832 209397.436425
calculating derivative for 25: 0.000000 bounds:1 [0.000000-1.000000] 42.657484 209397.436425
0.000 0.000 0.000 0.000 0.000 0.000 0.000 0.000 0.000 0.000 0.000 0.000 0.000 16.653 0.000 0.000 0.000 0.000 0.000 0.000 0.000 0.000 0.000 0.000 119.774 0.000 likelihood = 209397.43642492 iter 24
At iterate 20 f=2.093974e+05 |proj g| = 6.769551e+00
ys=-0.340791, gs=1.264086, L-BFGS-B update SKIPPED
calculating derivative for 0: 0.000000 bounds:1 [0.000000-1.000000] 37.439167 209397.325858
calculating derivative for 1: 0.000000 bounds:1 [0.000000-1.000000] 33.585820 209397.325858
calculating derivative for 2: 0.000000 bounds:1 [0.000000-1.000000] 14.770194 209397.325858
calculating derivative for 3: 0.000000 bounds:1 [0.000000-1.000000] 18.801074 209397.325858
calculating derivative for 4: 0.000000 bounds:1 [0.000000-1.000000] 7.019844 209397.325858
calculating derivative for 5: 0.000000 bounds:1 [0.000000-1.000000] 18.160790 209397.325858
calculating derivative for 6: 0.000000 bounds:1 [0.000000-1.000000] 18.128776 209397.325858
calculating derivative for 7: 0.000000 bounds:1 [0.000000-1.000000] 11.053635 209397.325858
calculating derivative for 8: 0.000000 bounds:1 [0.000000-1.000000] 42.255851 209397.325858
calculating derivative for 9: 0.000000 bounds:1 [0.000000-1.000000] 7.558265 209397.325858
calculating derivative for 10: 0.000000 bounds:1 [0.000000-1.000000] 7.209019 209397.325858
calculating derivative for 11: 0.000000 bounds:1 [0.000000-1.000000] 10.596705 209397.325858
calculating derivative for 12: 0.000000 bounds:1 [0.000000-1.000000] 40.954910 209397.325858
calculating derivative for 13: 16.678120 bounds:1 [0.000000-1.000000] 6.885966 209397.325858
calculating derivative for 14: 0.000000 bounds:1 [0.000000-1.000000] 12.756209 209397.325858
calculating derivative for 15: 0.000000 bounds:1 [0.000000-1.000000] 20.323205 209397.325858
calculating derivative for 16: 0.000000 bounds:1 [0.000000-1.000000] 18.204446 209397.325858
calculating derivative for 17: 0.000000 bounds:1 [0.000000-1.000000] 37.453719 209397.325858
calculating derivative for 18: 0.000000 bounds:1 [0.000000-1.000000] 41.630119 209397.325858
calculating derivative for 19: 0.000000 bounds:1 [0.000000-1.000000] 13.093813 209397.325858
calculating derivative for 20: 0.000000 bounds:1 [0.000000-1.000000] 13.146200 209397.325858
calculating derivative for 21: 0.000000 bounds:1 [0.000000-1.000000] 12.919190 209397.325858
calculating derivative for 22: 0.000000 bounds:1 [0.000000-1.000000] 10.541407 209397.325858
calculating derivative for 23: 0.000000 bounds:1 [0.000000-1.000000] 13.574027 209397.325858
calculating derivative for 24: 120.074200 bounds:1 [0.000000-1.000000] -0.758155 209397.325858
calculating derivative for 25: 0.000000 bounds:1 [0.000000-1.000000] 43.006730 209397.325858
0.000 0.000 0.000 0.000 0.000 0.000 0.000 0.000 0.000 0.000 0.000 0.000 0.000 16.678 0.000 0.000 0.000 0.000 0.000 0.000 0.000 0.000 0.000 0.000 120.074 0.000 likelihood = 209397.32585799 iter 25
calculating derivative for 0: 0.000000 bounds:1 [0.000000-1.000000] 37.357677 209396.400036
calculating derivative for 1: 0.000000 bounds:1 [0.000000-1.000000] 33.876859 209396.400036
calculating derivative for 2: 0.000000 bounds:1 [0.000000-1.000000] 13.993122 209396.400036
calculating derivative for 3: 0.000000 bounds:1 [0.000000-1.000000] 18.085120 209396.400036
calculating derivative for 4: 0.000000 bounds:1 [0.000000-1.000000] 6.461050 209396.400036
calculating derivative for 5: 0.000000 bounds:1 [0.000000-1.000000] 18.658466 209396.400036
calculating derivative for 6: 0.000000 bounds:1 [0.000000-1.000000] 18.131686 209396.400036
calculating derivative for 7: 0.000000 bounds:1 [0.000000-1.000000] 10.497752 209396.400036
calculating derivative for 8: 0.000000 bounds:1 [0.000000-1.000000] 41.833846 209396.400036
calculating derivative for 9: 0.000000 bounds:1 [0.000000-1.000000] 8.053030 209396.400036
calculating derivative for 10: 0.000000 bounds:1 [0.000000-1.000000] 6.795744 209396.400036
calculating derivative for 11: 0.000000 bounds:1 [0.000000-1.000000] 11.199154 209396.400036
calculating derivative for 12: 0.000000 bounds:1 [0.000000-1.000000] 40.515442 209396.400036
calculating derivative for 13: 16.628825 bounds:1 [0.000000-1.000000] 6.964547 209396.400036
calculating derivative for 14: 0.000000 bounds:1 [0.000000-1.000000] 12.759119 209396.400036
calculating derivative for 15: 0.000000 bounds:1 [0.000000-1.000000] 20.652078 209396.400036
calculating derivative for 16: 0.000000 bounds:1 [0.000000-1.000000] 18.539140 209396.400036
calculating derivative for 17: 0.000000 bounds:1 [0.000000-1.000000] 37.054997 209396.400036
calculating derivative for 18: 0.000000 bounds:1 [0.000000-1.000000] 40.544546 209396.400036
calculating derivative for 19: 0.000000 bounds:1 [0.000000-1.000000] 12.418604 209396.400036
calculating derivative for 20: 0.000000 bounds:1 [0.000000-1.000000] 13.949466 209396.400036
calculating derivative for 21: 0.000000 bounds:1 [0.000000-1.000000] 13.160752 209396.400036
calculating derivative for 22: 0.000000 bounds:1 [0.000000-1.000000] 9.441283 209396.400036
calculating derivative for 23: 0.000000 bounds:1 [0.000000-1.000000] 13.509998 209396.400036
calculating derivative for 24: 120.703143 bounds:1 [0.000000-1.000000] -0.951695 209396.400036
calculating derivative for 25: 0.000000 bounds:1 [0.000000-1.000000] 41.566091 209396.400036
0.000 0.000 0.000 0.000 0.000 0.000 0.000 0.000 0.000 0.000 0.000 0.000 0.000 16.629 0.000 0.000 0.000 0.000 0.000 0.000 0.000 0.000 0.000 0.000 120.703 0.000 likelihood = 209396.40003555 iter 26
calculating derivative for 0: 0.000000 bounds:1 [0.000000-1.000000] 36.883284 209392.808012
calculating derivative for 1: 0.000000 bounds:1 [0.000000-1.000000] 33.466495 209392.808012
calculating derivative for 2: 0.000000 bounds:1 [0.000000-1.000000] 13.597310 209392.808012
calculating derivative for 3: 0.000000 bounds:1 [0.000000-1.000000] 17.398270 209392.808012
calculating derivative for 4: 0.000000 bounds:1 [0.000000-1.000000] 6.004120 209392.808012
calculating derivative for 5: 0.000000 bounds:1 [0.000000-1.000000] 17.255661 209392.808012
calculating derivative for 6: 0.000000 bounds:1 [0.000000-1.000000] 17.264392 209392.808012
calculating derivative for 7: 0.000000 bounds:1 [0.000000-1.000000] 10.189251 209392.808012
calculating derivative for 8: 0.000000 bounds:1 [0.000000-1.000000] 41.670864 209392.808012
calculating derivative for 9: 0.000000 bounds:1 [0.000000-1.000000] 7.214840 209392.808012
calculating derivative for 10: 0.000000 bounds:1 [0.000000-1.000000] 6.463961 209392.808012
calculating derivative for 11: 0.000000 bounds:1 [0.000000-1.000000] 10.698568 209392.808012
calculating derivative for 12: 0.000000 bounds:1 [0.000000-1.000000] 40.169107 209392.808012
calculating derivative for 13: 16.431647 bounds:1 [0.000000-1.000000] 6.757909 209392.808012
calculating derivative for 14: 0.000000 bounds:1 [0.000000-1.000000] 11.891825 209392.808012
calculating derivative for 15: 0.000000 bounds:1 [0.000000-1.000000] 20.078733 209392.808012
calculating derivative for 16: 0.000000 bounds:1 [0.000000-1.000000] 17.471029 209392.808012
calculating derivative for 17: 0.000000 bounds:1 [0.000000-1.000000] 36.944402 209392.808012
calculating derivative for 18: 0.000000 bounds:1 [0.000000-1.000000] 40.183659 209392.808012
calculating derivative for 19: 0.000000 bounds:1 [0.000000-1.000000] 11.638622 209392.808012
calculating derivative for 20: 0.000000 bounds:1 [0.000000-1.000000] 12.709643 209392.808012
calculating derivative for 21: 0.000000 bounds:1 [0.000000-1.000000] 11.562952 209392.808012
calculating derivative for 22: 0.000000 bounds:1 [0.000000-1.000000] 9.752694 209392.808012
calculating derivative for 23: 0.000000 bounds:1 [0.000000-1.000000] 12.957025 209392.808012
calculating derivative for 24: 123.218917 bounds:1 [0.000000-1.000000] -0.976434 209392.808012
calculating derivative for 25: 0.000000 bounds:1 [0.000000-1.000000] 41.953172 209392.808012
0.000 0.000 0.000 0.000 0.000 0.000 0.000 0.000 0.000 0.000 0.000 0.000 0.000 16.432 0.000 0.000 0.000 0.000 0.000 0.000 0.000 0.000 0.000 0.000 123.219 0.000 likelihood = 209392.80801238 iter 27
calculating derivative for 0: 0.000000 bounds:1 [0.000000-1.000000] 34.729601 209380.033044
calculating derivative for 1: 0.000000 bounds:1 [0.000000-1.000000] 31.967647 209380.033044
calculating derivative for 2: 0.000000 bounds:1 [0.000000-1.000000] 14.030957 209380.033044
calculating derivative for 3: 0.000000 bounds:1 [0.000000-1.000000] 16.996637 209380.033044
calculating derivative for 4: 0.000000 bounds:1 [0.000000-1.000000] 5.873153 209380.033044
calculating derivative for 5: 0.000000 bounds:1 [0.000000-1.000000] 16.824924 209380.033044
calculating derivative for 6: 0.000000 bounds:1 [0.000000-1.000000] 16.871491 209380.033044
calculating derivative for 7: 0.000000 bounds:1 [0.000000-1.000000] 9.746873 209380.033044
calculating derivative for 8: 0.000000 bounds:1 [0.000000-1.000000] 39.319275 209380.033044
calculating derivative for 9: 0.000000 bounds:1 [0.000000-1.000000] 7.383642 209380.033044
calculating derivative for 10: 0.000000 bounds:1 [0.000000-1.000000] 5.884795 209380.033044
calculating derivative for 11: 0.000000 bounds:1 [0.000000-1.000000] 10.713120 209380.033044
calculating derivative for 12: 0.000000 bounds:1 [0.000000-1.000000] 37.928112 209380.033044
calculating derivative for 13: 15.642933 bounds:1 [0.000000-1.000000] 5.841139 209380.033044
calculating derivative for 14: 0.000000 bounds:1 [0.000000-1.000000] 12.078090 209380.033044
calculating derivative for 15: 0.000000 bounds:1 [0.000000-1.000000] 18.641003 209380.033044
calculating derivative for 16: 0.000000 bounds:1 [0.000000-1.000000] 16.862759 209380.033044
calculating derivative for 17: 0.000000 bounds:1 [0.000000-1.000000] 35.486300 209380.033044
calculating derivative for 18: 0.000000 bounds:1 [0.000000-1.000000] 38.172584 209380.033044
calculating derivative for 19: 0.000000 bounds:1 [0.000000-1.000000] 11.653174 209380.033044
calculating derivative for 20: 0.000000 bounds:1 [0.000000-1.000000] 12.590317 209380.033044
calculating derivative for 21: 0.000000 bounds:1 [0.000000-1.000000] 12.834789 209380.033044
calculating derivative for 22: 0.000000 bounds:1 [0.000000-1.000000] 9.845826 209380.033044
calculating derivative for 23: 0.000000 bounds:1 [0.000000-1.000000] 13.178214 209380.033044
calculating derivative for 24: 133.282013 bounds:1 [0.000000-1.000000] -0.571890 209380.033044
calculating derivative for 25: 0.000000 bounds:1 [0.000000-1.000000] 39.848965 209380.033044
0.000 0.000 0.000 0.000 0.000 0.000 0.000 0.000 0.000 0.000 0.000 0.000 0.000 15.643 0.000 0.000 0.000 0.000 0.000 0.000 0.000 0.000 0.000 0.000 133.282 0.000 likelihood = 209380.03304438 iter 28
calculating derivative for 0: 0.000000 bounds:1 [0.000000-1.000000] 26.135240 209339.967878
calculating derivative for 1: 0.000000 bounds:1 [0.000000-1.000000] 23.891334 209339.967878
calculating derivative for 2: 0.000000 bounds:1 [0.000000-1.000000] 10.014628 209339.967878
calculating derivative for 3: 0.000000 bounds:1 [0.000000-1.000000] 12.191595 209339.967878
calculating derivative for 4: 0.000000 bounds:1 [0.000000-1.000000] 4.007597 209339.967878
calculating derivative for 5: 0.000000 bounds:1 [0.000000-1.000000] 11.638622 209339.967878
calculating derivative for 6: 0.000000 bounds:1 [0.000000-1.000000] 12.165401 209339.967878
calculating derivative for 7: 0.000000 bounds:1 [0.000000-1.000000] 6.693881 209339.967878
calculating derivative for 8: 0.000000 bounds:1 [0.000000-1.000000] 29.781950 209339.967878
calculating derivative for 9: 0.000000 bounds:1 [0.000000-1.000000] 4.976755 209339.967878
calculating derivative for 10: 0.000000 bounds:1 [0.000000-1.000000] 4.185131 209339.967878
calculating derivative for 11: 0.000000 bounds:1 [0.000000-1.000000] 7.628114 209339.967878
calculating derivative for 12: 0.000000 bounds:1 [0.000000-1.000000] 28.091017 209339.967878
calculating derivative for 13: 11.534616 bounds:1 [0.000000-1.000000] 3.560854 209339.967878
calculating derivative for 14: 0.000000 bounds:1 [0.000000-1.000000] 9.089126 209339.967878
calculating derivative for 15: 0.000000 bounds:1 [0.000000-1.000000] 13.801036 209339.967878
calculating derivative for 16: 0.000000 bounds:1 [0.000000-1.000000] 12.622331 209339.967878
calculating derivative for 17: 0.000000 bounds:1 [0.000000-1.000000] 26.202179 209339.967878
calculating derivative for 18: 0.000000 bounds:1 [0.000000-1.000000] 28.495560 209339.967878
calculating derivative for 19: 0.000000 bounds:1 [0.000000-1.000000] 8.704956 209339.967878
calculating derivative for 20: 0.000000 bounds:1 [0.000000-1.000000] 9.499490 209339.967878
calculating derivative for 21: 0.000000 bounds:1 [0.000000-1.000000] 8.806819 209339.967878
calculating derivative for 22: 0.000000 bounds:1 [0.000000-1.000000] 6.621121 209339.967878
calculating derivative for 23: 0.000000 bounds:1 [0.000000-1.000000] 9.717769 209339.967878
calculating derivative for 24: 183.251846 bounds:1 [0.000000-1.000000] -0.248838 209339.967878
calculating derivative for 25: 0.000000 bounds:1 [0.000000-1.000000] 29.543298 209339.967878
0.000 0.000 0.000 0.000 0.000 0.000 0.000 0.000 0.000 0.000 0.000 0.000 0.000 11.535 0.000 0.000 0.000 0.000 0.000 0.000 0.000 0.000 0.000 0.000 183.252 0.000 likelihood = 209339.96787790 iter 29
calculating derivative for 0: 0.000000 bounds:1 [0.000000-1.000000] 21.359301 209319.056118
calculating derivative for 1: 0.000000 bounds:1 [0.000000-1.000000] 19.685831 209319.056118
calculating derivative for 2: 0.000000 bounds:1 [0.000000-1.000000] 7.080962 209319.056118
calculating derivative for 3: 0.000000 bounds:1 [0.000000-1.000000] 9.924406 209319.056118
calculating derivative for 4: 0.000000 bounds:1 [0.000000-1.000000] 2.587331 209319.056118
calculating derivative for 5: 0.000000 bounds:1 [0.000000-1.000000] 9.810901 209319.056118
calculating derivative for 6: 0.000000 bounds:1 [0.000000-1.000000] 9.610085 209319.056118
calculating derivative for 7: 0.000000 bounds:1 [0.000000-1.000000] 4.243338 209319.056118
calculating derivative for 8: 0.000000 bounds:1 [0.000000-1.000000] 23.448956 209319.056118
calculating derivative for 9: 0.000000 bounds:1 [0.000000-1.000000] 3.472087 209319.056118
calculating derivative for 10: 0.000000 bounds:1 [0.000000-1.000000] 2.738670 209319.056118
calculating derivative for 11: 0.000000 bounds:1 [0.000000-1.000000] 5.244510 209319.056118
calculating derivative for 12: 0.000000 bounds:1 [0.000000-1.000000] 23.134635 209319.056118
calculating derivative for 13: 7.050755 bounds:1 [0.000000-1.000000] 2.240995 209319.056118
calculating derivative for 14: 0.000000 bounds:1 [0.000000-1.000000] 6.510527 209319.056118
calculating derivative for 15: 0.000000 bounds:1 [0.000000-1.000000] 10.733493 209319.056118
calculating derivative for 16: 0.000000 bounds:1 [0.000000-1.000000] 10.212534 209319.056118
calculating derivative for 17: 0.000000 bounds:1 [0.000000-1.000000] 21.563028 209319.056118
calculating derivative for 18: 0.000000 bounds:1 [0.000000-1.000000] 23.591565 209319.056118
calculating derivative for 19: 0.000000 bounds:1 [0.000000-1.000000] 5.227048 209319.056118
calculating derivative for 20: 0.000000 bounds:1 [0.000000-1.000000] 5.919719 209319.056118
calculating derivative for 21: 0.000000 bounds:1 [0.000000-1.000000] 6.533810 209319.056118
calculating derivative for 22: 0.000000 bounds:1 [0.000000-1.000000] 4.057074 209319.056118
calculating derivative for 23: 0.000000 bounds:1 [0.000000-1.000000] 6.993650 209319.056118
calculating derivative for 24: 235.376542 bounds:1 [0.000000-1.000000] -0.039290 209319.056118
calculating derivative for 25: 0.000000 bounds:1 [0.000000-1.000000] 24.359906 209319.056118
0.000 0.000 0.000 0.000 0.000 0.000 0.000 0.000 0.000 0.000 0.000 0.000 0.000 7.051 0.000 0.000 0.000 0.000 0.000 0.000 0.000 0.000 0.000 0.000 235.377 0.000 likelihood = 209319.05611779 iter 30
calculating derivative for 0: 0.000000 bounds:1 [0.000000-1.000000] 17.872662 209309.716117
calculating derivative for 1: 0.000000 bounds:1 [0.000000-1.000000] 16.321428 209309.716117
calculating derivative for 2: 0.000000 bounds:1 [0.000000-1.000000] 6.676419 209309.716117
calculating derivative for 3: 0.000000 bounds:1 [0.000000-1.000000] 7.732888 209309.716117
calculating derivative for 4: 0.000000 bounds:1 [0.000000-1.000000] 2.473826 209309.716117
calculating derivative for 5: 0.000000 bounds:1 [0.000000-1.000000] 7.811468 209309.716117
calculating derivative for 6: 0.000000 bounds:1 [0.000000-1.000000] 7.756171 209309.716117
calculating derivative for 7: 0.000000 bounds:1 [0.000000-1.000000] 4.714821 209309.716117
calculating derivative for 8: 0.000000 bounds:1 [0.000000-1.000000] 20.256266 209309.716117
calculating derivative for 9: 0.000000 bounds:1 [0.000000-1.000000] 3.253808 209309.716117
calculating derivative for 10: 0.000000 bounds:1 [0.000000-1.000000] 2.418528 209309.716117
calculating derivative for 11: 0.000000 bounds:1 [0.000000-1.000000] 4.857429 209309.716117
calculating derivative for 12: 0.000000 bounds:1 [0.000000-1.000000] 19.240542 209309.716117
calculating derivative for 13: 3.593285 bounds:1 [0.000000-1.000000] 2.025627 209309.716117
calculating derivative for 14: 0.000000 bounds:1 [0.000000-1.000000] 6.519258 209309.716117
calculating derivative for 15: 0.000000 bounds:1 [0.000000-1.000000] 8.105417 209309.716117
calculating derivative for 16: 0.000000 bounds:1 [0.000000-1.000000] 7.823110 209309.716117
calculating derivative for 17: 0.000000 bounds:1 [0.000000-1.000000] 17.863931 209309.716117
calculating derivative for 18: 0.000000 bounds:1 [0.000000-1.000000] 19.263825 209309.716117
calculating derivative for 19: 0.000000 bounds:1 [0.000000-1.000000] 4.403410 209309.716117
calculating derivative for 20: 0.000000 bounds:1 [0.000000-1.000000] 5.407492 209309.716117
calculating derivative for 21: 0.000000 bounds:1 [0.000000-1.000000] 5.806214 209309.716117
calculating derivative for 22: 0.000000 bounds:1 [0.000000-1.000000] 3.748573 209309.716117
calculating derivative for 23: 0.000000 bounds:1 [0.000000-1.000000] 6.391201 209309.716117
calculating derivative for 24: 271.325065 bounds:1 [0.000000-1.000000] 0.023283 209309.716117
calculating derivative for 25: 0.000000 bounds:1 [0.000000-1.000000] 19.837171 209309.716117
0.000 0.000 0.000 0.000 0.000 0.000 0.000 0.000 0.000 0.000 0.000 0.000 0.000 3.593 0.000 0.000 0.000 0.000 0.000 0.000 0.000 0.000 0.000 0.000 271.325 0.000 likelihood = 209309.71611689 iter 31
calculating derivative for 0: 0.000000 bounds:1 [0.000000-1.000000] 14.857505 209303.012430
calculating derivative for 1: 0.000000 bounds:1 [0.000000-1.000000] 13.591489 209303.012430
calculating derivative for 2: 0.000000 bounds:1 [0.000000-1.000000] 4.912727 209303.012430
calculating derivative for 3: 0.000000 bounds:1 [0.000000-1.000000] 6.155460 209303.012430
calculating derivative for 4: 0.000000 bounds:1 [0.000000-1.000000] 1.044828 209303.012430
calculating derivative for 5: 0.000000 bounds:1 [0.000000-1.000000] 6.266055 209303.012430
calculating derivative for 6: 0.000000 bounds:1 [0.000000-1.000000] 5.800393 209303.012430
calculating derivative for 7: 0.000000 bounds:1 [0.000000-1.000000] 2.628076 209303.012430
calculating derivative for 8: 0.000000 bounds:1 [0.000000-1.000000] 16.813283 209303.012430
calculating derivative for 9: 0.000000 bounds:1 [0.000000-1.000000] 1.920853 209303.012430
calculating derivative for 10: 0.000000 bounds:1 [0.000000-1.000000] 1.164153 209303.012430
calculating derivative for 11: 0.000000 bounds:1 [0.000000-1.000000] 3.507012 209303.012430
calculating derivative for 12: 0.000000 bounds:1 [0.000000-1.000000] 15.721889 209303.012430
calculating derivative for 13: 0.000000 bounds:1 [0.000000-1.000000] 0.584987 209303.012430
calculating derivative for 14: 0.000000 bounds:1 [0.000000-1.000000] 4.330650 209303.012430
calculating derivative for 15: 0.000000 bounds:1 [0.000000-1.000000] 6.658956 209303.012430
calculating derivative for 16: 0.000000 bounds:1 [0.000000-1.000000] 6.679329 209303.012430
calculating derivative for 17: 0.000000 bounds:1 [0.000000-1.000000] 14.336547 209303.012430
calculating derivative for 18: 0.000000 bounds:1 [0.000000-1.000000] 16.280683 209303.012430
calculating derivative for 19: 0.000000 bounds:1 [0.000000-1.000000] 3.661262 209303.012430
calculating derivative for 20: 0.000000 bounds:1 [0.000000-1.000000] 4.831236 209303.012430
calculating derivative for 21: 0.000000 bounds:1 [0.000000-1.000000] 4.470348 209303.012430
calculating derivative for 22: 0.000000 bounds:1 [0.000000-1.000000] 2.255547 209303.012430
calculating derivative for 23: 0.000000 bounds:1 [0.000000-1.000000] 4.691537 209303.012430
calculating derivative for 24: 344.387108 bounds:1 [0.000000-1.000000] 0.000000 209303.012430
calculating derivative for 25: 0.000000 bounds:1 [0.000000-1.000000] 16.955892 209303.012430
0.000 0.000 0.000 0.000 0.000 0.000 0.000 0.000 0.000 0.000 0.000 0.000 0.000 0.000 0.000 0.000 0.000 0.000 0.000 0.000 0.000 0.000 0.000 0.000 344.387 0.000 likelihood = 209303.01242969 iter 32

	* * *

Tit   = total number of iterations
Tnf   = total number of function evaluations
Tnint = total number of segments explored during Cauchy searches
Skip  = number of BFGS updates skipped
Nact  = number of active bounds at final generalized Cuachy point
Projg = norm of the final projected gradient
F     = final function value

	* * *
N	Tit	Tnf	Tnint	Skip	Nact	Projg	F
26	26	33	51	1	24	0.000000e+00	2.093030e+05
F = 209303.012430
CONVERGENCE: NORM_OF_PROJECTED_GRADIENT_<=_PGTOL            
Cauchy time 0 seconds.
Subspace minimization time 0 seconds.
Line search time 114 seconds.
Total User time 120 seconds.
derivative for 0: 0.000000 bounds:1 [0.000000-1.000000] 14.857505 209303.012430
derivative for 1: 0.000000 bounds:1 [0.000000-1.000000] 13.591489 209303.012430
derivative for 2: 0.000000 bounds:1 [0.000000-1.000000] 4.912727 209303.012430
derivative for 3: 0.000000 bounds:1 [0.000000-1.000000] 6.155460 209303.012430
derivative for 4: 0.000000 bounds:1 [0.000000-1.000000] 1.044828 209303.012430
derivative for 5: 0.000000 bounds:1 [0.000000-1.000000] 6.266055 209303.012430
derivative for 6: 0.000000 bounds:1 [0.000000-1.000000] 5.800393 209303.012430
derivative for 7: 0.000000 bounds:1 [0.000000-1.000000] 2.628076 209303.012430
derivative for 8: 0.000000 bounds:1 [0.000000-1.000000] 16.813283 209303.012430
derivative for 9: 0.000000 bounds:1 [0.000000-1.000000] 1.920853 209303.012430
derivative for 10: 0.000000 bounds:1 [0.000000-1.000000] 1.164153 209303.012430
derivative for 11: 0.000000 bounds:1 [0.000000-1.000000] 3.507012 209303.012430
derivative for 12: 0.000000 bounds:1 [0.000000-1.000000] 15.721889 209303.012430
derivative for 13: 0.000000 bounds:1 [0.000000-1.000000] 0.584987 209303.012430
derivative for 14: 0.000000 bounds:1 [0.000000-1.000000] 4.330650 209303.012430
derivative for 15: 0.000000 bounds:1 [0.000000-1.000000] 6.658956 209303.012430
derivative for 16: 0.000000 bounds:1 [0.000000-1.000000] 6.679329 209303.012430
derivative for 17: 0.000000 bounds:1 [0.000000-1.000000] 14.336547 209303.012430
derivative for 18: 0.000000 bounds:1 [0.000000-1.000000] 16.280683 209303.012430
derivative for 19: 0.000000 bounds:1 [0.000000-1.000000] 3.661262 209303.012430
derivative for 20: 0.000000 bounds:1 [0.000000-1.000000] 4.831236 209303.012430
derivative for 21: 0.000000 bounds:1 [0.000000-1.000000] 4.470348 209303.012430
derivative for 22: 0.000000 bounds:1 [0.000000-1.000000] 2.255547 209303.012430
derivative for 23: 0.000000 bounds:1 [0.000000-1.000000] 4.691537 209303.012430
derivative for 24: 344.387108 bounds:1 [0.000000-1.000000] 0.000000 209303.012430
derivative for 25: 0.000000 bounds:1 [0.000000-1.000000] 16.955892 209303.012430


final maxval -209303.012430 ADMIX_PROP ACB:0.0000 ASW:0.0000 BEB:0.0000 CDX:0.0000 CEU:0.0000 CHB:0.0000 CHS:0.0000 CLM:0.0000 ESN:0.0000 FIN:0.0000 GBR:0.0000 GIH:0.0000 GWD:0.0000 IBS:0.0000 ITU:0.0000 JPT:0.0000 KHV:0.0000 LWK:0.0000 MSL:0.0000 MXL:0.0000 PEL:0.0000 PJL:0.0000 PUR:0.0000 STU:0.0000 TSI:1.0000 YRI:0.0000 
TSI:1.0000 FINAL_NZ_PROPS
