snps in file 263880 pops 26
ACB:0.004 ASW:0.057 BEB:0.033 CDX:0.046 CEU:0.019 CHB:0.026 CHS:0.072 CLM:0.024 ESN:0.007 FIN:0.025 GBR:0.051 GIH:0.035 GWD:0.015 IBS:0.013 ITU:0.068 JPT:0.056 KHV:0.031 LWK:0.031 MSL:0.079 MXL:0.061 PEL:0.017 PJL:0.072 PUR:0.061 STU:0.014 TSI:0.082 YRI:0.001  initial sol -nan
calculating derivative for 0: 0.003693 bounds:1 [0.000000-1.000000] -41699.489520 142085.939046
calculating derivative for 1: 0.057366 bounds:1 [0.000000-1.000000] -34119.834891 142085.939046
calculating derivative for 2: 0.032900 bounds:1 [0.000000-1.000000] 10189.013847 142085.939046
calculating derivative for 3: 0.046128 bounds:1 [0.000000-1.000000] 13594.554912 142085.939046
calculating derivative for 4: 0.019210 bounds:1 [0.000000-1.000000] 11044.986604 142085.939046
calculating derivative for 5: 0.026156 bounds:1 [0.000000-1.000000] 13986.014528 142085.939046
calculating derivative for 6: 0.072416 bounds:1 [0.000000-1.000000] 14062.448463 142085.939046
calculating derivative for 7: 0.023518 bounds:1 [0.000000-1.000000] 6793.829380 142085.939046
calculating derivative for 8: 0.007041 bounds:1 [0.000000-1.000000] -48745.586537 142085.939046
calculating derivative for 9: 0.025432 bounds:1 [0.000000-1.000000] 11774.346058 142085.939046
calculating derivative for 10: 0.050913 bounds:1 [0.000000-1.000000] 11181.988521 142085.939046
calculating derivative for 11: 0.034569 bounds:1 [0.000000-1.000000] 10010.269762 142085.939046
calculating derivative for 12: 0.014767 bounds:1 [0.000000-1.000000] -47677.477414 142085.939046
calculating derivative for 13: 0.012861 bounds:1 [0.000000-1.000000] 9586.926899 142085.939046
calculating derivative for 14: 0.067648 bounds:1 [0.000000-1.000000] 9783.104178 142085.939046
calculating derivative for 15: 0.056143 bounds:1 [0.000000-1.000000] 13934.529852 142085.939046
calculating derivative for 16: 0.031224 bounds:1 [0.000000-1.000000] 13655.814109 142085.939046
calculating derivative for 17: 0.031031 bounds:1 [0.000000-1.000000] -44131.252798 142085.939046
calculating derivative for 18: 0.079337 bounds:1 [0.000000-1.000000] -50931.923033 142085.939046
calculating derivative for 19: 0.060951 bounds:1 [0.000000-1.000000] 10349.928925 142085.939046
calculating derivative for 20: 0.017411 bounds:1 [0.000000-1.000000] 12348.909513 142085.939046
calculating derivative for 21: 0.071839 bounds:1 [0.000000-1.000000] 9960.038005 142085.939046
calculating derivative for 22: 0.060646 bounds:1 [0.000000-1.000000] 2843.815309 142085.939046
calculating derivative for 23: 0.014094 bounds:1 [0.000000-1.000000] 9514.433623 142085.939046
calculating derivative for 24: 0.081640 bounds:1 [0.000000-1.000000] 10118.303180 142085.939046
calculating derivative for 25: 0.001067 bounds:1 [0.000000-1.000000] -48842.129763 142085.939046
RUNNING THE L-BFGS-B CODE

	* * *

Machine precision = 2.220446e-16
 N = 26, M = 20
ITERATION 0
calculating derivative for 0: 0.003693 bounds:1 [0.000000-1.000000] -41699.490976 142085.939046
calculating derivative for 1: 0.057366 bounds:1 [0.000000-1.000000] -34119.836346 142085.939046
calculating derivative for 2: 0.032900 bounds:1 [0.000000-1.000000] 10189.013847 142085.939046
calculating derivative for 3: 0.046128 bounds:1 [0.000000-1.000000] 13594.554912 142085.939046
calculating derivative for 4: 0.019210 bounds:1 [0.000000-1.000000] 11044.986604 142085.939046
calculating derivative for 5: 0.026156 bounds:1 [0.000000-1.000000] 13986.013073 142085.939046
calculating derivative for 6: 0.072416 bounds:1 [0.000000-1.000000] 14062.448463 142085.939046
calculating derivative for 7: 0.023518 bounds:1 [0.000000-1.000000] 6793.829380 142085.939046
calculating derivative for 8: 0.007041 bounds:1 [0.000000-1.000000] -48745.586537 142085.939046
calculating derivative for 9: 0.025432 bounds:1 [0.000000-1.000000] 11774.347513 142085.939046
calculating derivative for 10: 0.050913 bounds:1 [0.000000-1.000000] 11181.988521 142085.939046
calculating derivative for 11: 0.034569 bounds:1 [0.000000-1.000000] 10010.269762 142085.939046
calculating derivative for 12: 0.014767 bounds:1 [0.000000-1.000000] -47677.477414 142085.939046
calculating derivative for 13: 0.012861 bounds:1 [0.000000-1.000000] 9586.926899 142085.939046
calculating derivative for 14: 0.067648 bounds:1 [0.000000-1.000000] 9783.104178 142085.939046
calculating derivative for 15: 0.056143 bounds:1 [0.000000-1.000000] 13934.529852 142085.939046
calculating derivative for 16: 0.031224 bounds:1 [0.000000-1.000000] 13655.812654 142085.939046
calculating derivative for 17: 0.031031 bounds:1 [0.000000-1.000000] -44131.254253 142085.939046
calculating derivative for 18: 0.079337 bounds:1 [0.000000-1.000000] -50931.925944 142085.939046
calculating derivative for 19: 0.060951 bounds:1 [0.000000-1.000000] 10349.928925 142085.939046
calculating derivative for 20: 0.017411 bounds:1 [0.000000-1.000000] 12348.912423 142085.939046
calculating derivative for 21: 0.071839 bounds:1 [0.000000-1.000000] 9960.038005 142085.939046
calculating derivative for 22: 0.060646 bounds:1 [0.000000-1.000000] 2843.816765 142085.939046
calculating derivative for 23: 0.014094 bounds:1 [0.000000-1.000000] 9514.433623 142085.939046
calculating derivative for 24: 0.081640 bounds:1 [0.000000-1.000000] 10118.303180 142085.939046
calculating derivative for 25: 0.001067 bounds:1 [0.000000-1.000000] -48842.129763 142085.939046
0.004 0.057 0.033 0.046 0.019 0.026 0.072 0.024 0.007 0.025 0.051 0.035 0.015 0.013 0.068 0.056 0.031 0.031 0.079 0.061 0.017 0.072 0.061 0.014 0.082 0.001 likelihood = 142085.93904582 iter 0
At iteration 0 f=142085.939046	|proj g| = 5.093193e+04
calculating derivative for 0: 0.350234 bounds:1 [0.000000-1.000000] -701.819226 122027.719234
calculating derivative for 1: 0.340917 bounds:1 [0.000000-1.000000] -39.694714 122027.719234
calculating derivative for 2: 0.032899 bounds:1 [0.000000-1.000000] 3872.910020 122027.719234
calculating derivative for 3: 0.046128 bounds:1 [0.000000-1.000000] 4086.035187 122027.719234
calculating derivative for 4: 0.019210 bounds:1 [0.000000-1.000000] 4137.341602 122027.719234
calculating derivative for 5: 0.026155 bounds:1 [0.000000-1.000000] 4136.623465 122027.719234
calculating derivative for 6: 0.072415 bounds:1 [0.000000-1.000000] 4142.008402 122027.719234
calculating derivative for 7: 0.023517 bounds:1 [0.000000-1.000000] 3686.655691 122027.719234
calculating derivative for 8: 0.412138 bounds:1 [0.000000-1.000000] -1289.522334 122027.719234
calculating derivative for 9: 0.025432 bounds:1 [0.000000-1.000000] 4185.043508 122027.719234
calculating derivative for 10: 0.050912 bounds:1 [0.000000-1.000000] 4138.591612 122027.719234
calculating derivative for 11: 0.034568 bounds:1 [0.000000-1.000000] 3895.729606 122027.719234
calculating derivative for 12: 0.410987 bounds:1 [0.000000-1.000000] -1334.994886 122027.719234
calculating derivative for 13: 0.012861 bounds:1 [0.000000-1.000000] 3969.812678 122027.719234
calculating derivative for 14: 0.067647 bounds:1 [0.000000-1.000000] 3859.078424 122027.719234
calculating derivative for 15: 0.056143 bounds:1 [0.000000-1.000000] 4139.041994 122027.719234
calculating derivative for 16: 0.031224 bounds:1 [0.000000-1.000000] 4104.934487 122027.719234
calculating derivative for 17: 0.397781 bounds:1 [0.000000-1.000000] -897.855352 122027.719234
calculating derivative for 18: 0.502603 bounds:1 [0.000000-1.000000] -1913.604501 122027.719234
calculating derivative for 19: 0.060950 bounds:1 [0.000000-1.000000] 3984.593059 122027.719234
calculating derivative for 20: 0.017410 bounds:1 [0.000000-1.000000] 4150.214954 122027.719234
calculating derivative for 21: 0.071838 bounds:1 [0.000000-1.000000] 3898.177238 122027.719234
calculating derivative for 22: 0.060646 bounds:1 [0.000000-1.000000] 3328.234015 122027.719234
calculating derivative for 23: 0.014094 bounds:1 [0.000000-1.000000] 3821.893915 122027.719234
calculating derivative for 24: 0.081640 bounds:1 [0.000000-1.000000] 4023.915972 122027.719234
calculating derivative for 25: 0.406966 bounds:1 [0.000000-1.000000] -1316.802809 122027.719234
0.350 0.341 0.033 0.046 0.019 0.026 0.072 0.024 0.412 0.025 0.051 0.035 0.411 0.013 0.068 0.056 0.031 0.398 0.503 0.061 0.017 0.072 0.061 0.014 0.082 0.407 likelihood = 122027.71923409 iter 1
calculating derivative for 0: 0.346159 bounds:1 [0.000000-1.000000] -14.072430 120079.490319
calculating derivative for 1: 0.333227 bounds:1 [0.000000-1.000000] 509.730307 120079.490319
calculating derivative for 2: 0.003399 bounds:1 [0.000000-1.000000] 3556.202137 120079.490319
calculating derivative for 3: 0.015578 bounds:1 [0.000000-1.000000] 3624.165402 120079.490319
calculating derivative for 4: 0.000000 bounds:1 [0.000000-1.000000] 3867.919440 120079.490319
calculating derivative for 5: 0.000000 bounds:1 [0.000000-1.000000] 3671.941522 120079.490319
calculating derivative for 6: 0.041504 bounds:1 [0.000000-1.000000] 3675.977496 120079.490319
calculating derivative for 7: 0.000000 bounds:1 [0.000000-1.000000] 3466.013004 120079.490319
calculating derivative for 8: 0.411197 bounds:1 [0.000000-1.000000] -456.049020 120079.490319
calculating derivative for 9: 0.000000 bounds:1 [0.000000-1.000000] 3887.321509 120079.490319
calculating derivative for 10: 0.019447 bounds:1 [0.000000-1.000000] 3865.027247 120079.490319
calculating derivative for 11: 0.004846 bounds:1 [0.000000-1.000000] 3602.230572 120079.490319
calculating derivative for 12: 0.410668 bounds:1 [0.000000-1.000000] -564.158836 120079.490319
calculating derivative for 13: 0.000000 bounds:1 [0.000000-1.000000] 3719.860979 120079.490319
calculating derivative for 14: 0.038178 bounds:1 [0.000000-1.000000] 3568.171087 120079.490319
calculating derivative for 15: 0.025229 bounds:1 [0.000000-1.000000] 3681.147064 120079.490319
calculating derivative for 16: 0.000532 bounds:1 [0.000000-1.000000] 3647.826088 120079.490319
calculating derivative for 17: 0.394733 bounds:1 [0.000000-1.000000] -128.360989 120079.490319
calculating derivative for 18: 0.506234 bounds:1 [0.000000-1.000000] -1195.727236 120079.490319
calculating derivative for 19: 0.030573 bounds:1 [0.000000-1.000000] 3680.029477 120079.490319
calculating derivative for 20: 0.000000 bounds:1 [0.000000-1.000000] 3786.718298 120079.490319
calculating derivative for 21: 0.042086 bounds:1 [0.000000-1.000000] 3610.779095 120079.490319
calculating derivative for 22: 0.034102 bounds:1 [0.000000-1.000000] 3192.330769 120079.490319
calculating derivative for 23: 0.000000 bounds:1 [0.000000-1.000000] 3529.925016 120079.490319
calculating derivative for 24: 0.050895 bounds:1 [0.000000-1.000000] 3773.670323 120079.490319
calculating derivative for 25: 0.406225 bounds:1 [0.000000-1.000000] -492.520485 120079.490319
0.346 0.333 0.003 0.016 0.000 0.000 0.042 0.000 0.411 0.000 0.019 0.005 0.411 0.000 0.038 0.025 0.001 0.395 0.506 0.031 0.000 0.042 0.034 0.000 0.051 0.406 likelihood = 120079.49031888 iter 2
calculating derivative for 0: 0.335248 bounds:1 [0.000000-1.000000] 303.833804 119065.179868
calculating derivative for 1: 0.307982 bounds:1 [0.000000-1.000000] 619.523053 119065.179868
calculating derivative for 2: 0.000000 bounds:1 [0.000000-1.000000] 2403.507824 119065.179868
calculating derivative for 3: 0.000000 bounds:1 [0.000000-1.000000] 2328.345727 119065.179868
calculating derivative for 4: 0.000000 bounds:1 [0.000000-1.000000] 2723.622310 119065.179868
calculating derivative for 5: 0.000000 bounds:1 [0.000000-1.000000] 2368.890273 119065.179868
calculating derivative for 6: 0.000000 bounds:1 [0.000000-1.000000] 2366.924309 119065.179868
calculating derivative for 7: 0.000000 bounds:1 [0.000000-1.000000] 2429.616870 119065.179868
calculating derivative for 8: 0.412022 bounds:1 [0.000000-1.000000] 74.868876 119065.179868
calculating derivative for 9: 0.000000 bounds:1 [0.000000-1.000000] 2716.759627 119065.179868
calculating derivative for 10: 0.000000 bounds:1 [0.000000-1.000000] 2713.191498 119065.179868
calculating derivative for 11: 0.000000 bounds:1 [0.000000-1.000000] 2466.497244 119065.179868
calculating derivative for 12: 0.415639 bounds:1 [0.000000-1.000000] -103.583443 119065.179868
calculating derivative for 13: 0.000000 bounds:1 [0.000000-1.000000] 2601.523011 119065.179868
calculating derivative for 14: 0.000000 bounds:1 [0.000000-1.000000] 2434.462658 119065.179868
calculating derivative for 15: 0.000000 bounds:1 [0.000000-1.000000] 2375.400800 119065.179868
calculating derivative for 16: 0.000000 bounds:1 [0.000000-1.000000] 2360.467624 119065.179868
calculating derivative for 17: 0.386355 bounds:1 [0.000000-1.000000] 304.040441 119065.179868
calculating derivative for 18: 0.531300 bounds:1 [0.000000-1.000000] -770.550105 119065.179868
calculating derivative for 19: 0.000000 bounds:1 [0.000000-1.000000] 2532.017243 119065.179868
calculating derivative for 20: 0.000000 bounds:1 [0.000000-1.000000] 2590.553777 119065.179868
calculating derivative for 21: 0.000000 bounds:1 [0.000000-1.000000] 2472.194319 119065.179868
calculating derivative for 22: 0.000000 bounds:1 [0.000000-1.000000] 2261.273039 119065.179868
calculating derivative for 23: 0.000000 bounds:1 [0.000000-1.000000] 2403.312828 119065.179868
calculating derivative for 24: 0.000000 bounds:1 [0.000000-1.000000] 2642.671461 119065.179868
calculating derivative for 25: 0.408281 bounds:1 [0.000000-1.000000] 27.906935 119065.179868
0.335 0.308 0.000 0.000 0.000 0.000 0.000 0.000 0.412 0.000 0.000 0.000 0.416 0.000 0.000 0.000 0.000 0.386 0.531 0.000 0.000 0.000 0.000 0.000 0.000 0.408 likelihood = 119065.17986767 iter 3
calculating derivative for 0: 0.331001 bounds:1 [0.000000-1.000000] 307.734445 119046.965621
calculating derivative for 1: 0.298492 bounds:1 [0.000000-1.000000] 618.467311 119046.965621
calculating derivative for 2: 0.000000 bounds:1 [0.000000-1.000000] 2389.489964 119046.965621
calculating derivative for 3: 0.000000 bounds:1 [0.000000-1.000000] 2315.361053 119046.965621
calculating derivative for 4: 0.000000 bounds:1 [0.000000-1.000000] 2705.838415 119046.965621
calculating derivative for 5: 0.000000 bounds:1 [0.000000-1.000000] 2356.198092 119046.965621
calculating derivative for 6: 0.000000 bounds:1 [0.000000-1.000000] 2353.973105 119046.965621
calculating derivative for 7: 0.000000 bounds:1 [0.000000-1.000000] 2414.558548 119046.965621
calculating derivative for 8: 0.411691 bounds:1 [0.000000-1.000000] 82.288898 119046.965621
calculating derivative for 9: 0.000000 bounds:1 [0.000000-1.000000] 2699.092147 119046.965621
calculating derivative for 10: 0.000000 bounds:1 [0.000000-1.000000] 2695.068542 119046.965621
calculating derivative for 11: 0.000000 bounds:1 [0.000000-1.000000] 2452.143235 119046.965621
calculating derivative for 12: 0.417929 bounds:1 [0.000000-1.000000] -94.520510 119046.965621
calculating derivative for 13: 0.000000 bounds:1 [0.000000-1.000000] 2584.229514 119046.965621
calculating derivative for 14: 0.000000 bounds:1 [0.000000-1.000000] 2420.814417 119046.965621
calculating derivative for 15: 0.000000 bounds:1 [0.000000-1.000000] 2362.103260 119046.965621
calculating derivative for 16: 0.000000 bounds:1 [0.000000-1.000000] 2347.177360 119046.965621
calculating derivative for 17: 0.382314 bounds:1 [0.000000-1.000000] 308.367453 119046.965621
calculating derivative for 18: 0.543797 bounds:1 [0.000000-1.000000] -759.924296 119046.965621
calculating derivative for 19: 0.000000 bounds:1 [0.000000-1.000000] 2516.560198 119046.965621
calculating derivative for 20: 0.000000 bounds:1 [0.000000-1.000000] 2575.195685 119046.965621
calculating derivative for 21: 0.000000 bounds:1 [0.000000-1.000000] 2458.035306 119046.965621
calculating derivative for 22: 0.000000 bounds:1 [0.000000-1.000000] 2247.767407 119046.965621
calculating derivative for 23: 0.000000 bounds:1 [0.000000-1.000000] 2390.124428 119046.965621
calculating derivative for 24: 0.000000 bounds:1 [0.000000-1.000000] 2625.909110 119046.965621
calculating derivative for 25: 0.408654 bounds:1 [0.000000-1.000000] 35.494304 119046.965621
0.331 0.298 0.000 0.000 0.000 0.000 0.000 0.000 0.412 0.000 0.000 0.000 0.418 0.000 0.000 0.000 0.000 0.382 0.544 0.000 0.000 0.000 0.000 0.000 0.000 0.409 likelihood = 119046.96562054 iter 4
calculating derivative for 0: 0.314011 bounds:1 [0.000000-1.000000] 322.857522 118975.409167
calculating derivative for 1: 0.260530 bounds:1 [0.000000-1.000000] 613.420707 118975.409167
calculating derivative for 2: 0.000000 bounds:1 [0.000000-1.000000] 2330.783173 118975.409167
calculating derivative for 3: 0.000000 bounds:1 [0.000000-1.000000] 2261.012560 118975.409167
calculating derivative for 4: 0.000000 bounds:1 [0.000000-1.000000] 2631.099778 118975.409167
calculating derivative for 5: 0.000000 bounds:1 [0.000000-1.000000] 2301.162749 118975.409167
calculating derivative for 6: 0.000000 bounds:1 [0.000000-1.000000] 2299.089101 118975.409167
calculating derivative for 7: 0.000000 bounds:1 [0.000000-1.000000] 2352.544107 118975.409167
calculating derivative for 8: 0.410367 bounds:1 [0.000000-1.000000] 110.406836 118975.409167
calculating derivative for 9: 0.000000 bounds:1 [0.000000-1.000000] 2623.944602 118975.409167
calculating derivative for 10: 0.000000 bounds:1 [0.000000-1.000000] 2620.274608 118975.409167
calculating derivative for 11: 0.000000 bounds:1 [0.000000-1.000000] 2391.592716 118975.409167
calculating derivative for 12: 0.427088 bounds:1 [0.000000-1.000000] -59.867307 118975.409167
calculating derivative for 13: 0.000000 bounds:1 [0.000000-1.000000] 2512.152423 118975.409167
calculating derivative for 14: 0.000000 bounds:1 [0.000000-1.000000] 2362.555824 118975.409167
calculating derivative for 15: 0.000000 bounds:1 [0.000000-1.000000] 2307.958493 118975.409167
calculating derivative for 16: 0.000000 bounds:1 [0.000000-1.000000] 2292.766294 118975.409167
calculating derivative for 17: 0.366149 bounds:1 [0.000000-1.000000] 324.686698 118975.409167
calculating derivative for 18: 0.593783 bounds:1 [0.000000-1.000000] -717.947114 118975.409167
calculating derivative for 19: 0.000000 bounds:1 [0.000000-1.000000] 2452.473564 118975.409167
calculating derivative for 20: 0.000000 bounds:1 [0.000000-1.000000] 2512.052015 118975.409167
calculating derivative for 21: 0.000000 bounds:1 [0.000000-1.000000] 2397.342178 118975.409167
calculating derivative for 22: 0.000000 bounds:1 [0.000000-1.000000] 2190.562373 118975.409167
calculating derivative for 23: 0.000000 bounds:1 [0.000000-1.000000] 2332.006989 118975.409167
calculating derivative for 24: 0.000000 bounds:1 [0.000000-1.000000] 2553.337254 118975.409167
calculating derivative for 25: 0.410146 bounds:1 [0.000000-1.000000] 64.528285 118975.409167
0.314 0.261 0.000 0.000 0.000 0.000 0.000 0.000 0.410 0.000 0.000 0.000 0.427 0.000 0.000 0.000 0.000 0.366 0.594 0.000 0.000 0.000 0.000 0.000 0.000 0.410 likelihood = 118975.40916706 iter 5
calculating derivative for 0: 0.246055 bounds:1 [0.000000-1.000000] 361.631101 118711.800439
calculating derivative for 1: 0.108683 bounds:1 [0.000000-1.000000] 561.508205 118711.800439
calculating derivative for 2: 0.000000 bounds:1 [0.000000-1.000000] 2035.248326 118711.800439
calculating derivative for 3: 0.000000 bounds:1 [0.000000-1.000000] 1982.900721 118711.800439
calculating derivative for 4: 0.000000 bounds:1 [0.000000-1.000000] 2261.371992 118711.800439
calculating derivative for 5: 0.000000 bounds:1 [0.000000-1.000000] 2022.460103 118711.800439
calculating derivative for 6: 0.000000 bounds:1 [0.000000-1.000000] 2021.879482 118711.800439
calculating derivative for 7: 0.000000 bounds:1 [0.000000-1.000000] 2041.313564 118711.800439
calculating derivative for 8: 0.405069 bounds:1 [0.000000-1.000000] 208.734855 118711.800439
calculating derivative for 9: 0.000000 bounds:1 [0.000000-1.000000] 2251.511614 118711.800439
calculating derivative for 10: 0.000000 bounds:1 [0.000000-1.000000] 2248.628880 118711.800439
calculating derivative for 11: 0.000000 bounds:1 [0.000000-1.000000] 2086.715540 118711.800439
calculating derivative for 12: 0.463724 bounds:1 [0.000000-1.000000] 66.754728 118711.800439
calculating derivative for 13: 0.000000 bounds:1 [0.000000-1.000000] 2152.367961 118711.800439
calculating derivative for 14: 0.000000 bounds:1 [0.000000-1.000000] 2069.812035 118711.800439
calculating derivative for 15: 0.000000 bounds:1 [0.000000-1.000000] 2030.316682 118711.800439
calculating derivative for 16: 0.000000 bounds:1 [0.000000-1.000000] 2015.482460 118711.800439
calculating derivative for 17: 0.301490 bounds:1 [0.000000-1.000000] 370.715861 118711.800439
calculating derivative for 18: 0.793730 bounds:1 [0.000000-1.000000] -562.344940 118711.800439
calculating derivative for 19: 0.000000 bounds:1 [0.000000-1.000000] 2130.480425 118711.800439
calculating derivative for 20: 0.000000 bounds:1 [0.000000-1.000000] 2196.191053 118711.800439
calculating derivative for 21: 0.000000 bounds:1 [0.000000-1.000000] 2091.628266 118711.800439
calculating derivative for 22: 0.000000 bounds:1 [0.000000-1.000000] 1900.538336 118711.800439
calculating derivative for 23: 0.000000 bounds:1 [0.000000-1.000000] 2041.368862 118711.800439
calculating derivative for 24: 0.000000 bounds:1 [0.000000-1.000000] 2192.490501 118711.800439
calculating derivative for 25: 0.416112 bounds:1 [0.000000-1.000000] 166.599057 118711.800439
0.246 0.109 0.000 0.000 0.000 0.000 0.000 0.000 0.405 0.000 0.000 0.000 0.464 0.000 0.000 0.000 0.000 0.301 0.794 0.000 0.000 0.000 0.000 0.000 0.000 0.416 likelihood = 118711.80043905 iter 6
calculating derivative for 0: 0.000000 bounds:1 [0.000000-1.000000] 234.498293 118138.343662
calculating derivative for 1: 0.000000 bounds:1 [0.000000-1.000000] 304.251444 118138.343662
calculating derivative for 2: 0.000000 bounds:1 [0.000000-1.000000] 990.564877 118138.343662
calculating derivative for 3: 0.000000 bounds:1 [0.000000-1.000000] 986.957457 118138.343662
calculating derivative for 4: 0.000000 bounds:1 [0.000000-1.000000] 1038.264600 118138.343662
calculating derivative for 5: 0.000000 bounds:1 [0.000000-1.000000] 1017.603790 118138.343662
calculating derivative for 6: 0.000000 bounds:1 [0.000000-1.000000] 1020.047057 118138.343662
calculating derivative for 7: 0.000000 bounds:1 [0.000000-1.000000] 977.719901 118138.343662
calculating derivative for 8: 0.361111 bounds:1 [0.000000-1.000000] 193.672895 118138.343662
calculating derivative for 9: 0.000000 bounds:1 [0.000000-1.000000] 1030.020940 118138.343662
calculating derivative for 10: 0.000000 bounds:1 [0.000000-1.000000] 1027.355029 118138.343662
calculating derivative for 11: 0.000000 bounds:1 [0.000000-1.000000] 1017.359318 118138.343662
calculating derivative for 12: 0.699126 bounds:1 [0.000000-1.000000] 207.553239 118138.343662
calculating derivative for 13: 0.000000 bounds:1 [0.000000-1.000000] 972.326961 118138.343662
calculating derivative for 14: 0.000000 bounds:1 [0.000000-1.000000] 1025.845995 118138.343662
calculating derivative for 15: 0.000000 bounds:1 [0.000000-1.000000] 1030.451676 118138.343662
calculating derivative for 16: 0.000000 bounds:1 [0.000000-1.000000] 1012.324356 118138.343662
calculating derivative for 17: 0.000000 bounds:1 [0.000000-1.000000] 194.342283 118138.343662
calculating derivative for 18: 2.131154 bounds:1 [0.000000-1.000000] -139.002805 118138.343662
calculating derivative for 19: 0.000000 bounds:1 [0.000000-1.000000] 1034.162415 118138.343662
calculating derivative for 20: 0.000000 bounds:1 [0.000000-1.000000] 1100.395457 118138.343662
calculating derivative for 21: 0.000000 bounds:1 [0.000000-1.000000] 1017.426257 118138.343662
calculating derivative for 22: 0.000000 bounds:1 [0.000000-1.000000] 899.317092 118138.343662
calculating derivative for 23: 0.000000 bounds:1 [0.000000-1.000000] 1006.072853 118138.343662
calculating derivative for 24: 0.000000 bounds:1 [0.000000-1.000000] 998.452015 118138.343662
calculating derivative for 25: 0.447877 bounds:1 [0.000000-1.000000] 181.567157 118138.343662
0.000 0.000 0.000 0.000 0.000 0.000 0.000 0.000 0.361 0.000 0.000 0.000 0.699 0.000 0.000 0.000 0.000 0.000 2.131 0.000 0.000 0.000 0.000 0.000 0.000 0.448 likelihood = 118138.34366165 iter 7
calculating derivative for 0: 0.000000 bounds:1 [0.000000-1.000000] 232.510502 118130.017393
calculating derivative for 1: 0.000000 bounds:1 [0.000000-1.000000] 301.601540 118130.017393
calculating derivative for 2: 0.000000 bounds:1 [0.000000-1.000000] 981.666381 118130.017393
calculating derivative for 3: 0.000000 bounds:1 [0.000000-1.000000] 977.549644 118130.017393
calculating derivative for 4: 0.000000 bounds:1 [0.000000-1.000000] 1029.025589 118130.017393
calculating derivative for 5: 0.000000 bounds:1 [0.000000-1.000000] 1007.660467 118130.017393
calculating derivative for 6: 0.000000 bounds:1 [0.000000-1.000000] 1010.175038 118130.017393
calculating derivative for 7: 0.000000 bounds:1 [0.000000-1.000000] 968.709355 118130.017393
calculating derivative for 8: 0.353979 bounds:1 [0.000000-1.000000] 189.700950 118130.017393
calculating derivative for 9: 0.000000 bounds:1 [0.000000-1.000000] 1020.832860 118130.017393
calculating derivative for 10: 0.000000 bounds:1 [0.000000-1.000000] 1018.117473 118130.017393
calculating derivative for 11: 0.000000 bounds:1 [0.000000-1.000000] 1007.711398 118130.017393
calculating derivative for 12: 0.700388 bounds:1 [0.000000-1.000000] 205.795368 118130.017393
calculating derivative for 13: 0.000000 bounds:1 [0.000000-1.000000] 963.512866 118130.017393
calculating derivative for 14: 0.000000 bounds:1 [0.000000-1.000000] 1016.091846 118130.017393
calculating derivative for 15: 0.000000 bounds:1 [0.000000-1.000000] 1020.704804 118130.017393
calculating derivative for 16: 0.000000 bounds:1 [0.000000-1.000000] 1002.612407 118130.017393
calculating derivative for 17: 0.000000 bounds:1 [0.000000-1.000000] 192.629523 118130.017393
calculating derivative for 18: 2.178420 bounds:1 [0.000000-1.000000] -133.427238 118130.017393
calculating derivative for 19: 0.000000 bounds:1 [0.000000-1.000000] 1025.022357 118130.017393
calculating derivative for 20: 0.000000 bounds:1 [0.000000-1.000000] 1089.845318 118130.017393
calculating derivative for 21: 0.000000 bounds:1 [0.000000-1.000000] 1008.273102 118130.017393
calculating derivative for 22: 0.000000 bounds:1 [0.000000-1.000000] 891.482341 118130.017393
calculating derivative for 23: 0.000000 bounds:1 [0.000000-1.000000] 997.030293 118130.017393
calculating derivative for 24: 0.000000 bounds:1 [0.000000-1.000000] 989.493856 118130.017393
calculating derivative for 25: 0.443528 bounds:1 [0.000000-1.000000] 178.526534 118130.017393
0.000 0.000 0.000 0.000 0.000 0.000 0.000 0.000 0.354 0.000 0.000 0.000 0.700 0.000 0.000 0.000 0.000 0.000 2.178 0.000 0.000 0.000 0.000 0.000 0.000 0.444 likelihood = 118130.01739282 iter 8
calculating derivative for 0: 0.000000 bounds:1 [0.000000-1.000000] 222.044764 118099.663475
calculating derivative for 1: 0.000000 bounds:1 [0.000000-1.000000] 289.095624 118099.663475
calculating derivative for 2: 0.000000 bounds:1 [0.000000-1.000000] 943.767373 118099.663475
calculating derivative for 3: 0.000000 bounds:1 [0.000000-1.000000] 938.796438 118099.663475
calculating derivative for 4: 0.000000 bounds:1 [0.000000-1.000000] 990.080298 118099.663475
calculating derivative for 5: 0.000000 bounds:1 [0.000000-1.000000] 967.415690 118099.663475
calculating derivative for 6: 0.000000 bounds:1 [0.000000-1.000000] 969.727989 118099.663475
calculating derivative for 7: 0.000000 bounds:1 [0.000000-1.000000] 931.935210 118099.663475
calculating derivative for 8: 0.325447 bounds:1 [0.000000-1.000000] 173.653098 118099.663475
calculating derivative for 9: 0.000000 bounds:1 [0.000000-1.000000] 981.903577 118099.663475
calculating derivative for 10: 0.000000 bounds:1 [0.000000-1.000000] 979.698962 118099.663475
calculating derivative for 11: 0.000000 bounds:1 [0.000000-1.000000] 968.755921 118099.663475
calculating derivative for 12: 0.705436 bounds:1 [0.000000-1.000000] 198.512134 118099.663475
calculating derivative for 13: 0.000000 bounds:1 [0.000000-1.000000] 927.316432 118099.663475
calculating derivative for 14: 0.000000 bounds:1 [0.000000-1.000000] 976.890442 118099.663475
calculating derivative for 15: 0.000000 bounds:1 [0.000000-1.000000] 980.318873 118099.663475
calculating derivative for 16: 0.000000 bounds:1 [0.000000-1.000000] 962.683407 118099.663475
calculating derivative for 17: 0.000000 bounds:1 [0.000000-1.000000] 183.124212 118099.663475
calculating derivative for 18: 2.367487 bounds:1 [0.000000-1.000000] -112.920679 118099.663475
calculating derivative for 19: 0.000000 bounds:1 [0.000000-1.000000] 985.585211 118099.663475
calculating derivative for 20: 0.000000 bounds:1 [0.000000-1.000000] 1047.388650 118099.663475
calculating derivative for 21: 0.000000 bounds:1 [0.000000-1.000000] 969.765824 118099.663475
calculating derivative for 22: 0.000000 bounds:1 [0.000000-1.000000] 857.339182 118099.663475
calculating derivative for 23: 0.000000 bounds:1 [0.000000-1.000000] 958.068995 118099.663475
calculating derivative for 24: 0.000000 bounds:1 [0.000000-1.000000] 952.417031 118099.663475
calculating derivative for 25: 0.426134 bounds:1 [0.000000-1.000000] 165.287202 118099.663475
0.000 0.000 0.000 0.000 0.000 0.000 0.000 0.000 0.325 0.000 0.000 0.000 0.705 0.000 0.000 0.000 0.000 0.000 2.367 0.000 0.000 0.000 0.000 0.000 0.000 0.426 likelihood = 118099.66347483 iter 9
calculating derivative for 0: 0.000000 bounds:1 [0.000000-1.000000] 161.500066 117981.434910
calculating derivative for 1: 0.000000 bounds:1 [0.000000-1.000000] 216.171611 117981.434910
calculating derivative for 2: 0.000000 bounds:1 [0.000000-1.000000] 744.951831 117981.434910
calculating derivative for 3: 0.000000 bounds:1 [0.000000-1.000000] 735.808862 117981.434910
calculating derivative for 4: 0.000000 bounds:1 [0.000000-1.000000] 783.937867 117981.434910
calculating derivative for 5: 0.000000 bounds:1 [0.000000-1.000000] 757.566886 117981.434910
calculating derivative for 6: 0.000000 bounds:1 [0.000000-1.000000] 759.828254 117981.434910
calculating derivative for 7: 0.000000 bounds:1 [0.000000-1.000000] 736.201764 117981.434910
calculating derivative for 8: 0.149022 bounds:1 [0.000000-1.000000] 94.674033 117981.434910
calculating derivative for 9: 0.000000 bounds:1 [0.000000-1.000000] 777.203240 117981.434910
calculating derivative for 10: 0.000000 bounds:1 [0.000000-1.000000] 775.081571 117981.434910
calculating derivative for 11: 0.000000 bounds:1 [0.000000-1.000000] 764.332071 117981.434910
calculating derivative for 12: 0.718189 bounds:1 [0.000000-1.000000] 151.106360 117981.434910
calculating derivative for 13: 0.000000 bounds:1 [0.000000-1.000000] 733.749766 117981.434910
calculating derivative for 14: 0.000000 bounds:1 [0.000000-1.000000] 772.124622 117981.434910
calculating derivative for 15: 0.000000 bounds:1 [0.000000-1.000000] 770.068436 117981.434910
calculating derivative for 16: 0.000000 bounds:1 [0.000000-1.000000] 754.477514 117981.434910
calculating derivative for 17: 0.000000 bounds:1 [0.000000-1.000000] 128.726242 117981.434910
calculating derivative for 18: 3.517807 bounds:1 [0.000000-1.000000] -43.440377 117981.434910
calculating derivative for 19: 0.000000 bounds:1 [0.000000-1.000000] 780.147093 117981.434910
calculating derivative for 20: 0.000000 bounds:1 [0.000000-1.000000] 827.478652 117981.434910
calculating derivative for 21: 0.000000 bounds:1 [0.000000-1.000000] 767.722668 117981.434910
calculating derivative for 22: 0.000000 bounds:1 [0.000000-1.000000] 675.366027 117981.434910
calculating derivative for 23: 0.000000 bounds:1 [0.000000-1.000000] 755.490328 117981.434910
calculating derivative for 24: 0.000000 bounds:1 [0.000000-1.000000] 754.730718 117981.434910
calculating derivative for 25: 0.315456 bounds:1 [0.000000-1.000000] 97.612065 117981.434910
0.000 0.000 0.000 0.000 0.000 0.000 0.000 0.000 0.149 0.000 0.000 0.000 0.718 0.000 0.000 0.000 0.000 0.000 3.518 0.000 0.000 0.000 0.000 0.000 0.000 0.315 likelihood = 117981.43490973 iter 10
calculating derivative for 0: 0.000000 bounds:1 [0.000000-1.000000] 123.424979 117937.753189
calculating derivative for 1: 0.000000 bounds:1 [0.000000-1.000000] 170.897692 117937.753189
calculating derivative for 2: 0.000000 bounds:1 [0.000000-1.000000] 629.037095 117937.753189
calculating derivative for 3: 0.000000 bounds:1 [0.000000-1.000000] 618.469494 117937.753189
calculating derivative for 4: 0.000000 bounds:1 [0.000000-1.000000] 662.803359 117937.753189
calculating derivative for 5: 0.000000 bounds:1 [0.000000-1.000000] 636.563345 117937.753189
calculating derivative for 6: 0.000000 bounds:1 [0.000000-1.000000] 638.655911 117937.753189
calculating derivative for 7: 0.000000 bounds:1 [0.000000-1.000000] 621.927029 117937.753189
calculating derivative for 8: 0.017607 bounds:1 [0.000000-1.000000] 52.415999 117937.753189
calculating derivative for 9: 0.000000 bounds:1 [0.000000-1.000000] 657.219789 117937.753189
calculating derivative for 10: 0.000000 bounds:1 [0.000000-1.000000] 655.320764 117937.753189
calculating derivative for 11: 0.000000 bounds:1 [0.000000-1.000000] 645.554974 117937.753189
calculating derivative for 12: 0.715681 bounds:1 [0.000000-1.000000] 119.091419 117937.753189
calculating derivative for 13: 0.000000 bounds:1 [0.000000-1.000000] 619.268394 117937.753189
calculating derivative for 14: 0.000000 bounds:1 [0.000000-1.000000] 652.628660 117937.753189
calculating derivative for 15: 0.000000 bounds:1 [0.000000-1.000000] 647.825073 117937.753189
calculating derivative for 16: 0.000000 bounds:1 [0.000000-1.000000] 634.277239 117937.753189
calculating derivative for 17: 0.000000 bounds:1 [0.000000-1.000000] 94.408460 117937.753189
calculating derivative for 18: 4.372016 bounds:1 [0.000000-1.000000] -22.794848 117937.753189
calculating derivative for 19: 0.000000 bounds:1 [0.000000-1.000000] 661.102240 117937.753189
calculating derivative for 20: 0.000000 bounds:1 [0.000000-1.000000] 701.512909 117937.753189
calculating derivative for 21: 0.000000 bounds:1 [0.000000-1.000000] 649.267167 117937.753189
calculating derivative for 22: 0.000000 bounds:1 [0.000000-1.000000] 568.747055 117937.753189
calculating derivative for 23: 0.000000 bounds:1 [0.000000-1.000000] 637.971971 117937.753189
calculating derivative for 24: 0.000000 bounds:1 [0.000000-1.000000] 638.343045 117937.753189
calculating derivative for 25: 0.231215 bounds:1 [0.000000-1.000000] 59.635204 117937.753189
0.000 0.000 0.000 0.000 0.000 0.000 0.000 0.000 0.018 0.000 0.000 0.000 0.716 0.000 0.000 0.000 0.000 0.000 4.372 0.000 0.000 0.000 0.000 0.000 0.000 0.231 likelihood = 117937.75318921 iter 11
calculating derivative for 0: 0.000000 bounds:1 [0.000000-1.000000] 94.517600 117913.911724
calculating derivative for 1: 0.000000 bounds:1 [0.000000-1.000000] 133.880530 117913.911724
calculating derivative for 2: 0.000000 bounds:1 [0.000000-1.000000] 518.033630 117913.911724
calculating derivative for 3: 0.000000 bounds:1 [0.000000-1.000000] 506.937795 117913.911724
calculating derivative for 4: 0.000000 bounds:1 [0.000000-1.000000] 546.083902 117913.911724
calculating derivative for 5: 0.000000 bounds:1 [0.000000-1.000000] 522.007758 117913.911724
calculating derivative for 6: 0.000000 bounds:1 [0.000000-1.000000] 523.596827 117913.911724
calculating derivative for 7: 0.000000 bounds:1 [0.000000-1.000000] 512.116821 117913.911724
calculating derivative for 8: 0.000000 bounds:1 [0.000000-1.000000] 31.790114 117913.911724
calculating derivative for 9: 0.000000 bounds:1 [0.000000-1.000000] 540.759356 117913.911724
calculating derivative for 10: 0.000000 bounds:1 [0.000000-1.000000] 539.704342 117913.911724
calculating derivative for 11: 0.000000 bounds:1 [0.000000-1.000000] 532.119884 117913.911724
calculating derivative for 12: 0.705186 bounds:1 [0.000000-1.000000] 89.121022 117913.911724
calculating derivative for 13: 0.000000 bounds:1 [0.000000-1.000000] 509.177335 117913.911724
calculating derivative for 14: 0.000000 bounds:1 [0.000000-1.000000] 537.995948 117913.911724
calculating derivative for 15: 0.000000 bounds:1 [0.000000-1.000000] 532.346894 117913.911724
calculating derivative for 16: 0.000000 bounds:1 [0.000000-1.000000] 520.570029 117913.911724
calculating derivative for 17: 0.000000 bounds:1 [0.000000-1.000000] 69.735688 117913.911724
calculating derivative for 18: 5.387836 bounds:1 [0.000000-1.000000] -12.655073 117913.911724
calculating derivative for 19: 0.000000 bounds:1 [0.000000-1.000000] 545.159855 117913.911724
calculating derivative for 20: 0.000000 bounds:1 [0.000000-1.000000] 579.442712 117913.911724
calculating derivative for 21: 0.000000 bounds:1 [0.000000-1.000000] 535.605068 117913.911724
calculating derivative for 22: 0.000000 bounds:1 [0.000000-1.000000] 467.248901 117913.911724
calculating derivative for 23: 0.000000 bounds:1 [0.000000-1.000000] 525.948417 117913.911724
calculating derivative for 24: 0.000000 bounds:1 [0.000000-1.000000] 525.260111 117913.911724
calculating derivative for 25: 0.130772 bounds:1 [0.000000-1.000000] 35.673293 117913.911724
0.000 0.000 0.000 0.000 0.000 0.000 0.000 0.000 0.000 0.000 0.000 0.000 0.705 0.000 0.000 0.000 0.000 0.000 5.388 0.000 0.000 0.000 0.000 0.000 0.000 0.131 likelihood = 117913.91172385 iter 12
calculating derivative for 0: 0.000000 bounds:1 [0.000000-1.000000] 70.112583 117897.177939
calculating derivative for 1: 0.000000 bounds:1 [0.000000-1.000000] 101.556361 117897.177939
calculating derivative for 2: 0.000000 bounds:1 [0.000000-1.000000] 416.519470 117897.177939
calculating derivative for 3: 0.000000 bounds:1 [0.000000-1.000000] 405.768515 117897.177939
calculating derivative for 4: 0.000000 bounds:1 [0.000000-1.000000] 439.048745 117897.177939
calculating derivative for 5: 0.000000 bounds:1 [0.000000-1.000000] 417.784031 117897.177939
calculating derivative for 6: 0.000000 bounds:1 [0.000000-1.000000] 419.383286 117897.177939
calculating derivative for 7: 0.000000 bounds:1 [0.000000-1.000000] 411.811925 117897.177939
calculating derivative for 8: 0.000000 bounds:1 [0.000000-1.000000] 17.054845 117897.177939
calculating derivative for 9: 0.000000 bounds:1 [0.000000-1.000000] 434.803951 117897.177939
calculating derivative for 10: 0.000000 bounds:1 [0.000000-1.000000] 433.466630 117897.177939
calculating derivative for 11: 0.000000 bounds:1 [0.000000-1.000000] 427.861232 117897.177939
calculating derivative for 12: 0.686989 bounds:1 [0.000000-1.000000] 62.668551 117897.177939
calculating derivative for 13: 0.000000 bounds:1 [0.000000-1.000000] 408.169581 117897.177939
calculating derivative for 14: 0.000000 bounds:1 [0.000000-1.000000] 433.532114 117897.177939
calculating derivative for 15: 0.000000 bounds:1 [0.000000-1.000000] 426.868792 117897.177939
calculating derivative for 16: 0.000000 bounds:1 [0.000000-1.000000] 417.052070 117897.177939
calculating derivative for 17: 0.000000 bounds:1 [0.000000-1.000000] 49.189839 117897.177939
calculating derivative for 18: 6.715463 bounds:1 [0.000000-1.000000] -6.453774 117897.177939
calculating derivative for 19: 0.000000 bounds:1 [0.000000-1.000000] 439.248106 117897.177939
calculating derivative for 20: 0.000000 bounds:1 [0.000000-1.000000] 468.453800 117897.177939
calculating derivative for 21: 0.000000 bounds:1 [0.000000-1.000000] 431.755325 117897.177939
calculating derivative for 22: 0.000000 bounds:1 [0.000000-1.000000] 374.196679 117897.177939
calculating derivative for 23: 0.000000 bounds:1 [0.000000-1.000000] 422.858284 117897.177939
calculating derivative for 24: 0.000000 bounds:1 [0.000000-1.000000] 421.896402 117897.177939
calculating derivative for 25: 0.000000 bounds:1 [0.000000-1.000000] 17.257116 117897.177939
0.000 0.000 0.000 0.000 0.000 0.000 0.000 0.000 0.000 0.000 0.000 0.000 0.687 0.000 0.000 0.000 0.000 0.000 6.715 0.000 0.000 0.000 0.000 0.000 0.000 0.000 likelihood = 117897.17793915 iter 13
At iterate 10 f=1.178972e+05 |proj g| = 6.453774e+00
calculating derivative for 0: 0.000000 bounds:1 [0.000000-1.000000] 69.745874 117896.672421
calculating derivative for 1: 0.000000 bounds:1 [0.000000-1.000000] 100.652687 117896.672421
calculating derivative for 2: 0.000000 bounds:1 [0.000000-1.000000] 413.935049 117896.672421
calculating derivative for 3: 0.000000 bounds:1 [0.000000-1.000000] 403.341255 117896.672421
calculating derivative for 4: 0.000000 bounds:1 [0.000000-1.000000] 436.558912 117896.672421
calculating derivative for 5: 0.000000 bounds:1 [0.000000-1.000000] 415.244722 117896.672421
calculating derivative for 6: 0.000000 bounds:1 [0.000000-1.000000] 416.788680 117896.672421
calculating derivative for 7: 0.000000 bounds:1 [0.000000-1.000000] 409.803761 117896.672421
calculating derivative for 8: 0.000000 bounds:1 [0.000000-1.000000] 17.030106 117896.672421
calculating derivative for 9: 0.000000 bounds:1 [0.000000-1.000000] 432.261731 117896.672421
calculating derivative for 10: 0.000000 bounds:1 [0.000000-1.000000] 431.244553 117896.672421
calculating derivative for 11: 0.000000 bounds:1 [0.000000-1.000000] 425.727922 117896.672421
calculating derivative for 12: 0.682617 bounds:1 [0.000000-1.000000] 62.327308 117896.672421
calculating derivative for 13: 0.000000 bounds:1 [0.000000-1.000000] 405.815081 117896.672421
calculating derivative for 14: 0.000000 bounds:1 [0.000000-1.000000] 431.071385 117896.672421
calculating derivative for 15: 0.000000 bounds:1 [0.000000-1.000000] 424.470636 117896.672421
calculating derivative for 16: 0.000000 bounds:1 [0.000000-1.000000] 414.600072 117896.672421
calculating derivative for 17: 0.000000 bounds:1 [0.000000-1.000000] 49.044320 117896.672421
calculating derivative for 18: 6.751893 bounds:1 [0.000000-1.000000] -6.381015 117896.672421
calculating derivative for 19: 0.000000 bounds:1 [0.000000-1.000000] 436.815026 117896.672421
calculating derivative for 20: 0.000000 bounds:1 [0.000000-1.000000] 465.748599 117896.672421
calculating derivative for 21: 0.000000 bounds:1 [0.000000-1.000000] 429.233478 117896.672421
calculating derivative for 22: 0.000000 bounds:1 [0.000000-1.000000] 372.304930 117896.672421
calculating derivative for 23: 0.000000 bounds:1 [0.000000-1.000000] 420.407741 117896.672421
calculating derivative for 24: 0.000000 bounds:1 [0.000000-1.000000] 419.576827 117896.672421
calculating derivative for 25: 0.000000 bounds:1 [0.000000-1.000000] 16.907870 117896.672421
0.000 0.000 0.000 0.000 0.000 0.000 0.000 0.000 0.000 0.000 0.000 0.000 0.683 0.000 0.000 0.000 0.000 0.000 6.752 0.000 0.000 0.000 0.000 0.000 0.000 0.000 likelihood = 117896.67242101 iter 14
calculating derivative for 0: 0.000000 bounds:1 [0.000000-1.000000] 67.845394 117894.731755
calculating derivative for 1: 0.000000 bounds:1 [0.000000-1.000000] 98.149758 117894.731755
calculating derivative for 2: 0.000000 bounds:1 [0.000000-1.000000] 404.722232 117894.731755
calculating derivative for 3: 0.000000 bounds:1 [0.000000-1.000000] 394.132803 117894.731755
calculating derivative for 4: 0.000000 bounds:1 [0.000000-1.000000] 426.529732 117894.731755
calculating derivative for 5: 0.000000 bounds:1 [0.000000-1.000000] 406.074105 117894.731755
calculating derivative for 6: 0.000000 bounds:1 [0.000000-1.000000] 407.767948 117894.731755
calculating derivative for 7: 0.000000 bounds:1 [0.000000-1.000000] 400.183490 117894.731755
calculating derivative for 8: 0.000000 bounds:1 [0.000000-1.000000] 16.149716 117894.731755
calculating derivative for 9: 0.000000 bounds:1 [0.000000-1.000000] 422.463927 117894.731755
calculating derivative for 10: 0.000000 bounds:1 [0.000000-1.000000] 421.202276 117894.731755
calculating derivative for 11: 0.000000 bounds:1 [0.000000-1.000000] 415.902468 117894.731755
calculating derivative for 12: 0.665130 bounds:1 [0.000000-1.000000] 59.814920 117894.731755
calculating derivative for 13: 0.000000 bounds:1 [0.000000-1.000000] 396.255928 117894.731755
calculating derivative for 14: 0.000000 bounds:1 [0.000000-1.000000] 421.282311 117894.731755
calculating derivative for 15: 0.000000 bounds:1 [0.000000-1.000000] 414.848910 117894.731755
calculating derivative for 16: 0.000000 bounds:1 [0.000000-1.000000] 405.346509 117894.731755
calculating derivative for 17: 0.000000 bounds:1 [0.000000-1.000000] 47.317008 117894.731755
calculating derivative for 18: 6.897611 bounds:1 [0.000000-1.000000] -5.754555 117894.731755
calculating derivative for 19: 0.000000 bounds:1 [0.000000-1.000000] 427.056511 117894.731755
calculating derivative for 20: 0.000000 bounds:1 [0.000000-1.000000] 455.536065 117894.731755
calculating derivative for 21: 0.000000 bounds:1 [0.000000-1.000000] 419.281423 117894.731755
calculating derivative for 22: 0.000000 bounds:1 [0.000000-1.000000] 363.294384 117894.731755
calculating derivative for 23: 0.000000 bounds:1 [0.000000-1.000000] 411.049405 117894.731755
calculating derivative for 24: 0.000000 bounds:1 [0.000000-1.000000] 409.863424 117894.731755
calculating derivative for 25: 0.000000 bounds:1 [0.000000-1.000000] 16.280683 117894.731755
0.000 0.000 0.000 0.000 0.000 0.000 0.000 0.000 0.000 0.000 0.000 0.000 0.665 0.000 0.000 0.000 0.000 0.000 6.898 0.000 0.000 0.000 0.000 0.000 0.000 0.000 likelihood = 117894.73175505 iter 15
calculating derivative for 0: 0.000000 bounds:1 [0.000000-1.000000] 60.837192 117888.116757
calculating derivative for 1: 0.000000 bounds:1 [0.000000-1.000000] 88.801607 117888.116757
calculating derivative for 2: 0.000000 bounds:1 [0.000000-1.000000] 371.439091 117888.116757
calculating derivative for 3: 0.000000 bounds:1 [0.000000-1.000000] 361.897401 117888.116757
calculating derivative for 4: 0.000000 bounds:1 [0.000000-1.000000] 391.634239 117888.116757
calculating derivative for 5: 0.000000 bounds:1 [0.000000-1.000000] 372.683280 117888.116757
calculating derivative for 6: 0.000000 bounds:1 [0.000000-1.000000] 374.420779 117888.116757
calculating derivative for 7: 0.000000 bounds:1 [0.000000-1.000000] 367.747271 117888.116757
calculating derivative for 8: 0.000000 bounds:1 [0.000000-1.000000] 13.683166 117888.116757
calculating derivative for 9: 0.000000 bounds:1 [0.000000-1.000000] 387.299224 117888.116757
calculating derivative for 10: 0.000000 bounds:1 [0.000000-1.000000] 386.525062 117888.116757
calculating derivative for 11: 0.000000 bounds:1 [0.000000-1.000000] 382.126018 117888.116757
calculating derivative for 12: 0.595181 bounds:1 [0.000000-1.000000] 50.329982 117888.116757
calculating derivative for 13: 0.000000 bounds:1 [0.000000-1.000000] 363.116851 117888.116757
calculating derivative for 14: 0.000000 bounds:1 [0.000000-1.000000] 387.105683 117888.116757
calculating derivative for 15: 0.000000 bounds:1 [0.000000-1.000000] 381.299469 117888.116757
calculating derivative for 16: 0.000000 bounds:1 [0.000000-1.000000] 372.115755 117888.116757
calculating derivative for 17: 0.000000 bounds:1 [0.000000-1.000000] 41.892054 117888.116757
calculating derivative for 18: 7.480485 bounds:1 [0.000000-1.000000] -3.986497 117888.116757
calculating derivative for 19: 0.000000 bounds:1 [0.000000-1.000000] 392.679067 117888.116757
calculating derivative for 20: 0.000000 bounds:1 [0.000000-1.000000] 419.403659 117888.116757
calculating derivative for 21: 0.000000 bounds:1 [0.000000-1.000000] 385.504973 117888.116757
calculating derivative for 22: 0.000000 bounds:1 [0.000000-1.000000] 333.259231 117888.116757
calculating derivative for 23: 0.000000 bounds:1 [0.000000-1.000000] 377.475226 117888.116757
calculating derivative for 24: 0.000000 bounds:1 [0.000000-1.000000] 375.832315 117888.116757
calculating derivative for 25: 0.000000 bounds:1 [0.000000-1.000000] 13.590034 117888.116757
0.000 0.000 0.000 0.000 0.000 0.000 0.000 0.000 0.000 0.000 0.000 0.000 0.595 0.000 0.000 0.000 0.000 0.000 7.480 0.000 0.000 0.000 0.000 0.000 0.000 0.000 likelihood = 117888.11675703 iter 16
calculating derivative for 0: 0.000000 bounds:1 [0.000000-1.000000] 44.809713 117874.934737
calculating derivative for 1: 0.000000 bounds:1 [0.000000-1.000000] 65.656786 117874.934737
calculating derivative for 2: 0.000000 bounds:1 [0.000000-1.000000] 289.065065 117874.934737
calculating derivative for 3: 0.000000 bounds:1 [0.000000-1.000000] 281.832763 117874.934737
calculating derivative for 4: 0.000000 bounds:1 [0.000000-1.000000] 304.351852 117874.934737
calculating derivative for 5: 0.000000 bounds:1 [0.000000-1.000000] 290.249591 117874.934737
calculating derivative for 6: 0.000000 bounds:1 [0.000000-1.000000] 291.480683 117874.934737
calculating derivative for 7: 0.000000 bounds:1 [0.000000-1.000000] 286.492286 117874.934737
calculating derivative for 8: 0.000000 bounds:1 [0.000000-1.000000] 7.428753 117874.934737
calculating derivative for 9: 0.000000 bounds:1 [0.000000-1.000000] 300.996180 117874.934737
calculating derivative for 10: 0.000000 bounds:1 [0.000000-1.000000] 300.460670 117874.934737
calculating derivative for 11: 0.000000 bounds:1 [0.000000-1.000000] 297.620136 117874.934737
calculating derivative for 12: 0.360460 bounds:1 [0.000000-1.000000] 27.770147 117874.934737
calculating derivative for 13: 0.000000 bounds:1 [0.000000-1.000000] 280.670065 117874.934737
calculating derivative for 14: 0.000000 bounds:1 [0.000000-1.000000] 302.208355 117874.934737
calculating derivative for 15: 0.000000 bounds:1 [0.000000-1.000000] 297.406223 117874.934737
calculating derivative for 16: 0.000000 bounds:1 [0.000000-1.000000] 290.456228 117874.934737
calculating derivative for 17: 0.000000 bounds:1 [0.000000-1.000000] 29.515650 117874.934737
calculating derivative for 18: 9.415544 bounds:1 [0.000000-1.000000] -1.124135 117874.934737
calculating derivative for 19: 0.000000 bounds:1 [0.000000-1.000000] 307.339360 117874.934737
calculating derivative for 20: 0.000000 bounds:1 [0.000000-1.000000] 329.640170 117874.934737
calculating derivative for 21: 0.000000 bounds:1 [0.000000-1.000000] 300.943793 117874.934737
calculating derivative for 22: 0.000000 bounds:1 [0.000000-1.000000] 258.052023 117874.934737
calculating derivative for 23: 0.000000 bounds:1 [0.000000-1.000000] 293.993799 117874.934737
calculating derivative for 24: 0.000000 bounds:1 [0.000000-1.000000] 291.560718 117874.934737
calculating derivative for 25: 0.000000 bounds:1 [0.000000-1.000000] 7.014023 117874.934737
0.000 0.000 0.000 0.000 0.000 0.000 0.000 0.000 0.000 0.000 0.000 0.000 0.360 0.000 0.000 0.000 0.000 0.000 9.416 0.000 0.000 0.000 0.000 0.000 0.000 0.000 likelihood = 117874.93473750 iter 17
calculating derivative for 0: 0.000000 bounds:1 [0.000000-1.000000] 34.942059 117869.901912
calculating derivative for 1: 0.000000 bounds:1 [0.000000-1.000000] 52.490213 117869.901912
calculating derivative for 2: 0.000000 bounds:1 [0.000000-1.000000] 243.155228 117869.901912
calculating derivative for 3: 0.000000 bounds:1 [0.000000-1.000000] 236.672349 117869.901912
calculating derivative for 4: 0.000000 bounds:1 [0.000000-1.000000] 255.995838 117869.901912
calculating derivative for 5: 0.000000 bounds:1 [0.000000-1.000000] 244.252442 117869.901912
calculating derivative for 6: 0.000000 bounds:1 [0.000000-1.000000] 245.100819 117869.901912
calculating derivative for 7: 0.000000 bounds:1 [0.000000-1.000000] 241.023372 117869.901912
calculating derivative for 8: 0.000000 bounds:1 [0.000000-1.000000] 3.058813 117869.901912
calculating derivative for 9: 0.000000 bounds:1 [0.000000-1.000000] 252.867176 117869.901912
calculating derivative for 10: 0.000000 bounds:1 [0.000000-1.000000] 252.154132 117869.901912
calculating derivative for 11: 0.000000 bounds:1 [0.000000-1.000000] 250.755693 117869.901912
calculating derivative for 12: 0.171423 bounds:1 [0.000000-1.000000] 16.504782 117869.901912
calculating derivative for 13: 0.000000 bounds:1 [0.000000-1.000000] 235.406333 117869.901912
calculating derivative for 14: 0.000000 bounds:1 [0.000000-1.000000] 254.782208 117869.901912
calculating derivative for 15: 0.000000 bounds:1 [0.000000-1.000000] 250.227458 117869.901912
calculating derivative for 16: 0.000000 bounds:1 [0.000000-1.000000] 244.547846 117869.901912
calculating derivative for 17: 0.000000 bounds:1 [0.000000-1.000000] 22.139284 117869.901912
calculating derivative for 18: 10.962818 bounds:1 [0.000000-1.000000] -0.189902 117869.901912
calculating derivative for 19: 0.000000 bounds:1 [0.000000-1.000000] 258.829095 117869.901912
calculating derivative for 20: 0.000000 bounds:1 [0.000000-1.000000] 279.328378 117869.901912
calculating derivative for 21: 0.000000 bounds:1 [0.000000-1.000000] 253.216422 117869.901912
calculating derivative for 22: 0.000000 bounds:1 [0.000000-1.000000] 216.194894 117869.901912
calculating derivative for 23: 0.000000 bounds:1 [0.000000-1.000000] 247.362186 117869.901912
calculating derivative for 24: 0.000000 bounds:1 [0.000000-1.000000] 244.562398 117869.901912
calculating derivative for 25: 0.000000 bounds:1 [0.000000-1.000000] 3.197056 117869.901912
0.000 0.000 0.000 0.000 0.000 0.000 0.000 0.000 0.000 0.000 0.000 0.000 0.171 0.000 0.000 0.000 0.000 0.000 10.963 0.000 0.000 0.000 0.000 0.000 0.000 0.000 likelihood = 117869.90191189 iter 18
calculating derivative for 0: 0.000000 bounds:1 [0.000000-1.000000] 28.143404 117867.523888
calculating derivative for 1: 0.000000 bounds:1 [0.000000-1.000000] 42.995089 117867.523888
calculating derivative for 2: 0.000000 bounds:1 [0.000000-1.000000] 209.634891 117867.523888
calculating derivative for 3: 0.000000 bounds:1 [0.000000-1.000000] 203.819945 117867.523888
calculating derivative for 4: 0.000000 bounds:1 [0.000000-1.000000] 220.231595 117867.523888
calculating derivative for 5: 0.000000 bounds:1 [0.000000-1.000000] 210.283906 117867.523888
calculating derivative for 6: 0.000000 bounds:1 [0.000000-1.000000] 211.357838 117867.523888
calculating derivative for 7: 0.000000 bounds:1 [0.000000-1.000000] 207.731500 117867.523888
calculating derivative for 8: 0.000000 bounds:1 [0.000000-1.000000] 0.340515 117867.523888
calculating derivative for 9: 0.000000 bounds:1 [0.000000-1.000000] 217.424531 117867.523888
calculating derivative for 10: 0.000000 bounds:1 [0.000000-1.000000] 217.692286 117867.523888
calculating derivative for 11: 0.000000 bounds:1 [0.000000-1.000000] 216.429180 117867.523888
calculating derivative for 12: 0.000000 bounds:1 [0.000000-1.000000] 8.547795 117867.523888
calculating derivative for 13: 0.000000 bounds:1 [0.000000-1.000000] 202.350202 117867.523888
calculating derivative for 14: 0.000000 bounds:1 [0.000000-1.000000] 219.701906 117867.523888
calculating derivative for 15: 0.000000 bounds:1 [0.000000-1.000000] 216.109038 117867.523888
calculating derivative for 16: 0.000000 bounds:1 [0.000000-1.000000] 210.391590 117867.523888
calculating derivative for 17: 0.000000 bounds:1 [0.000000-1.000000] 16.302511 117867.523888
calculating derivative for 18: 12.436179 bounds:1 [0.000000-1.000000] 0.002183 117867.523888
calculating derivative for 19: 0.000000 bounds:1 [0.000000-1.000000] 223.579991 117867.523888
calculating derivative for 20: 0.000000 bounds:1 [0.000000-1.000000] 242.226815 117867.523888
calculating derivative for 21: 0.000000 bounds:1 [0.000000-1.000000] 218.725472 117867.523888
calculating derivative for 22: 0.000000 bounds:1 [0.000000-1.000000] 186.020043 117867.523888
calculating derivative for 23: 0.000000 bounds:1 [0.000000-1.000000] 213.106978 117867.523888
calculating derivative for 24: 0.000000 bounds:1 [0.000000-1.000000] 210.477447 117867.523888
calculating derivative for 25: 0.000000 bounds:1 [0.000000-1.000000] -0.158616 117867.523888
0.000 0.000 0.000 0.000 0.000 0.000 0.000 0.000 0.000 0.000 0.000 0.000 0.000 0.000 0.000 0.000 0.000 0.000 12.436 0.000 0.000 0.000 0.000 0.000 0.000 0.000 likelihood = 117867.52388841 iter 19
calculating derivative for 0: 0.000000 bounds:1 [0.000000-1.000000] 28.993236 117867.524158
calculating derivative for 1: 0.000000 bounds:1 [0.000000-1.000000] 43.770706 117867.524158
calculating derivative for 2: 0.000000 bounds:1 [0.000000-1.000000] 210.804865 117867.524158
calculating derivative for 3: 0.000000 bounds:1 [0.000000-1.000000] 204.749813 117867.524158
calculating derivative for 4: 0.000000 bounds:1 [0.000000-1.000000] 221.430673 117867.524158
calculating derivative for 5: 0.000000 bounds:1 [0.000000-1.000000] 210.937287 117867.524158
calculating derivative for 6: 0.000000 bounds:1 [0.000000-1.000000] 212.089799 117867.524158
calculating derivative for 7: 0.000000 bounds:1 [0.000000-1.000000] 208.670099 117867.524158
calculating derivative for 8: 0.000000 bounds:1 [0.000000-1.000000] 1.350418 117867.524158
calculating derivative for 9: 0.000000 bounds:1 [0.000000-1.000000] 218.075002 117867.524158
calculating derivative for 10: 0.000000 bounds:1 [0.000000-1.000000] 218.101195 117867.524158
calculating derivative for 11: 0.000000 bounds:1 [0.000000-1.000000] 217.126217 117867.524158
calculating derivative for 12: 0.000000 bounds:1 [0.000000-1.000000] 9.975338 117867.524158
calculating derivative for 13: 0.000000 bounds:1 [0.000000-1.000000] 202.856609 117867.524158
calculating derivative for 14: 0.000000 bounds:1 [0.000000-1.000000] 220.636139 117867.524158
calculating derivative for 15: 0.000000 bounds:1 [0.000000-1.000000] 216.760964 117867.524158
calculating derivative for 16: 0.000000 bounds:1 [0.000000-1.000000] 211.535371 117867.524158
calculating derivative for 17: 0.000000 bounds:1 [0.000000-1.000000] 16.967533 117867.524158
calculating derivative for 18: 12.433670 bounds:1 [0.000000-1.000000] -0.002183 117867.524158
calculating derivative for 19: 0.000000 bounds:1 [0.000000-1.000000] 224.816904 117867.524158
calculating derivative for 20: 0.000000 bounds:1 [0.000000-1.000000] 243.028626 117867.524158
calculating derivative for 21: 0.000000 bounds:1 [0.000000-1.000000] 219.537469 117867.524158
calculating derivative for 22: 0.000000 bounds:1 [0.000000-1.000000] 186.926627 117867.524158
calculating derivative for 23: 0.000000 bounds:1 [0.000000-1.000000] 214.243482 117867.524158
calculating derivative for 24: 0.000000 bounds:1 [0.000000-1.000000] 211.481529 117867.524158
calculating derivative for 25: 0.000276 bounds:1 [0.000000-1.000000] 0.991713 117867.524158
0.000 0.000 0.000 0.000 0.000 0.000 0.000 0.000 0.000 0.000 0.000 0.000 0.000 0.000 0.000 0.000 0.000 0.000 12.434 0.000 0.000 0.000 0.000 0.000 0.000 0.000 likelihood = 117867.52415763 iter 20
calculating derivative for 0: 0.000000 bounds:1 [0.000000-1.000000] 29.049988 117867.523899
calculating derivative for 1: 0.000000 bounds:1 [0.000000-1.000000] 43.890032 117867.523899
calculating derivative for 2: 0.000000 bounds:1 [0.000000-1.000000] 210.377038 117867.523899
calculating derivative for 3: 0.000000 bounds:1 [0.000000-1.000000] 204.225944 117867.523899
calculating derivative for 4: 0.000000 bounds:1 [0.000000-1.000000] 221.439404 117867.523899
calculating derivative for 5: 0.000000 bounds:1 [0.000000-1.000000] 210.803410 117867.523899
calculating derivative for 6: 0.000000 bounds:1 [0.000000-1.000000] 211.749284 117867.523899
calculating derivative for 7: 0.000000 bounds:1 [0.000000-1.000000] 208.735582 117867.523899
calculating derivative for 8: 0.000000 bounds:1 [0.000000-1.000000] 1.191802 117867.523899
calculating derivative for 9: 0.000000 bounds:1 [0.000000-1.000000] 218.003697 117867.523899
calculating derivative for 10: 0.000000 bounds:1 [0.000000-1.000000] 218.069181 117867.523899
calculating derivative for 11: 0.000000 bounds:1 [0.000000-1.000000] 216.512126 117867.523899
calculating derivative for 12: 0.000000 bounds:1 [0.000000-1.000000] 9.844371 117867.523899
calculating derivative for 13: 0.000000 bounds:1 [0.000000-1.000000] 202.949741 117867.523899
calculating derivative for 14: 0.000000 bounds:1 [0.000000-1.000000] 220.742368 117867.523899
calculating derivative for 15: 0.000000 bounds:1 [0.000000-1.000000] 216.627086 117867.523899
calculating derivative for 16: 0.000000 bounds:1 [0.000000-1.000000] 211.187580 117867.523899
calculating derivative for 17: 0.000000 bounds:1 [0.000000-1.000000] 17.035927 117867.523899
calculating derivative for 18: 12.436077 bounds:1 [0.000000-1.000000] 0.004366 117867.523899
calculating derivative for 19: 0.000000 bounds:1 [0.000000-1.000000] 224.806718 117867.523899
calculating derivative for 20: 0.000000 bounds:1 [0.000000-1.000000] 242.816168 117867.523899
calculating derivative for 21: 0.000000 bounds:1 [0.000000-1.000000] 219.614594 117867.523899
calculating derivative for 22: 0.000000 bounds:1 [0.000000-1.000000] 186.394027 117867.523899
calculating derivative for 23: 0.000000 bounds:1 [0.000000-1.000000] 214.214379 117867.523899
calculating derivative for 24: 0.000000 bounds:1 [0.000000-1.000000] 211.205042 117867.523899
calculating derivative for 25: 0.000011 bounds:1 [0.000000-1.000000] 1.131411 117867.523899
0.000 0.000 0.000 0.000 0.000 0.000 0.000 0.000 0.000 0.000 0.000 0.000 0.000 0.000 0.000 0.000 0.000 0.000 12.436 0.000 0.000 0.000 0.000 0.000 0.000 0.000 likelihood = 117867.52389925 iter 21
calculating derivative for 0: 0.000000 bounds:1 [0.000000-1.000000] 28.828799 117867.523889
calculating derivative for 1: 0.000000 bounds:1 [0.000000-1.000000] 43.837645 117867.523889
calculating derivative for 2: 0.000000 bounds:1 [0.000000-1.000000] 210.580765 117867.523889
calculating derivative for 3: 0.000000 bounds:1 [0.000000-1.000000] 204.418029 117867.523889
calculating derivative for 4: 0.000000 bounds:1 [0.000000-1.000000] 220.988295 117867.523889
calculating derivative for 5: 0.000000 bounds:1 [0.000000-1.000000] 210.676808 117867.523889
calculating derivative for 6: 0.000000 bounds:1 [0.000000-1.000000] 211.638690 117867.523889
calculating derivative for 7: 0.000000 bounds:1 [0.000000-1.000000] 208.317942 117867.523889
calculating derivative for 8: 0.000000 bounds:1 [0.000000-1.000000] 0.900764 117867.523889
calculating derivative for 9: 0.000000 bounds:1 [0.000000-1.000000] 217.904744 117867.523889
calculating derivative for 10: 0.000000 bounds:1 [0.000000-1.000000] 218.172499 117867.523889
calculating derivative for 11: 0.000000 bounds:1 [0.000000-1.000000] 216.529588 117867.523889
calculating derivative for 12: 0.000000 bounds:1 [0.000000-1.000000] 9.633368 117867.523889
calculating derivative for 13: 0.000000 bounds:1 [0.000000-1.000000] 202.532101 117867.523889
calculating derivative for 14: 0.000000 bounds:1 [0.000000-1.000000] 220.444053 117867.523889
calculating derivative for 15: 0.000000 bounds:1 [0.000000-1.000000] 216.669287 117867.523889
calculating derivative for 16: 0.000000 bounds:1 [0.000000-1.000000] 211.184670 117867.523889
calculating derivative for 17: 0.000000 bounds:1 [0.000000-1.000000] 16.806007 117867.523889
calculating derivative for 18: 12.436174 bounds:1 [0.000000-1.000000] -0.001455 117867.523889
calculating derivative for 19: 0.000000 bounds:1 [0.000000-1.000000] 224.336691 117867.523889
calculating derivative for 20: 0.000000 bounds:1 [0.000000-1.000000] 242.811802 117867.523889
calculating derivative for 21: 0.000000 bounds:1 [0.000000-1.000000] 219.437061 117867.523889
calculating derivative for 22: 0.000000 bounds:1 [0.000000-1.000000] 186.600664 117867.523889
calculating derivative for 23: 0.000000 bounds:1 [0.000000-1.000000] 214.172178 117867.523889
calculating derivative for 24: 0.000000 bounds:1 [0.000000-1.000000] 210.927101 117867.523889
calculating derivative for 25: 0.000000 bounds:1 [0.000000-1.000000] 0.819273 117867.523889
0.000 0.000 0.000 0.000 0.000 0.000 0.000 0.000 0.000 0.000 0.000 0.000 0.000 0.000 0.000 0.000 0.000 0.000 12.436 0.000 0.000 0.000 0.000 0.000 0.000 0.000 likelihood = 117867.52388886 iter 22
calculating derivative for 0: 0.000000 bounds:1 [0.000000-1.000000] 28.852082 117867.523888
calculating derivative for 1: 0.000000 bounds:1 [0.000000-1.000000] 43.852197 117867.523888
calculating derivative for 2: 0.000000 bounds:1 [0.000000-1.000000] 210.487633 117867.523888
calculating derivative for 3: 0.000000 bounds:1 [0.000000-1.000000] 204.480602 117867.523888
calculating derivative for 4: 0.000000 bounds:1 [0.000000-1.000000] 221.033406 117867.523888
calculating derivative for 5: 0.000000 bounds:1 [0.000000-1.000000] 211.189035 117867.523888
calculating derivative for 6: 0.000000 bounds:1 [0.000000-1.000000] 211.595034 117867.523888
calculating derivative for 7: 0.000000 bounds:1 [0.000000-1.000000] 208.747224 117867.523888
calculating derivative for 8: 0.000000 bounds:1 [0.000000-1.000000] 0.873115 117867.523888
calculating derivative for 9: 0.000000 bounds:1 [0.000000-1.000000] 218.176865 117867.523888
calculating derivative for 10: 0.000000 bounds:1 [0.000000-1.000000] 218.096829 117867.523888
calculating derivative for 11: 0.000000 bounds:1 [0.000000-1.000000] 216.811895 117867.523888
calculating derivative for 12: 0.000000 bounds:1 [0.000000-1.000000] 9.444193 117867.523888
calculating derivative for 13: 0.000000 bounds:1 [0.000000-1.000000] 202.773663 117867.523888
calculating derivative for 14: 0.000000 bounds:1 [0.000000-1.000000] 220.563379 117867.523888
calculating derivative for 15: 0.000000 bounds:1 [0.000000-1.000000] 216.993794 117867.523888
calculating derivative for 16: 0.000000 bounds:1 [0.000000-1.000000] 211.461156 117867.523888
calculating derivative for 17: 0.000000 bounds:1 [0.000000-1.000000] 17.427374 117867.523888
calculating derivative for 18: 12.436178 bounds:1 [0.000000-1.000000] -0.002910 117867.523888
calculating derivative for 19: 0.000000 bounds:1 [0.000000-1.000000] 224.354153 117867.523888
calculating derivative for 20: 0.000000 bounds:1 [0.000000-1.000000] 242.846727 117867.523888
calculating derivative for 21: 0.000000 bounds:1 [0.000000-1.000000] 219.426875 117867.523888
calculating derivative for 22: 0.000000 bounds:1 [0.000000-1.000000] 186.993566 117867.523888
calculating derivative for 23: 0.000000 bounds:1 [0.000000-1.000000] 214.115425 117867.523888
calculating derivative for 24: 0.000000 bounds:1 [0.000000-1.000000] 211.100269 117867.523888
calculating derivative for 25: 0.000000 bounds:1 [0.000000-1.000000] 0.844739 117867.523888
0.000 0.000 0.000 0.000 0.000 0.000 0.000 0.000 0.000 0.000 0.000 0.000 0.000 0.000 0.000 0.000 0.000 0.000 12.436 0.000 0.000 0.000 0.000 0.000 0.000 0.000 likelihood = 117867.52388842 iter 23
prevld 117867.523889 current 117867.523888 delta 0.000000 
derivative for 0: 0.000000 bounds:1 [0.000000-1.000000] 28.852082 117867.523888
derivative for 1: 0.000000 bounds:1 [0.000000-1.000000] 43.852197 117867.523888
derivative for 2: 0.000000 bounds:1 [0.000000-1.000000] 210.487633 117867.523888
derivative for 3: 0.000000 bounds:1 [0.000000-1.000000] 204.480602 117867.523888
derivative for 4: 0.000000 bounds:1 [0.000000-1.000000] 221.033406 117867.523888
derivative for 5: 0.000000 bounds:1 [0.000000-1.000000] 211.189035 117867.523888
derivative for 6: 0.000000 bounds:1 [0.000000-1.000000] 211.595034 117867.523888
derivative for 7: 0.000000 bounds:1 [0.000000-1.000000] 208.747224 117867.523888
derivative for 8: 0.000000 bounds:1 [0.000000-1.000000] 0.873115 117867.523888
derivative for 9: 0.000000 bounds:1 [0.000000-1.000000] 218.176865 117867.523888
derivative for 10: 0.000000 bounds:1 [0.000000-1.000000] 218.096829 117867.523888
derivative for 11: 0.000000 bounds:1 [0.000000-1.000000] 216.811895 117867.523888
derivative for 12: 0.000000 bounds:1 [0.000000-1.000000] 9.444193 117867.523888
derivative for 13: 0.000000 bounds:1 [0.000000-1.000000] 202.773663 117867.523888
derivative for 14: 0.000000 bounds:1 [0.000000-1.000000] 220.563379 117867.523888
derivative for 15: 0.000000 bounds:1 [0.000000-1.000000] 216.993794 117867.523888
derivative for 16: 0.000000 bounds:1 [0.000000-1.000000] 211.461156 117867.523888
derivative for 17: 0.000000 bounds:1 [0.000000-1.000000] 17.427374 117867.523888
derivative for 18: 12.436178 bounds:1 [0.000000-1.000000] -0.002910 117867.523888
derivative for 19: 0.000000 bounds:1 [0.000000-1.000000] 224.354153 117867.523888
derivative for 20: 0.000000 bounds:1 [0.000000-1.000000] 242.846727 117867.523888
derivative for 21: 0.000000 bounds:1 [0.000000-1.000000] 219.426875 117867.523888
derivative for 22: 0.000000 bounds:1 [0.000000-1.000000] 186.993566 117867.523888
derivative for 23: 0.000000 bounds:1 [0.000000-1.000000] 214.115425 117867.523888
derivative for 24: 0.000000 bounds:1 [0.000000-1.000000] 211.100269 117867.523888
derivative for 25: 0.000000 bounds:1 [0.000000-1.000000] 0.844739 117867.523888


final maxval -117867.523888 ADMIX_PROP ACB:0.0000 ASW:0.0000 BEB:0.0000 CDX:0.0000 CEU:0.0000 CHB:0.0000 CHS:0.0000 CLM:0.0000 ESN:0.0000 FIN:0.0000 GBR:0.0000 GIH:0.0000 GWD:0.0000 IBS:0.0000 ITU:0.0000 JPT:0.0000 KHV:0.0000 LWK:0.0000 MSL:1.0000 MXL:0.0000 PEL:0.0000 PJL:0.0000 PUR:0.0000 STU:0.0000 TSI:0.0000 YRI:0.0000 
MSL:1.0000 FINAL_NZ_PROPS
