snps in file 206041 pops 26
ACB:0.021 ASW:0.011 BEB:0.006 CDX:0.059 CEU:0.022 CHB:0.047 CHS:0.035 CLM:0.073 ESN:0.064 FIN:0.052 GBR:0.078 GIH:0.067 GWD:0.031 IBS:0.004 ITU:0.066 JPT:0.070 KHV:0.031 LWK:0.016 MSL:0.024 MXL:0.035 PEL:0.011 PJL:0.035 PUR:0.022 STU:0.041 TSI:0.052 YRI:0.026  initial sol -nan
calculating derivative for 0: 0.021028 bounds:1 [0.000000-1.000000] 6855.859829 99596.174861
calculating derivative for 1: 0.011332 bounds:1 [0.000000-1.000000] 5654.315464 99596.174861
calculating derivative for 2: 0.005664 bounds:1 [0.000000-1.000000] -5367.783160 99596.174861
calculating derivative for 3: 0.058619 bounds:1 [0.000000-1.000000] 984.656072 99596.174861
calculating derivative for 4: 0.021883 bounds:1 [0.000000-1.000000] -1799.300662 99596.174861
calculating derivative for 5: 0.047285 bounds:1 [0.000000-1.000000] 1080.210495 99596.174861
calculating derivative for 6: 0.035086 bounds:1 [0.000000-1.000000] 1064.024400 99596.174861
calculating derivative for 7: 0.073121 bounds:1 [0.000000-1.000000] -163.359800 99596.174861
calculating derivative for 8: 0.063728 bounds:1 [0.000000-1.000000] 8070.130571 99596.174861
calculating derivative for 9: 0.052327 bounds:1 [0.000000-1.000000] -1469.918061 99596.174861
calculating derivative for 10: 0.077928 bounds:1 [0.000000-1.000000] -1621.867705 99596.174861
calculating derivative for 11: 0.067354 bounds:1 [0.000000-1.000000] -7885.363448 99596.174861
calculating derivative for 12: 0.031167 bounds:1 [0.000000-1.000000] 7724.013994 99596.174861
calculating derivative for 13: 0.003577 bounds:1 [0.000000-1.000000] -1395.801519 99596.174861
calculating derivative for 14: 0.066468 bounds:1 [0.000000-1.000000] -5969.680933 99596.174861
calculating derivative for 15: 0.069929 bounds:1 [0.000000-1.000000] 1102.063106 99596.174861
calculating derivative for 16: 0.030708 bounds:1 [0.000000-1.000000] 801.820715 99596.174861
calculating derivative for 17: 0.016180 bounds:1 [0.000000-1.000000] 7408.281817 99596.174861
calculating derivative for 18: 0.023881 bounds:1 [0.000000-1.000000] 7898.920012 99596.174861
calculating derivative for 19: 0.035447 bounds:1 [0.000000-1.000000] -35.214907 99596.174861
calculating derivative for 20: 0.011213 bounds:1 [0.000000-1.000000] 335.631921 99596.174861
calculating derivative for 21: 0.034509 bounds:1 [0.000000-1.000000] -5352.952576 99596.174861
calculating derivative for 22: 0.022255 bounds:1 [0.000000-1.000000] 124.271901 99596.174861
calculating derivative for 23: 0.040877 bounds:1 [0.000000-1.000000] -5956.526002 99596.174861
calculating derivative for 24: 0.052150 bounds:1 [0.000000-1.000000] -1730.447548 99596.174861
calculating derivative for 25: 0.026286 bounds:1 [0.000000-1.000000] 8045.583672 99596.174861
RUNNING THE L-BFGS-B CODE

	* * *

Machine precision = 2.220446e-16
 N = 26, M = 20
ITERATION 0
calculating derivative for 0: 0.021028 bounds:1 [0.000000-1.000000] 6855.860556 99596.174861
calculating derivative for 1: 0.011332 bounds:1 [0.000000-1.000000] 5654.314737 99596.174861
calculating derivative for 2: 0.005664 bounds:1 [0.000000-1.000000] -5367.783160 99596.174861
calculating derivative for 3: 0.058619 bounds:1 [0.000000-1.000000] 984.655344 99596.174861
calculating derivative for 4: 0.021883 bounds:1 [0.000000-1.000000] -1799.299935 99596.174861
calculating derivative for 5: 0.047285 bounds:1 [0.000000-1.000000] 1080.212678 99596.174861
calculating derivative for 6: 0.035086 bounds:1 [0.000000-1.000000] 1064.025128 99596.174861
calculating derivative for 7: 0.073121 bounds:1 [0.000000-1.000000] -163.361256 99596.174861
calculating derivative for 8: 0.063728 bounds:1 [0.000000-1.000000] 8070.131298 99596.174861
calculating derivative for 9: 0.052327 bounds:1 [0.000000-1.000000] -1469.919516 99596.174861
calculating derivative for 10: 0.077928 bounds:1 [0.000000-1.000000] -1621.867705 99596.174861
calculating derivative for 11: 0.067354 bounds:1 [0.000000-1.000000] -7885.364903 99596.174861
calculating derivative for 12: 0.031167 bounds:1 [0.000000-1.000000] 7724.013994 99596.174861
calculating derivative for 13: 0.003577 bounds:1 [0.000000-1.000000] -1395.802246 99596.174861
calculating derivative for 14: 0.066468 bounds:1 [0.000000-1.000000] -5969.681661 99596.174861
calculating derivative for 15: 0.069929 bounds:1 [0.000000-1.000000] 1102.063834 99596.174861
calculating derivative for 16: 0.030708 bounds:1 [0.000000-1.000000] 801.820715 99596.174861
calculating derivative for 17: 0.016180 bounds:1 [0.000000-1.000000] 7408.284000 99596.174861
calculating derivative for 18: 0.023881 bounds:1 [0.000000-1.000000] 7898.922195 99596.174861
calculating derivative for 19: 0.035447 bounds:1 [0.000000-1.000000] -35.215635 99596.174861
calculating derivative for 20: 0.011213 bounds:1 [0.000000-1.000000] 335.634104 99596.174861
calculating derivative for 21: 0.034509 bounds:1 [0.000000-1.000000] -5352.951848 99596.174861
calculating derivative for 22: 0.022255 bounds:1 [0.000000-1.000000] 124.272628 99596.174861
calculating derivative for 23: 0.040877 bounds:1 [0.000000-1.000000] -5956.526729 99596.174861
calculating derivative for 24: 0.052150 bounds:1 [0.000000-1.000000] -1730.447548 99596.174861
calculating derivative for 25: 0.026286 bounds:1 [0.000000-1.000000] 8045.584400 99596.174861
0.021 0.011 0.006 0.059 0.022 0.047 0.035 0.073 0.064 0.052 0.078 0.067 0.031 0.004 0.066 0.070 0.031 0.016 0.024 0.035 0.011 0.035 0.022 0.041 0.052 0.026 likelihood = 99596.17486058 iter 0
At iteration 0 f=99596.174861	|proj g| = 7.885365e+03
calculating derivative for 0: 0.021026 bounds:1 [0.000000-1.000000] 1345.111377 96810.306855
calculating derivative for 1: 0.011331 bounds:1 [0.000000-1.000000] 1199.384133 96810.306855
calculating derivative for 2: 0.381703 bounds:1 [0.000000-1.000000] -239.729707 96810.306855
calculating derivative for 3: 0.058615 bounds:1 [0.000000-1.000000] 328.367605 96810.306855
calculating derivative for 4: 0.147932 bounds:1 [0.000000-1.000000] 553.061545 96810.306855
calculating derivative for 5: 0.047282 bounds:1 [0.000000-1.000000] 338.543759 96810.306855
calculating derivative for 6: 0.035083 bounds:1 [0.000000-1.000000] 329.748582 96810.306855
calculating derivative for 7: 0.084565 bounds:1 [0.000000-1.000000] 592.694414 96810.306855
calculating derivative for 8: 0.063724 bounds:1 [0.000000-1.000000] 1455.190795 96810.306855
calculating derivative for 9: 0.155302 bounds:1 [0.000000-1.000000] 575.990271 96810.306855
calculating derivative for 10: 0.191548 bounds:1 [0.000000-1.000000] 587.415707 96810.306855
calculating derivative for 11: 0.619761 bounds:1 [0.000000-1.000000] -760.805415 96810.306855
calculating derivative for 12: 0.031165 bounds:1 [0.000000-1.000000] 1416.858868 96810.306855
calculating derivative for 13: 0.101359 bounds:1 [0.000000-1.000000] 612.181611 96810.306855
calculating derivative for 14: 0.484673 bounds:1 [0.000000-1.000000] -276.289211 96810.306855
calculating derivative for 15: 0.069924 bounds:1 [0.000000-1.000000] 352.679490 96810.306855
calculating derivative for 16: 0.030705 bounds:1 [0.000000-1.000000] 316.258229 96810.306855
calculating derivative for 17: 0.016179 bounds:1 [0.000000-1.000000] 1398.109453 96810.306855
calculating derivative for 18: 0.023879 bounds:1 [0.000000-1.000000] 1426.311064 96810.306855
calculating derivative for 19: 0.037914 bounds:1 [0.000000-1.000000] 531.538535 96810.306855
calculating derivative for 20: 0.011212 bounds:1 [0.000000-1.000000] 447.399361 96810.306855
calculating derivative for 21: 0.409508 bounds:1 [0.000000-1.000000] -146.537786 96810.306855
calculating derivative for 22: 0.022254 bounds:1 [0.000000-1.000000] 687.869033 96810.306855
calculating derivative for 23: 0.458160 bounds:1 [0.000000-1.000000] -286.668364 96810.306855
calculating derivative for 24: 0.173376 bounds:1 [0.000000-1.000000] 558.679312 96810.306855
calculating derivative for 25: 0.026284 bounds:1 [0.000000-1.000000] 1458.604675 96810.306855
0.021 0.011 0.382 0.059 0.148 0.047 0.035 0.085 0.064 0.155 0.192 0.620 0.031 0.101 0.485 0.070 0.031 0.016 0.024 0.038 0.011 0.410 0.022 0.458 0.173 0.026 likelihood = 96810.30685481 iter 1
calculating derivative for 0: 0.000000 bounds:1 [0.000000-1.000000] 972.268754 96474.324223
calculating derivative for 1: 0.000000 bounds:1 [0.000000-1.000000] 889.231160 96474.324223
calculating derivative for 2: 0.370234 bounds:1 [0.000000-1.000000] -120.000914 96474.324223
calculating derivative for 3: 0.049252 bounds:1 [0.000000-1.000000] 443.449244 96474.324223
calculating derivative for 4: 0.124053 bounds:1 [0.000000-1.000000] 690.111483 96474.324223
calculating derivative for 5: 0.037697 bounds:1 [0.000000-1.000000] 454.260589 96474.324223
calculating derivative for 6: 0.025759 bounds:1 [0.000000-1.000000] 445.727346 96474.324223
calculating derivative for 7: 0.065238 bounds:1 [0.000000-1.000000] 664.999970 96474.324223
calculating derivative for 8: 0.026084 bounds:1 [0.000000-1.000000] 1012.255962 96474.324223
calculating derivative for 9: 0.131866 bounds:1 [0.000000-1.000000] 723.179255 96474.324223
calculating derivative for 10: 0.167211 bounds:1 [0.000000-1.000000] 731.615000 96474.324223
calculating derivative for 11: 0.615839 bounds:1 [0.000000-1.000000] -710.137101 96474.324223
calculating derivative for 12: 0.000000 bounds:1 [0.000000-1.000000] 984.784856 96474.324223
calculating derivative for 13: 0.077042 bounds:1 [0.000000-1.000000] 736.754009 96474.324223
calculating derivative for 14: 0.472224 bounds:1 [0.000000-1.000000] -149.780681 96474.324223
calculating derivative for 15: 0.059914 bounds:1 [0.000000-1.000000] 472.602551 96474.324223
calculating derivative for 16: 0.021536 bounds:1 [0.000000-1.000000] 432.591332 96474.324223
calculating derivative for 17: 0.000000 bounds:1 [0.000000-1.000000] 999.048643 96474.324223
calculating derivative for 18: 0.000000 bounds:1 [0.000000-1.000000] 983.533391 96474.324223
calculating derivative for 19: 0.020976 bounds:1 [0.000000-1.000000] 620.821811 96474.324223
calculating derivative for 20: 0.000000 bounds:1 [0.000000-1.000000] 530.268881 96474.324223
calculating derivative for 21: 0.395144 bounds:1 [0.000000-1.000000] -21.093729 96474.324223
calculating derivative for 22: 0.000625 bounds:1 [0.000000-1.000000] 734.331115 96474.324223
calculating derivative for 23: 0.446086 bounds:1 [0.000000-1.000000] -164.539233 96474.324223
calculating derivative for 24: 0.149563 bounds:1 [0.000000-1.000000] 688.264845 96474.324223
calculating derivative for 25: 0.000000 bounds:1 [0.000000-1.000000] 1014.547888 96474.324223
0.000 0.000 0.370 0.049 0.124 0.038 0.026 0.065 0.026 0.132 0.167 0.616 0.000 0.077 0.472 0.060 0.022 0.000 0.000 0.021 0.000 0.395 0.001 0.446 0.150 0.000 likelihood = 96474.32422274 iter 2
calculating derivative for 0: 0.000000 bounds:1 [0.000000-1.000000] 867.682684 96226.571152
calculating derivative for 1: 0.000000 bounds:1 [0.000000-1.000000] 793.694926 96226.571152
calculating derivative for 2: 0.389459 bounds:1 [0.000000-1.000000] -13.935642 96226.571152
calculating derivative for 3: 0.031080 bounds:1 [0.000000-1.000000] 386.349711 96226.571152
calculating derivative for 4: 0.095020 bounds:1 [0.000000-1.000000] 679.217192 96226.571152
calculating derivative for 5: 0.019103 bounds:1 [0.000000-1.000000] 392.355287 96226.571152
calculating derivative for 6: 0.007607 bounds:1 [0.000000-1.000000] 383.709994 96226.571152
calculating derivative for 7: 0.032626 bounds:1 [0.000000-1.000000] 627.592090 96226.571152
calculating derivative for 8: 0.000000 bounds:1 [0.000000-1.000000] 892.106618 96226.571152
calculating derivative for 9: 0.100908 bounds:1 [0.000000-1.000000] 712.231849 96226.571152
calculating derivative for 10: 0.135939 bounds:1 [0.000000-1.000000] 723.304402 96226.571152
calculating derivative for 11: 0.668070 bounds:1 [0.000000-1.000000] -621.439540 96226.571152
calculating derivative for 12: 0.000000 bounds:1 [0.000000-1.000000] 869.504584 96226.571152
calculating derivative for 13: 0.044434 bounds:1 [0.000000-1.000000] 722.205732 96226.571152
calculating derivative for 14: 0.494237 bounds:1 [0.000000-1.000000] -17.672573 96226.571152
calculating derivative for 15: 0.040523 bounds:1 [0.000000-1.000000] 416.044350 96226.571152
calculating derivative for 16: 0.003735 bounds:1 [0.000000-1.000000] 380.100391 96226.571152
calculating derivative for 17: 0.000000 bounds:1 [0.000000-1.000000] 897.111022 96226.571152
calculating derivative for 18: 0.000000 bounds:1 [0.000000-1.000000] 866.773189 96226.571152
calculating derivative for 19: 0.000000 bounds:1 [0.000000-1.000000] 579.813786 96226.571152
calculating derivative for 20: 0.000000 bounds:1 [0.000000-1.000000] 478.261791 96226.571152
calculating derivative for 21: 0.409276 bounds:1 [0.000000-1.000000] 87.438093 96226.571152
calculating derivative for 22: 0.000000 bounds:1 [0.000000-1.000000] 705.446291 96226.571152
calculating derivative for 23: 0.468709 bounds:1 [0.000000-1.000000] -34.936966 96226.571152
calculating derivative for 24: 0.120253 bounds:1 [0.000000-1.000000] 682.909013 96226.571152
calculating derivative for 25: 0.000000 bounds:1 [0.000000-1.000000] 892.514072 96226.571152
0.000 0.000 0.389 0.031 0.095 0.019 0.008 0.033 0.000 0.101 0.136 0.668 0.000 0.044 0.494 0.041 0.004 0.000 0.000 0.000 0.000 0.409 0.000 0.469 0.120 0.000 likelihood = 96226.57115228 iter 3
calculating derivative for 0: 0.000000 bounds:1 [0.000000-1.000000] 779.287075 95818.455211
calculating derivative for 1: 0.000000 bounds:1 [0.000000-1.000000] 662.145612 95818.455211
calculating derivative for 2: 0.434956 bounds:1 [0.000000-1.000000] 190.872379 95818.455211
calculating derivative for 3: 0.000000 bounds:1 [0.000000-1.000000] 385.475869 95818.455211
calculating derivative for 4: 0.000000 bounds:1 [0.000000-1.000000] 170.471321 95818.455211
calculating derivative for 5: 0.000000 bounds:1 [0.000000-1.000000] 373.745570 95818.455211
calculating derivative for 6: 0.000000 bounds:1 [0.000000-1.000000] 373.394869 95818.455211
calculating derivative for 7: 0.000000 bounds:1 [0.000000-1.000000] 276.100764 95818.455211
calculating derivative for 8: 0.000000 bounds:1 [0.000000-1.000000] 852.644735 95818.455211
calculating derivative for 9: 0.000000 bounds:1 [0.000000-1.000000] 234.962499 95818.455211
calculating derivative for 10: 0.000000 bounds:1 [0.000000-1.000000] 212.906161 95818.455211
calculating derivative for 11: 0.895312 bounds:1 [0.000000-1.000000] -458.455906 95818.455211
calculating derivative for 12: 0.000000 bounds:1 [0.000000-1.000000] 818.578701 95818.455211
calculating derivative for 13: 0.000000 bounds:1 [0.000000-1.000000] 226.231350 95818.455211
calculating derivative for 14: 0.542146 bounds:1 [0.000000-1.000000] 230.776641 95818.455211
calculating derivative for 15: 0.000000 bounds:1 [0.000000-1.000000] 397.888653 95818.455211
calculating derivative for 16: 0.000000 bounds:1 [0.000000-1.000000] 393.173832 95818.455211
calculating derivative for 17: 0.000000 bounds:1 [0.000000-1.000000] 857.538544 95818.455211
calculating derivative for 18: 0.000000 bounds:1 [0.000000-1.000000] 826.263567 95818.455211
calculating derivative for 19: 0.000000 bounds:1 [0.000000-1.000000] 320.527761 95818.455211
calculating derivative for 20: 0.000000 bounds:1 [0.000000-1.000000] 322.547567 95818.455211
calculating derivative for 21: 0.426723 bounds:1 [0.000000-1.000000] 211.912266 95818.455211
calculating derivative for 22: 0.000000 bounds:1 [0.000000-1.000000] 346.382149 95818.455211
calculating derivative for 23: 0.521102 bounds:1 [0.000000-1.000000] 214.946340 95818.455211
calculating derivative for 24: 0.000000 bounds:1 [0.000000-1.000000] 209.656719 95818.455211
calculating derivative for 25: 0.000000 bounds:1 [0.000000-1.000000] 847.209594 95818.455211
0.000 0.000 0.435 0.000 0.000 0.000 0.000 0.000 0.000 0.000 0.000 0.895 0.000 0.000 0.542 0.000 0.000 0.000 0.000 0.000 0.000 0.427 0.000 0.521 0.000 0.000 likelihood = 95818.45521104 iter 4
calculating derivative for 0: 0.000000 bounds:1 [0.000000-1.000000] 804.247975 95738.505743
calculating derivative for 1: 0.000000 bounds:1 [0.000000-1.000000] 689.239823 95738.505743
calculating derivative for 2: 0.411154 bounds:1 [0.000000-1.000000] 206.248660 95738.505743
calculating derivative for 3: 0.000000 bounds:1 [0.000000-1.000000] 388.224726 95738.505743
calculating derivative for 4: 0.000000 bounds:1 [0.000000-1.000000] 206.143886 95738.505743
calculating derivative for 5: 0.000000 bounds:1 [0.000000-1.000000] 376.837852 95738.505743
calculating derivative for 6: 0.000000 bounds:1 [0.000000-1.000000] 376.404205 95738.505743
calculating derivative for 7: 0.000000 bounds:1 [0.000000-1.000000] 305.552385 95738.505743
calculating derivative for 8: 0.000000 bounds:1 [0.000000-1.000000] 876.359991 95738.505743
calculating derivative for 9: 0.000000 bounds:1 [0.000000-1.000000] 268.526492 95738.505743
calculating derivative for 10: 0.000000 bounds:1 [0.000000-1.000000] 248.420110 95738.505743
calculating derivative for 11: 1.023320 bounds:1 [0.000000-1.000000] -405.611354 95738.505743
calculating derivative for 12: 0.000000 bounds:1 [0.000000-1.000000] 842.406007 95738.505743
calculating derivative for 13: 0.000000 bounds:1 [0.000000-1.000000] 261.995592 95738.505743
calculating derivative for 14: 0.512997 bounds:1 [0.000000-1.000000] 245.808769 95738.505743
calculating derivative for 15: 0.000000 bounds:1 [0.000000-1.000000] 402.056321 95738.505743
calculating derivative for 16: 0.000000 bounds:1 [0.000000-1.000000] 396.827818 95738.505743
calculating derivative for 17: 0.000000 bounds:1 [0.000000-1.000000] 881.870801 95738.505743
calculating derivative for 18: 0.000000 bounds:1 [0.000000-1.000000] 850.416836 95738.505743
calculating derivative for 19: 0.000000 bounds:1 [0.000000-1.000000] 344.436557 95738.505743
calculating derivative for 20: 0.000000 bounds:1 [0.000000-1.000000] 341.389386 95738.505743
calculating derivative for 21: 0.393542 bounds:1 [0.000000-1.000000] 229.830766 95738.505743
calculating derivative for 22: 0.000000 bounds:1 [0.000000-1.000000] 376.862590 95738.505743
calculating derivative for 23: 0.495598 bounds:1 [0.000000-1.000000] 229.306897 95738.505743
calculating derivative for 24: 0.000000 bounds:1 [0.000000-1.000000] 244.981493 95738.505743
calculating derivative for 25: 0.000000 bounds:1 [0.000000-1.000000] 871.389057 95738.505743
0.000 0.000 0.411 0.000 0.000 0.000 0.000 0.000 0.000 0.000 0.000 1.023 0.000 0.000 0.513 0.000 0.000 0.000 0.000 0.000 0.000 0.394 0.000 0.496 0.000 0.000 likelihood = 95738.50574296 iter 5
calculating derivative for 0: 0.000000 bounds:1 [0.000000-1.000000] 859.342981 95466.219136
calculating derivative for 1: 0.000000 bounds:1 [0.000000-1.000000] 752.168125 95466.219136
calculating derivative for 2: 0.315947 bounds:1 [0.000000-1.000000] 238.202483 95466.219136
calculating derivative for 3: 0.000000 bounds:1 [0.000000-1.000000] 370.322959 95466.219136
calculating derivative for 4: 0.000000 bounds:1 [0.000000-1.000000] 310.965697 95466.219136
calculating derivative for 5: 0.000000 bounds:1 [0.000000-1.000000] 361.527782 95466.219136
calculating derivative for 6: 0.000000 bounds:1 [0.000000-1.000000] 360.354898 95466.219136
calculating derivative for 7: 0.000000 bounds:1 [0.000000-1.000000] 383.908628 95466.219136
calculating derivative for 8: 0.000000 bounds:1 [0.000000-1.000000] 923.773041 95466.219136
calculating derivative for 9: 0.000000 bounds:1 [0.000000-1.000000] 364.154403 95466.219136
calculating derivative for 10: 0.000000 bounds:1 [0.000000-1.000000] 352.277129 95466.219136
calculating derivative for 11: 1.535353 bounds:1 [0.000000-1.000000] -232.696038 95466.219136
calculating derivative for 12: 0.000000 bounds:1 [0.000000-1.000000] 892.113894 95466.219136
calculating derivative for 13: 0.000000 bounds:1 [0.000000-1.000000] 364.099105 95466.219136
calculating derivative for 14: 0.396400 bounds:1 [0.000000-1.000000] 276.850187 95466.219136
calculating derivative for 15: 0.000000 bounds:1 [0.000000-1.000000] 387.449109 95466.219136
calculating derivative for 16: 0.000000 bounds:1 [0.000000-1.000000] 382.342841 95466.219136
calculating derivative for 17: 0.000000 bounds:1 [0.000000-1.000000] 932.044350 95466.219136
calculating derivative for 18: 0.000000 bounds:1 [0.000000-1.000000] 899.904990 95466.219136
calculating derivative for 19: 0.000000 bounds:1 [0.000000-1.000000] 404.380262 95466.219136
calculating derivative for 20: 0.000000 bounds:1 [0.000000-1.000000] 382.825965 95466.219136
calculating derivative for 21: 0.260817 bounds:1 [0.000000-1.000000] 271.636964 95466.219136
calculating derivative for 22: 0.000000 bounds:1 [0.000000-1.000000] 461.004674 95466.219136
calculating derivative for 23: 0.393585 bounds:1 [0.000000-1.000000] 258.129148 95466.219136
calculating derivative for 24: 0.000000 bounds:1 [0.000000-1.000000] 347.015157 95466.219136
calculating derivative for 25: 0.000000 bounds:1 [0.000000-1.000000] 920.596358 95466.219136
0.000 0.000 0.316 0.000 0.000 0.000 0.000 0.000 0.000 0.000 0.000 1.535 0.000 0.000 0.396 0.000 0.000 0.000 0.000 0.000 0.000 0.261 0.000 0.394 0.000 0.000 likelihood = 95466.21913637 iter 6
calculating derivative for 0: 0.000000 bounds:1 [0.000000-1.000000] 651.204027 95037.302623
calculating derivative for 1: 0.000000 bounds:1 [0.000000-1.000000] 582.321081 95037.302623
calculating derivative for 2: 0.000000 bounds:1 [0.000000-1.000000] 93.843846 95037.302623
calculating derivative for 3: 0.000000 bounds:1 [0.000000-1.000000] 65.795030 95037.302623
calculating derivative for 4: 0.000000 bounds:1 [0.000000-1.000000] 355.792872 95037.302623
calculating derivative for 5: 0.000000 bounds:1 [0.000000-1.000000] 64.649794 95037.302623
calculating derivative for 6: 0.000000 bounds:1 [0.000000-1.000000] 60.292950 95037.302623
calculating derivative for 7: 0.000000 bounds:1 [0.000000-1.000000] 340.392580 95037.302623
calculating derivative for 8: 0.000000 bounds:1 [0.000000-1.000000] 678.616925 95037.302623
calculating derivative for 9: 0.000000 bounds:1 [0.000000-1.000000] 378.522964 95037.302623
calculating derivative for 10: 0.000000 bounds:1 [0.000000-1.000000] 391.417416 95037.302623
calculating derivative for 11: 3.210743 bounds:1 [0.000000-1.000000] -0.854925 95037.302623
calculating derivative for 12: 0.000000 bounds:1 [0.000000-1.000000] 662.363891 95037.302623
calculating derivative for 13: 0.000000 bounds:1 [0.000000-1.000000] 396.257383 95037.302623
calculating derivative for 14: 0.000000 bounds:1 [0.000000-1.000000] 130.532135 95037.302623
calculating derivative for 15: 0.000000 bounds:1 [0.000000-1.000000] 93.887502 95037.302623
calculating derivative for 16: 0.000000 bounds:1 [0.000000-1.000000] 91.029506 95037.302623
calculating derivative for 17: 0.000000 bounds:1 [0.000000-1.000000] 705.811544 95037.302623
calculating derivative for 18: 0.000000 bounds:1 [0.000000-1.000000] 662.333332 95037.302623
calculating derivative for 19: 0.000000 bounds:1 [0.000000-1.000000] 315.913348 95037.302623
calculating derivative for 20: 0.000000 bounds:1 [0.000000-1.000000] 247.389835 95037.302623
calculating derivative for 21: 0.000000 bounds:1 [0.000000-1.000000] 179.345079 95037.302623
calculating derivative for 22: 0.000000 bounds:1 [0.000000-1.000000] 429.582724 95037.302623
calculating derivative for 23: 0.026223 bounds:1 [0.000000-1.000000] 104.327046 95037.302623
calculating derivative for 24: 0.000000 bounds:1 [0.000000-1.000000] 381.944119 95037.302623
calculating derivative for 25: 0.000000 bounds:1 [0.000000-1.000000] 680.715311 95037.302623
0.000 0.000 0.000 0.000 0.000 0.000 0.000 0.000 0.000 0.000 0.000 3.211 0.000 0.000 0.000 0.000 0.000 0.000 0.000 0.000 0.000 0.000 0.000 0.026 0.000 0.000 likelihood = 95037.30262340 iter 7
calculating derivative for 0: 0.000000 bounds:1 [0.000000-1.000000] 643.037492 95034.662472
calculating derivative for 1: 0.000000 bounds:1 [0.000000-1.000000] 575.296872 95034.662472
calculating derivative for 2: 0.000000 bounds:1 [0.000000-1.000000] 88.918023 95034.662472
calculating derivative for 3: 0.000000 bounds:1 [0.000000-1.000000] 58.340083 95034.662472
calculating derivative for 4: 0.000000 bounds:1 [0.000000-1.000000] 354.582153 95034.662472
calculating derivative for 5: 0.000000 bounds:1 [0.000000-1.000000] 57.369471 95034.662472
calculating derivative for 6: 0.000000 bounds:1 [0.000000-1.000000] 53.062104 95034.662472
calculating derivative for 7: 0.000000 bounds:1 [0.000000-1.000000] 337.640813 95034.662472
calculating derivative for 8: 0.000000 bounds:1 [0.000000-1.000000] 669.130532 95034.662472
calculating derivative for 9: 0.000000 bounds:1 [0.000000-1.000000] 376.639946 95034.662472
calculating derivative for 10: 0.000000 bounds:1 [0.000000-1.000000] 390.186324 95034.662472
calculating derivative for 11: 3.242399 bounds:1 [0.000000-1.000000] 0.000728 95034.662472
calculating derivative for 12: 0.000000 bounds:1 [0.000000-1.000000] 653.626921 95034.662472
calculating derivative for 13: 0.000000 bounds:1 [0.000000-1.000000] 394.585368 95034.662472
calculating derivative for 14: 0.000000 bounds:1 [0.000000-1.000000] 125.686347 95034.662472
calculating derivative for 15: 0.000000 bounds:1 [0.000000-1.000000] 86.748332 95034.662472
calculating derivative for 16: 0.000000 bounds:1 [0.000000-1.000000] 83.926716 95034.662472
calculating derivative for 17: 0.000000 bounds:1 [0.000000-1.000000] 696.886855 95034.662472
calculating derivative for 18: 0.000000 bounds:1 [0.000000-1.000000] 653.222378 95034.662472
calculating derivative for 19: 0.000000 bounds:1 [0.000000-1.000000] 312.595512 95034.662472
calculating derivative for 20: 0.000000 bounds:1 [0.000000-1.000000] 243.223622 95034.662472
calculating derivative for 21: 0.000000 bounds:1 [0.000000-1.000000] 175.504829 95034.662472
calculating derivative for 22: 0.000000 bounds:1 [0.000000-1.000000] 426.628685 95034.662472
calculating derivative for 23: 0.000000 bounds:1 [0.000000-1.000000] 96.156145 95034.662472
calculating derivative for 24: 0.000000 bounds:1 [0.000000-1.000000] 380.414713 95034.662472
calculating derivative for 25: 0.000000 bounds:1 [0.000000-1.000000] 671.538874 95034.662472
0.000 0.000 0.000 0.000 0.000 0.000 0.000 0.000 0.000 0.000 0.000 3.242 0.000 0.000 0.000 0.000 0.000 0.000 0.000 0.000 0.000 0.000 0.000 0.000 0.000 0.000 likelihood = 95034.66247246 iter 8
calculating derivative for 0: 0.000000 bounds:1 [0.000000-1.000000] 643.033127 95034.662472
calculating derivative for 1: 0.000000 bounds:1 [0.000000-1.000000] 575.293961 95034.662472
calculating derivative for 2: 0.000000 bounds:1 [0.000000-1.000000] 88.915112 95034.662472
calculating derivative for 3: 0.000000 bounds:1 [0.000000-1.000000] 58.340083 95034.662472
calculating derivative for 4: 0.000000 bounds:1 [0.000000-1.000000] 354.580698 95034.662472
calculating derivative for 5: 0.000000 bounds:1 [0.000000-1.000000] 57.366560 95034.662472
calculating derivative for 6: 0.000000 bounds:1 [0.000000-1.000000] 53.059193 95034.662472
calculating derivative for 7: 0.000000 bounds:1 [0.000000-1.000000] 337.639358 95034.662472
calculating derivative for 8: 0.000000 bounds:1 [0.000000-1.000000] 669.129076 95034.662472
calculating derivative for 9: 0.000000 bounds:1 [0.000000-1.000000] 376.638491 95034.662472
calculating derivative for 10: 0.000000 bounds:1 [0.000000-1.000000] 390.184869 95034.662472
calculating derivative for 11: 3.242398 bounds:1 [0.000000-1.000000] 0.000000 95034.662472
calculating derivative for 12: 0.000000 bounds:1 [0.000000-1.000000] 653.625466 95034.662472
calculating derivative for 13: 0.000000 bounds:1 [0.000000-1.000000] 394.583913 95034.662472
calculating derivative for 14: 0.000000 bounds:1 [0.000000-1.000000] 125.684892 95034.662472
calculating derivative for 15: 0.000000 bounds:1 [0.000000-1.000000] 86.743967 95034.662472
calculating derivative for 16: 0.000000 bounds:1 [0.000000-1.000000] 83.925261 95034.662472
calculating derivative for 17: 0.000000 bounds:1 [0.000000-1.000000] 696.885400 95034.662472
calculating derivative for 18: 0.000000 bounds:1 [0.000000-1.000000] 653.220923 95034.662472
calculating derivative for 19: 0.000000 bounds:1 [0.000000-1.000000] 312.594057 95034.662472
calculating derivative for 20: 0.000000 bounds:1 [0.000000-1.000000] 243.217801 95034.662472
calculating derivative for 21: 0.000000 bounds:1 [0.000000-1.000000] 175.506284 95034.662472
calculating derivative for 22: 0.000000 bounds:1 [0.000000-1.000000] 426.627230 95034.662472
calculating derivative for 23: 0.000000 bounds:1 [0.000000-1.000000] 96.153235 95034.662472
calculating derivative for 24: 0.000000 bounds:1 [0.000000-1.000000] 380.413258 95034.662472
calculating derivative for 25: 0.000000 bounds:1 [0.000000-1.000000] 671.533053 95034.662472
0.000 0.000 0.000 0.000 0.000 0.000 0.000 0.000 0.000 0.000 0.000 3.242 0.000 0.000 0.000 0.000 0.000 0.000 0.000 0.000 0.000 0.000 0.000 0.000 0.000 0.000 likelihood = 95034.66247246 iter 9
calculating derivative for 0: 0.000000 bounds:1 [0.000000-1.000000] 643.034582 95034.662472
calculating derivative for 1: 0.000000 bounds:1 [0.000000-1.000000] 575.293961 95034.662472
calculating derivative for 2: 0.000000 bounds:1 [0.000000-1.000000] 88.918023 95034.662472
calculating derivative for 3: 0.000000 bounds:1 [0.000000-1.000000] 58.340083 95034.662472
calculating derivative for 4: 0.000000 bounds:1 [0.000000-1.000000] 354.580698 95034.662472
calculating derivative for 5: 0.000000 bounds:1 [0.000000-1.000000] 57.368015 95034.662472
calculating derivative for 6: 0.000000 bounds:1 [0.000000-1.000000] 53.057738 95034.662472
calculating derivative for 7: 0.000000 bounds:1 [0.000000-1.000000] 337.639358 95034.662472
calculating derivative for 8: 0.000000 bounds:1 [0.000000-1.000000] 669.129076 95034.662472
calculating derivative for 9: 0.000000 bounds:1 [0.000000-1.000000] 376.637036 95034.662472
calculating derivative for 10: 0.000000 bounds:1 [0.000000-1.000000] 390.183413 95034.662472
calculating derivative for 11: 3.242399 bounds:1 [0.000000-1.000000] 0.000000 95034.662472
calculating derivative for 12: 0.000000 bounds:1 [0.000000-1.000000] 653.626921 95034.662472
calculating derivative for 13: 0.000000 bounds:1 [0.000000-1.000000] 394.585368 95034.662472
calculating derivative for 14: 0.000000 bounds:1 [0.000000-1.000000] 125.686347 95034.662472
calculating derivative for 15: 0.000000 bounds:1 [0.000000-1.000000] 86.748332 95034.662472
calculating derivative for 16: 0.000000 bounds:1 [0.000000-1.000000] 83.925261 95034.662472
calculating derivative for 17: 0.000000 bounds:1 [0.000000-1.000000] 696.885400 95034.662472
calculating derivative for 18: 0.000000 bounds:1 [0.000000-1.000000] 653.220923 95034.662472
calculating derivative for 19: 0.000000 bounds:1 [0.000000-1.000000] 312.595512 95034.662472
calculating derivative for 20: 0.000000 bounds:1 [0.000000-1.000000] 243.220711 95034.662472
calculating derivative for 21: 0.000000 bounds:1 [0.000000-1.000000] 175.504829 95034.662472
calculating derivative for 22: 0.000000 bounds:1 [0.000000-1.000000] 426.627230 95034.662472
calculating derivative for 23: 0.000000 bounds:1 [0.000000-1.000000] 96.153235 95034.662472
calculating derivative for 24: 0.000000 bounds:1 [0.000000-1.000000] 380.413258 95034.662472
calculating derivative for 25: 0.000000 bounds:1 [0.000000-1.000000] 671.537418 95034.662472
0.000 0.000 0.000 0.000 0.000 0.000 0.000 0.000 0.000 0.000 0.000 3.242 0.000 0.000 0.000 0.000 0.000 0.000 0.000 0.000 0.000 0.000 0.000 0.000 0.000 0.000 likelihood = 95034.66247246 iter 10
prevld 95034.662472 current 95034.662472 delta 0.000000 
derivative for 0: 0.000000 bounds:1 [0.000000-1.000000] 643.034582 95034.662472
derivative for 1: 0.000000 bounds:1 [0.000000-1.000000] 575.293961 95034.662472
derivative for 2: 0.000000 bounds:1 [0.000000-1.000000] 88.918023 95034.662472
derivative for 3: 0.000000 bounds:1 [0.000000-1.000000] 58.340083 95034.662472
derivative for 4: 0.000000 bounds:1 [0.000000-1.000000] 354.580698 95034.662472
derivative for 5: 0.000000 bounds:1 [0.000000-1.000000] 57.368015 95034.662472
derivative for 6: 0.000000 bounds:1 [0.000000-1.000000] 53.057738 95034.662472
derivative for 7: 0.000000 bounds:1 [0.000000-1.000000] 337.639358 95034.662472
derivative for 8: 0.000000 bounds:1 [0.000000-1.000000] 669.129076 95034.662472
derivative for 9: 0.000000 bounds:1 [0.000000-1.000000] 376.637036 95034.662472
derivative for 10: 0.000000 bounds:1 [0.000000-1.000000] 390.183413 95034.662472
derivative for 11: 3.242399 bounds:1 [0.000000-1.000000] 0.000000 95034.662472
derivative for 12: 0.000000 bounds:1 [0.000000-1.000000] 653.626921 95034.662472
derivative for 13: 0.000000 bounds:1 [0.000000-1.000000] 394.585368 95034.662472
derivative for 14: 0.000000 bounds:1 [0.000000-1.000000] 125.686347 95034.662472
derivative for 15: 0.000000 bounds:1 [0.000000-1.000000] 86.748332 95034.662472
derivative for 16: 0.000000 bounds:1 [0.000000-1.000000] 83.925261 95034.662472
derivative for 17: 0.000000 bounds:1 [0.000000-1.000000] 696.885400 95034.662472
derivative for 18: 0.000000 bounds:1 [0.000000-1.000000] 653.220923 95034.662472
derivative for 19: 0.000000 bounds:1 [0.000000-1.000000] 312.595512 95034.662472
derivative for 20: 0.000000 bounds:1 [0.000000-1.000000] 243.220711 95034.662472
derivative for 21: 0.000000 bounds:1 [0.000000-1.000000] 175.504829 95034.662472
derivative for 22: 0.000000 bounds:1 [0.000000-1.000000] 426.627230 95034.662472
derivative for 23: 0.000000 bounds:1 [0.000000-1.000000] 96.153235 95034.662472
derivative for 24: 0.000000 bounds:1 [0.000000-1.000000] 380.413258 95034.662472
derivative for 25: 0.000000 bounds:1 [0.000000-1.000000] 671.537418 95034.662472


final maxval -95034.662472 ADMIX_PROP ACB:0.0000 ASW:0.0000 BEB:0.0000 CDX:0.0000 CEU:0.0000 CHB:0.0000 CHS:0.0000 CLM:0.0000 ESN:0.0000 FIN:0.0000 GBR:0.0000 GIH:1.0000 GWD:0.0000 IBS:0.0000 ITU:0.0000 JPT:0.0000 KHV:0.0000 LWK:0.0000 MSL:0.0000 MXL:0.0000 PEL:0.0000 PJL:0.0000 PUR:0.0000 STU:0.0000 TSI:0.0000 YRI:0.0000 
GIH:1.0000 FINAL_NZ_PROPS
